Using pre-set license
Built from '2020.2/release' branch; Version is '2020.2.4f1 (becced5a802b) revision 12504301'; Using compiler version '192528614'; Build Type 'Release'
OS: 'Windows 10 Home; OS build 19043.1348; Version 2009; 64bit' Language: 'en' Physical Memory: 16317 MB
BatchMode: 1, IsHumanControllingUs: 0, StartBugReporterOnCrash: 0, Is64bit: 1, IsPro: 0

 COMMAND LINE ARGUMENTS:
C:\Program Files\Unity\Hub\Editor\2020.2.4f1\Editor\Unity.exe
-adb2
-batchMode
-noUpm
-name
AssetImportWorker0
-projectPath
D:/Unity Projects/TeachingProjects/EricLGeekEduProject/EricLuGeekEduProject
-logFile
Logs/AssetImportWorker0.log
-srvPort
49678
Successfully changed project path to: D:/Unity Projects/TeachingProjects/EricLGeekEduProject/EricLuGeekEduProject
D:/Unity Projects/TeachingProjects/EricLGeekEduProject/EricLuGeekEduProject
Using Asset Import Pipeline V2.
Refreshing native plugins compatible for Editor in 34.98 ms, found 1 plugins.
Preloading 0 native plugins for Editor in 0.00 ms.
Initialize engine version: 2020.2.4f1 (becced5a802b)
[Subsystems] Discovering subsystems at path C:/Program Files/Unity/Hub/Editor/2020.2.4f1/Editor/Data/Resources/UnitySubsystems
[Subsystems] Discovering subsystems at path D:/Unity Projects/TeachingProjects/EricLGeekEduProject/EricLuGeekEduProject/Assets
GfxDevice: creating device client; threaded=0
Direct3D:
    Version:  Direct3D 11.0 [level 11.1]
    Renderer: NVIDIA GeForce RTX 2060 SUPER (ID=0x1f06)
    Vendor:   
    VRAM:     8031 MB
    Driver:   30.0.14.7196
Initialize mono
Mono path[0] = 'C:/Program Files/Unity/Hub/Editor/2020.2.4f1/Editor/Data/Managed'
Mono path[1] = 'C:/Program Files/Unity/Hub/Editor/2020.2.4f1/Editor/Data/MonoBleedingEdge/lib/mono/unityjit'
Mono config path = 'C:/Program Files/Unity/Hub/Editor/2020.2.4f1/Editor/Data/MonoBleedingEdge/etc'
Using monoOptions --debugger-agent=transport=dt_socket,embedding=1,server=y,suspend=n,address=127.0.0.1:56128
Begin MonoManager ReloadAssembly
Registering precompiled unity dll's ...
Register platform support module: C:/Program Files/Unity/Hub/Editor/2020.2.4f1/Editor/Data/PlaybackEngines/WebGLSupport/UnityEditor.WebGL.Extensions.dll
Register platform support module: C:/Program Files/Unity/Hub/Editor/2020.2.4f1/Editor/Data/PlaybackEngines/WindowsStandaloneSupport/UnityEditor.WindowsStandalone.Extensions.dll
Registered in 0.002761 seconds.
Native extension for WindowsStandalone target not found
Native extension for WebGL target not found
Refreshing native plugins compatible for Editor in 36.71 ms, found 1 plugins.
Preloading 0 native plugins for Editor in 0.00 ms.
Invoked RoslynAnalysisRunner static constructor.
RoslynAnalysisRunner will not be running.
RoslynAnalysisRunner has terminated.
Mono: successfully reloaded assembly
- Completed reload, in  2.032 seconds
Platform modules already initialized, skipping
Registering precompiled user dll's ...
Registered in 0.000640 seconds.
Begin MonoManager ReloadAssembly
Native extension for WindowsStandalone target not found
Native extension for WebGL target not found
Refreshing native plugins compatible for Editor in 32.93 ms, found 1 plugins.
Preloading 0 native plugins for Editor in 0.00 ms.
Invoked RoslynAnalysisRunner static constructor.
RoslynAnalysisRunner will not be running.
RoslynAnalysisRunner has terminated.
Mono: successfully reloaded assembly
- Completed reload, in  0.857 seconds
Platform modules already initialized, skipping
========================================================================
Worker process is ready to serve import requests
Launched and connected shader compiler UnityShaderCompiler.exe after 0.05 seconds
Refreshing native plugins compatible for Editor in 0.65 ms, found 1 plugins.
Preloading 0 native plugins for Editor in 0.00 ms.
Unloading 1802 Unused Serialized files (Serialized files now loaded: 0)
System memory in use before: 85.1 MB.
System memory in use after: 85.1 MB.

Unloading 24 unused Assets to reduce memory usage. Loaded Objects now: 2245.
Total: 4.966700 ms (FindLiveObjects: 0.426900 ms CreateObjectMapping: 0.060100 ms MarkObjects: 4.248100 ms  DeleteObjects: 0.230000 ms)

========================================================================
Received Import Request.
  path: Assets/Scenes/LoseScene.unity
  artifactKey: Guid(1d2d5443288365844b3cfcc034a68b04) Importer(815301076,1909f56bfc062723c751e8b465ee728b)
Start importing Assets/Scenes/LoseScene.unity using Guid(1d2d5443288365844b3cfcc034a68b04) Importer(815301076,1909f56bfc062723c751e8b465ee728b)  -> (artifact id: '417181316c6f6199969463d451d817ea') in 0.016874 seconds
  Import took 0.019776 seconds .

========================================================================
Received Import Request.
  Time since last request: 10.621780 seconds.
  path: Assets/Scenes/Asteroids.unity
  artifactKey: Guid(9d3a9e2ed2a31cd4a8caaed629230085) Importer(815301076,1909f56bfc062723c751e8b465ee728b)
Start importing Assets/Scenes/Asteroids.unity using Guid(9d3a9e2ed2a31cd4a8caaed629230085) Importer(815301076,1909f56bfc062723c751e8b465ee728b)  -> (artifact id: 'b7cd06acd669e7348085880b9c11606e') in 0.010604 seconds
  Import took 0.014023 seconds .

========================================================================
Received Import Request.
  Time since last request: 26.883725 seconds.
  path: Assets/Asteroids
  artifactKey: Guid(fc40d51c672f2a04cb2f840e90ef1477) Importer(815301076,1909f56bfc062723c751e8b465ee728b)
Start importing Assets/Asteroids using Guid(fc40d51c672f2a04cb2f840e90ef1477) Importer(815301076,1909f56bfc062723c751e8b465ee728b)  -> (artifact id: '8e5ceb532da4a39049e73ed56d4c015f') in 0.008311 seconds
  Import took 0.063553 seconds .

========================================================================
Received Import Request.
  Time since last request: 186.072294 seconds.
  path: Assets/Asteroids/Ship.png
  artifactKey: Guid(c52d313243fe277438c111dd59e97d63) Importer(815301076,1909f56bfc062723c751e8b465ee728b)
Start importing Assets/Asteroids/Ship.png using Guid(c52d313243fe277438c111dd59e97d63) Importer(815301076,1909f56bfc062723c751e8b465ee728b)  -> (artifact id: '7690d0fa187463953a28ad4c249bd083') in 0.108345 seconds
  Import took 0.112026 seconds .

========================================================================
Received Import Request.
  Time since last request: 126.281802 seconds.
  path: Assets/Asteroids/ShipBehaviour.cs
  artifactKey: Guid(d305db59f9905ab4db3bea534ff21fdb) Importer(815301076,1909f56bfc062723c751e8b465ee728b)
Start importing Assets/Asteroids/ShipBehaviour.cs using Guid(d305db59f9905ab4db3bea534ff21fdb) Importer(815301076,1909f56bfc062723c751e8b465ee728b)  -> (artifact id: '1728ecf51685795dd8096a1d6c7d26eb') in 0.011878 seconds
  Import took 0.028446 seconds .

========================================================================
Received Prepare
Registering precompiled user dll's ...
Registered in 0.000760 seconds.
Begin MonoManager ReloadAssembly
Native extension for WindowsStandalone target not found
Native extension for WebGL target not found
Refreshing native plugins compatible for Editor in 0.56 ms, found 1 plugins.
Preloading 0 native plugins for Editor in 0.00 ms.
Invoked RoslynAnalysisRunner static constructor.
RoslynAnalysisRunner will not be running.
RoslynAnalysisRunner has terminated.
Mono: successfully reloaded assembly
- Completed reload, in  0.852 seconds
Platform modules already initialized, skipping
Refreshing native plugins compatible for Editor in 0.49 ms, found 1 plugins.
Preloading 0 native plugins for Editor in 0.00 ms.
Unloading 1798 Unused Serialized files (Serialized files now loaded: 0)
System memory in use before: 88.2 MB.
System memory in use after: 88.2 MB.

Unloading 12 unused Assets to reduce memory usage. Loaded Objects now: 2255.
Total: 3.538400 ms (FindLiveObjects: 0.411600 ms CreateObjectMapping: 0.051900 ms MarkObjects: 2.917300 ms  DeleteObjects: 0.155000 ms)

========================================================================
Received Prepare
Registering precompiled user dll's ...
Registered in 0.001522 seconds.
Begin MonoManager ReloadAssembly
Native extension for WindowsStandalone target not found
Native extension for WebGL target not found
Refreshing native plugins compatible for Editor in 0.34 ms, found 1 plugins.
Preloading 0 native plugins for Editor in 0.00 ms.
Invoked RoslynAnalysisRunner static constructor.
RoslynAnalysisRunner will not be running.
RoslynAnalysisRunner has terminated.
Mono: successfully reloaded assembly
- Completed reload, in  0.773 seconds
Platform modules already initialized, skipping
Refreshing native plugins compatible for Editor in 0.37 ms, found 1 plugins.
Preloading 0 native plugins for Editor in 0.00 ms.
Unloading 1798 Unused Serialized files (Serialized files now loaded: 0)
System memory in use before: 88.2 MB.
System memory in use after: 88.2 MB.

Unloading 12 unused Assets to reduce memory usage. Loaded Objects now: 2258.
Total: 2.978500 ms (FindLiveObjects: 0.387700 ms CreateObjectMapping: 0.049200 ms MarkObjects: 2.348900 ms  DeleteObjects: 0.191000 ms)

========================================================================
Received Prepare
Registering precompiled user dll's ...
Registered in 0.000874 seconds.
Begin MonoManager ReloadAssembly
Native extension for WindowsStandalone target not found
Native extension for WebGL target not found
Refreshing native plugins compatible for Editor in 0.63 ms, found 1 plugins.
Preloading 0 native plugins for Editor in 0.00 ms.
Invoked RoslynAnalysisRunner static constructor.
RoslynAnalysisRunner will not be running.
RoslynAnalysisRunner has terminated.
Mono: successfully reloaded assembly
- Completed reload, in  0.778 seconds
Platform modules already initialized, skipping
Refreshing native plugins compatible for Editor in 0.48 ms, found 1 plugins.
Preloading 0 native plugins for Editor in 0.00 ms.
Unloading 1798 Unused Serialized files (Serialized files now loaded: 0)
System memory in use before: 88.3 MB.
System memory in use after: 88.3 MB.

Unloading 12 unused Assets to reduce memory usage. Loaded Objects now: 2261.
Total: 1.825800 ms (FindLiveObjects: 0.233100 ms CreateObjectMapping: 0.043100 ms MarkObjects: 1.456500 ms  DeleteObjects: 0.091800 ms)

========================================================================
Received Prepare
Registering precompiled user dll's ...
Registered in 0.001185 seconds.
Begin MonoManager ReloadAssembly
Native extension for WindowsStandalone target not found
Native extension for WebGL target not found
Refreshing native plugins compatible for Editor in 0.34 ms, found 1 plugins.
Preloading 0 native plugins for Editor in 0.00 ms.
Invoked RoslynAnalysisRunner static constructor.
RoslynAnalysisRunner will not be running.
RoslynAnalysisRunner has terminated.
Mono: successfully reloaded assembly
- Completed reload, in  0.775 seconds
Platform modules already initialized, skipping
Refreshing native plugins compatible for Editor in 0.58 ms, found 1 plugins.
Preloading 0 native plugins for Editor in 0.00 ms.
Unloading 1798 Unused Serialized files (Serialized files now loaded: 0)
System memory in use before: 88.3 MB.
System memory in use after: 88.3 MB.

Unloading 12 unused Assets to reduce memory usage. Loaded Objects now: 2264.
Total: 2.043700 ms (FindLiveObjects: 0.238100 ms CreateObjectMapping: 0.043900 ms MarkObjects: 1.659300 ms  DeleteObjects: 0.101100 ms)

========================================================================
Received Prepare
Registering precompiled user dll's ...
Registered in 0.000961 seconds.
Begin MonoManager ReloadAssembly
Native extension for WindowsStandalone target not found
Native extension for WebGL target not found
Refreshing native plugins compatible for Editor in 0.37 ms, found 1 plugins.
Preloading 0 native plugins for Editor in 0.00 ms.
Invoked RoslynAnalysisRunner static constructor.
RoslynAnalysisRunner will not be running.
RoslynAnalysisRunner has terminated.
Mono: successfully reloaded assembly
- Completed reload, in  0.780 seconds
Platform modules already initialized, skipping
Refreshing native plugins compatible for Editor in 0.36 ms, found 1 plugins.
Preloading 0 native plugins for Editor in 0.00 ms.
Unloading 1798 Unused Serialized files (Serialized files now loaded: 0)
System memory in use before: 88.3 MB.
System memory in use after: 88.3 MB.

Unloading 12 unused Assets to reduce memory usage. Loaded Objects now: 2267.
Total: 2.354600 ms (FindLiveObjects: 0.251000 ms CreateObjectMapping: 0.051100 ms MarkObjects: 1.942700 ms  DeleteObjects: 0.107900 ms)

========================================================================
Received Prepare
Registering precompiled user dll's ...
Registered in 0.001023 seconds.
Begin MonoManager ReloadAssembly
Native extension for WindowsStandalone target not found
Native extension for WebGL target not found
Refreshing native plugins compatible for Editor in 0.41 ms, found 1 plugins.
Preloading 0 native plugins for Editor in 0.00 ms.
Invoked RoslynAnalysisRunner static constructor.
RoslynAnalysisRunner will not be running.
RoslynAnalysisRunner has terminated.
Mono: successfully reloaded assembly
- Completed reload, in  0.724 seconds
Platform modules already initialized, skipping
Refreshing native plugins compatible for Editor in 0.36 ms, found 1 plugins.
Preloading 0 native plugins for Editor in 0.00 ms.
Unloading 1798 Unused Serialized files (Serialized files now loaded: 0)
System memory in use before: 88.3 MB.
System memory in use after: 88.3 MB.

Unloading 12 unused Assets to reduce memory usage. Loaded Objects now: 2270.
Total: 2.277600 ms (FindLiveObjects: 0.337500 ms CreateObjectMapping: 0.045200 ms MarkObjects: 1.787300 ms  DeleteObjects: 0.104100 ms)

========================================================================
Received Prepare
Registering precompiled user dll's ...
Registered in 0.001911 seconds.
Begin MonoManager ReloadAssembly
Native extension for WindowsStandalone target not found
Native extension for WebGL target not found
Refreshing native plugins compatible for Editor in 0.44 ms, found 1 plugins.
Preloading 0 native plugins for Editor in 0.00 ms.
Invoked RoslynAnalysisRunner static constructor.
RoslynAnalysisRunner will not be running.
RoslynAnalysisRunner has terminated.
Mono: successfully reloaded assembly
- Completed reload, in  0.793 seconds
Platform modules already initialized, skipping
Refreshing native plugins compatible for Editor in 0.40 ms, found 1 plugins.
Preloading 0 native plugins for Editor in 0.00 ms.
Unloading 1798 Unused Serialized files (Serialized files now loaded: 0)
System memory in use before: 88.3 MB.
System memory in use after: 88.3 MB.

Unloading 12 unused Assets to reduce memory usage. Loaded Objects now: 2273.
Total: 2.087400 ms (FindLiveObjects: 0.317100 ms CreateObjectMapping: 0.049300 ms MarkObjects: 1.628200 ms  DeleteObjects: 0.091400 ms)

========================================================================
Received Prepare
Registering precompiled user dll's ...
Registered in 0.000842 seconds.
Begin MonoManager ReloadAssembly
Native extension for WindowsStandalone target not found
Native extension for WebGL target not found
Refreshing native plugins compatible for Editor in 0.35 ms, found 1 plugins.
Preloading 0 native plugins for Editor in 0.00 ms.
Invoked RoslynAnalysisRunner static constructor.
RoslynAnalysisRunner will not be running.
RoslynAnalysisRunner has terminated.
Mono: successfully reloaded assembly
- Completed reload, in  0.743 seconds
Platform modules already initialized, skipping
Refreshing native plugins compatible for Editor in 0.63 ms, found 1 plugins.
Preloading 0 native plugins for Editor in 0.00 ms.
Unloading 1798 Unused Serialized files (Serialized files now loaded: 0)
System memory in use before: 88.3 MB.
System memory in use after: 88.3 MB.

Unloading 12 unused Assets to reduce memory usage. Loaded Objects now: 2276.
Total: 1.842400 ms (FindLiveObjects: 0.246200 ms CreateObjectMapping: 0.040800 ms MarkObjects: 1.459400 ms  DeleteObjects: 0.094000 ms)

========================================================================
Received Prepare
Registering precompiled user dll's ...
Registered in 0.000882 seconds.
Begin MonoManager ReloadAssembly
Native extension for WindowsStandalone target not found
Native extension for WebGL target not found
Refreshing native plugins compatible for Editor in 0.37 ms, found 1 plugins.
Preloading 0 native plugins for Editor in 0.00 ms.
Invoked RoslynAnalysisRunner static constructor.
RoslynAnalysisRunner will not be running.
RoslynAnalysisRunner has terminated.
Mono: successfully reloaded assembly
- Completed reload, in  0.743 seconds
Platform modules already initialized, skipping
Refreshing native plugins compatible for Editor in 0.49 ms, found 1 plugins.
Preloading 0 native plugins for Editor in 0.00 ms.
Unloading 1798 Unused Serialized files (Serialized files now loaded: 0)
System memory in use before: 88.3 MB.
System memory in use after: 88.3 MB.

Unloading 12 unused Assets to reduce memory usage. Loaded Objects now: 2279.
Total: 1.911000 ms (FindLiveObjects: 0.313500 ms CreateObjectMapping: 0.048800 ms MarkObjects: 1.453900 ms  DeleteObjects: 0.094000 ms)

========================================================================
Received Import Request.
  Time since last request: 1101.216049 seconds.
  path: Assets/Asteroids/Bullet.cs
  artifactKey: Guid(c65e4439f3a19ec43bdacf0ddd90b710) Importer(815301076,1909f56bfc062723c751e8b465ee728b)
Start importing Assets/Asteroids/Bullet.cs using Guid(c65e4439f3a19ec43bdacf0ddd90b710) Importer(815301076,1909f56bfc062723c751e8b465ee728b)  -> (artifact id: 'e5a6872740300b7022ff2a5333863ea1') in 0.011329 seconds
  Import took 0.014784 seconds .

========================================================================
Received Import Request.
  Time since last request: 0.002307 seconds.
  path: Assets/Asteroids/Bullet.cs
  artifactKey: Guid(c65e4439f3a19ec43bdacf0ddd90b710) Importer(815301076,1909f56bfc062723c751e8b465ee728b)
Start importing Assets/Asteroids/Bullet.cs using Guid(c65e4439f3a19ec43bdacf0ddd90b710) Importer(815301076,1909f56bfc062723c751e8b465ee728b)  -> (artifact id: 'e5a6872740300b7022ff2a5333863ea1') in 0.002256 seconds
  Import took 0.005358 seconds .

========================================================================
Received Prepare
Registering precompiled user dll's ...
Registered in 0.001405 seconds.
Begin MonoManager ReloadAssembly
Native extension for WindowsStandalone target not found
Native extension for WebGL target not found
Refreshing native plugins compatible for Editor in 0.51 ms, found 1 plugins.
Preloading 0 native plugins for Editor in 0.00 ms.
Invoked RoslynAnalysisRunner static constructor.
RoslynAnalysisRunner will not be running.
RoslynAnalysisRunner has terminated.
Mono: successfully reloaded assembly
- Completed reload, in  0.845 seconds
Platform modules already initialized, skipping
Refreshing native plugins compatible for Editor in 0.63 ms, found 1 plugins.
Preloading 0 native plugins for Editor in 0.00 ms.
Unloading 1799 Unused Serialized files (Serialized files now loaded: 0)
System memory in use before: 88.4 MB.
System memory in use after: 88.4 MB.

Unloading 12 unused Assets to reduce memory usage. Loaded Objects now: 2283.
Total: 4.805400 ms (FindLiveObjects: 0.690100 ms CreateObjectMapping: 0.083300 ms MarkObjects: 3.756500 ms  DeleteObjects: 0.273900 ms)

========================================================================
Received Prepare
Registering precompiled user dll's ...
Registered in 0.001489 seconds.
Begin MonoManager ReloadAssembly
Native extension for WindowsStandalone target not found
Native extension for WebGL target not found
Refreshing native plugins compatible for Editor in 0.34 ms, found 1 plugins.
Preloading 0 native plugins for Editor in 0.00 ms.
Invoked RoslynAnalysisRunner static constructor.
RoslynAnalysisRunner will not be running.
RoslynAnalysisRunner has terminated.
Mono: successfully reloaded assembly
- Completed reload, in  0.761 seconds
Platform modules already initialized, skipping
Refreshing native plugins compatible for Editor in 0.35 ms, found 1 plugins.
Preloading 0 native plugins for Editor in 0.00 ms.
Unloading 1799 Unused Serialized files (Serialized files now loaded: 0)
System memory in use before: 88.4 MB.
System memory in use after: 88.4 MB.

Unloading 12 unused Assets to reduce memory usage. Loaded Objects now: 2286.
Total: 1.768300 ms (FindLiveObjects: 0.185800 ms CreateObjectMapping: 0.046700 ms MarkObjects: 1.449400 ms  DeleteObjects: 0.085500 ms)

========================================================================
Received Import Request.
  Time since last request: 211.324633 seconds.
  path: Assets/Asteroids/Bullet.cs
  artifactKey: Guid(c65e4439f3a19ec43bdacf0ddd90b710) Importer(815301076,1909f56bfc062723c751e8b465ee728b)
Start importing Assets/Asteroids/Bullet.cs using Guid(c65e4439f3a19ec43bdacf0ddd90b710) Importer(815301076,1909f56bfc062723c751e8b465ee728b)  -> (artifact id: 'a2667df2e059f141ba6798906d82da08') in 0.007432 seconds
  Import took 0.010162 seconds .

========================================================================
Received Prepare
Registering precompiled user dll's ...
Registered in 0.001334 seconds.
Begin MonoManager ReloadAssembly
Native extension for WindowsStandalone target not found
Native extension for WebGL target not found
Refreshing native plugins compatible for Editor in 0.39 ms, found 1 plugins.
Preloading 0 native plugins for Editor in 0.00 ms.
Invoked RoslynAnalysisRunner static constructor.
RoslynAnalysisRunner will not be running.
RoslynAnalysisRunner has terminated.
Mono: successfully reloaded assembly
- Completed reload, in  0.764 seconds
Platform modules already initialized, skipping
Refreshing native plugins compatible for Editor in 0.36 ms, found 1 plugins.
Preloading 0 native plugins for Editor in 0.00 ms.
Unloading 1799 Unused Serialized files (Serialized files now loaded: 0)
System memory in use before: 88.4 MB.
System memory in use after: 88.4 MB.

Unloading 12 unused Assets to reduce memory usage. Loaded Objects now: 2289.
Total: 3.379400 ms (FindLiveObjects: 0.259800 ms CreateObjectMapping: 0.043100 ms MarkObjects: 2.972200 ms  DeleteObjects: 0.102900 ms)

========================================================================
Received Import Request.
  Time since last request: 88.640914 seconds.
  path: Assets/Asteroids/Bullet.prefab
  artifactKey: Guid(ffe835146a575824a81733b10533a1f1) Importer(815301076,1909f56bfc062723c751e8b465ee728b)
Start importing Assets/Asteroids/Bullet.prefab using Guid(ffe835146a575824a81733b10533a1f1) Importer(815301076,1909f56bfc062723c751e8b465ee728b)  -> (artifact id: '83ed72d8d8634ec609f8c66252ea5937') in 0.071588 seconds
  Import took 0.077539 seconds .

========================================================================
Received Import Request.
  Time since last request: 13.208162 seconds.
  path: Assets/Asteroids/ShipBehaviour.cs
  artifactKey: Guid(d305db59f9905ab4db3bea534ff21fdb) Importer(815301076,1909f56bfc062723c751e8b465ee728b)
Start importing Assets/Asteroids/ShipBehaviour.cs using Guid(d305db59f9905ab4db3bea534ff21fdb) Importer(815301076,1909f56bfc062723c751e8b465ee728b)  -> (artifact id: 'edccad581fef037d8e25d2e792d4ba00') in 0.001947 seconds
  Import took 0.016975 seconds .

========================================================================
Received Prepare
Registering precompiled user dll's ...
Registered in 0.002047 seconds.
Begin MonoManager ReloadAssembly
Native extension for WindowsStandalone target not found
Native extension for WebGL target not found
Refreshing native plugins compatible for Editor in 0.35 ms, found 1 plugins.
Preloading 0 native plugins for Editor in 0.00 ms.
Invoked RoslynAnalysisRunner static constructor.
RoslynAnalysisRunner will not be running.
RoslynAnalysisRunner has terminated.
Mono: successfully reloaded assembly
- Completed reload, in  0.815 seconds
Platform modules already initialized, skipping
Refreshing native plugins compatible for Editor in 0.35 ms, found 1 plugins.
Preloading 0 native plugins for Editor in 0.00 ms.
Unloading 1799 Unused Serialized files (Serialized files now loaded: 0)
System memory in use before: 88.4 MB.
System memory in use after: 88.4 MB.

Unloading 12 unused Assets to reduce memory usage. Loaded Objects now: 2296.
Total: 1.866100 ms (FindLiveObjects: 0.207100 ms CreateObjectMapping: 0.041400 ms MarkObjects: 1.524900 ms  DeleteObjects: 0.091900 ms)

========================================================================
Received Prepare
Registering precompiled user dll's ...
Registered in 0.000891 seconds.
Begin MonoManager ReloadAssembly
Native extension for WindowsStandalone target not found
Native extension for WebGL target not found
Refreshing native plugins compatible for Editor in 0.69 ms, found 1 plugins.
Preloading 0 native plugins for Editor in 0.00 ms.
Invoked RoslynAnalysisRunner static constructor.
RoslynAnalysisRunner will not be running.
RoslynAnalysisRunner has terminated.
Mono: successfully reloaded assembly
- Completed reload, in  0.851 seconds
Platform modules already initialized, skipping
Refreshing native plugins compatible for Editor in 0.50 ms, found 1 plugins.
Preloading 0 native plugins for Editor in 0.00 ms.
Unloading 1799 Unused Serialized files (Serialized files now loaded: 0)
System memory in use before: 88.4 MB.
System memory in use after: 88.4 MB.

Unloading 12 unused Assets to reduce memory usage. Loaded Objects now: 2299.
Total: 2.553200 ms (FindLiveObjects: 0.348900 ms CreateObjectMapping: 0.071100 ms MarkObjects: 2.016300 ms  DeleteObjects: 0.114400 ms)

========================================================================
Received Import Request.
  Time since last request: 570.036218 seconds.
  path: Assets/Asteroids/Asteroid.png
  artifactKey: Guid(8241798a827787f4cb7c768f2280809a) Importer(815301076,1909f56bfc062723c751e8b465ee728b)
Start importing Assets/Asteroids/Asteroid.png using Guid(8241798a827787f4cb7c768f2280809a) Importer(815301076,1909f56bfc062723c751e8b465ee728b)  -> (artifact id: '32e992b526a556a6a5142758c99217f0') in 0.056964 seconds
  Import took 0.075487 seconds .

========================================================================
Received Import Request.
  Time since last request: 95.593417 seconds.
  path: Assets/Asteroids/AsteroidBehaviour.cs
  artifactKey: Guid(cc45806a28cce3649a983868d68a8a22) Importer(815301076,1909f56bfc062723c751e8b465ee728b)
Start importing Assets/Asteroids/AsteroidBehaviour.cs using Guid(cc45806a28cce3649a983868d68a8a22) Importer(815301076,1909f56bfc062723c751e8b465ee728b)  -> (artifact id: '3a935e4851975980129a9cbf9b9f835a') in 0.004027 seconds
  Import took 0.017922 seconds .

========================================================================
Received Import Request.
  Time since last request: 0.000332 seconds.
  path: Assets/Asteroids/AsteroidBehaviour.cs
  artifactKey: Guid(cc45806a28cce3649a983868d68a8a22) Importer(815301076,1909f56bfc062723c751e8b465ee728b)
Start importing Assets/Asteroids/AsteroidBehaviour.cs using Guid(cc45806a28cce3649a983868d68a8a22) Importer(815301076,1909f56bfc062723c751e8b465ee728b)  -> (artifact id: '3a935e4851975980129a9cbf9b9f835a') in 0.003929 seconds
  Import took 0.006614 seconds .

========================================================================
Received Prepare
Registering precompiled user dll's ...
Registered in 0.001738 seconds.
Begin MonoManager ReloadAssembly
Native extension for WindowsStandalone target not found
Native extension for WebGL target not found
Refreshing native plugins compatible for Editor in 0.83 ms, found 1 plugins.
Preloading 0 native plugins for Editor in 0.00 ms.
Invoked RoslynAnalysisRunner static constructor.
RoslynAnalysisRunner will not be running.
RoslynAnalysisRunner has terminated.
Mono: successfully reloaded assembly
- Completed reload, in  0.866 seconds
Platform modules already initialized, skipping
Refreshing native plugins compatible for Editor in 0.35 ms, found 1 plugins.
Preloading 0 native plugins for Editor in 0.00 ms.
Unloading 1800 Unused Serialized files (Serialized files now loaded: 0)
System memory in use before: 88.5 MB.
System memory in use after: 88.5 MB.

Unloading 12 unused Assets to reduce memory usage. Loaded Objects now: 2304.
Total: 2.906000 ms (FindLiveObjects: 0.272400 ms CreateObjectMapping: 0.054800 ms MarkObjects: 2.449100 ms  DeleteObjects: 0.128500 ms)

========================================================================
Received Prepare
Registering precompiled user dll's ...
Registered in 0.001580 seconds.
Begin MonoManager ReloadAssembly
Native extension for WindowsStandalone target not found
Native extension for WebGL target not found
Refreshing native plugins compatible for Editor in 0.34 ms, found 1 plugins.
Preloading 0 native plugins for Editor in 0.00 ms.
Invoked RoslynAnalysisRunner static constructor.
RoslynAnalysisRunner will not be running.
RoslynAnalysisRunner has terminated.
Mono: successfully reloaded assembly
- Completed reload, in  0.812 seconds
Platform modules already initialized, skipping
Refreshing native plugins compatible for Editor in 0.35 ms, found 1 plugins.
Preloading 0 native plugins for Editor in 0.00 ms.
Unloading 1800 Unused Serialized files (Serialized files now loaded: 0)
System memory in use before: 88.5 MB.
System memory in use after: 88.5 MB.

Unloading 12 unused Assets to reduce memory usage. Loaded Objects now: 2307.
Total: 2.206900 ms (FindLiveObjects: 0.269300 ms CreateObjectMapping: 0.051300 ms MarkObjects: 1.736000 ms  DeleteObjects: 0.148800 ms)

========================================================================
Received Import Request.
  Time since last request: 336.693305 seconds.
  path: Assets/Asteroids/AsteroidBehaviour.cs
  artifactKey: Guid(cc45806a28cce3649a983868d68a8a22) Importer(815301076,1909f56bfc062723c751e8b465ee728b)
Start importing Assets/Asteroids/AsteroidBehaviour.cs using Guid(cc45806a28cce3649a983868d68a8a22) Importer(815301076,1909f56bfc062723c751e8b465ee728b)  -> (artifact id: '339bcce2fb7fc8835c7176fec01e8959') in 0.004715 seconds
  Import took 0.007388 seconds .

========================================================================
Received Import Request.
  Time since last request: 9.975045 seconds.
  path: Assets/Asteroids/Asteroid.prefab
  artifactKey: Guid(9f602d67d28c6304697e7b0236d2fa49) Importer(815301076,1909f56bfc062723c751e8b465ee728b)
Start importing Assets/Asteroids/Asteroid.prefab using Guid(9f602d67d28c6304697e7b0236d2fa49) Importer(815301076,1909f56bfc062723c751e8b465ee728b)  -> (artifact id: 'e25023c1f99b8d8f57eba87a66dcadd6') in 0.056785 seconds
  Import took 0.062076 seconds .

========================================================================
Received Prepare
Registering precompiled user dll's ...
Registered in 0.000812 seconds.
Begin MonoManager ReloadAssembly
Native extension for WindowsStandalone target not found
Native extension for WebGL target not found
Refreshing native plugins compatible for Editor in 0.45 ms, found 1 plugins.
Preloading 0 native plugins for Editor in 0.00 ms.
Invoked RoslynAnalysisRunner static constructor.
RoslynAnalysisRunner will not be running.
RoslynAnalysisRunner has terminated.
Mono: successfully reloaded assembly
- Completed reload, in  0.789 seconds
Platform modules already initialized, skipping
Refreshing native plugins compatible for Editor in 0.36 ms, found 1 plugins.
Preloading 0 native plugins for Editor in 0.00 ms.
Unloading 1800 Unused Serialized files (Serialized files now loaded: 0)
System memory in use before: 88.5 MB.
System memory in use after: 88.5 MB.

Unloading 12 unused Assets to reduce memory usage. Loaded Objects now: 2311.
Total: 1.767100 ms (FindLiveObjects: 0.173800 ms CreateObjectMapping: 0.044300 ms MarkObjects: 1.460800 ms  DeleteObjects: 0.087400 ms)

========================================================================
Received Import Request.
  Time since last request: 83.129355 seconds.
  path: Assets/Asteroids/Bullet.prefab
  artifactKey: Guid(ffe835146a575824a81733b10533a1f1) Importer(815301076,1909f56bfc062723c751e8b465ee728b)
Start importing Assets/Asteroids/Bullet.prefab using Guid(ffe835146a575824a81733b10533a1f1) Importer(815301076,1909f56bfc062723c751e8b465ee728b)  -> (artifact id: '7f4cda64510410bfb15d3bbddb76a879') in 0.046940 seconds
  Import took 0.060928 seconds .

========================================================================
Received Import Request.
  Time since last request: 14.851643 seconds.
  path: ProjectSettings/TagManager.asset
  artifactKey: Guid(00000000000000003000000000000000) Importer(815301076,1909f56bfc062723c751e8b465ee728b)
Start importing ProjectSettings/TagManager.asset using Guid(00000000000000003000000000000000) Importer(815301076,1909f56bfc062723c751e8b465ee728b)  -> (artifact id: 'b66200b721babff4a3ab2928633c2770') in 0.003935 seconds
  Import took 0.007148 seconds .

========================================================================
Received Import Request.
  Time since last request: 0.001072 seconds.
  path: ProjectSettings/TagManager.asset
  artifactKey: Guid(00000000000000003000000000000000) Importer(815301076,1909f56bfc062723c751e8b465ee728b)
Start importing ProjectSettings/TagManager.asset using Guid(00000000000000003000000000000000) Importer(815301076,1909f56bfc062723c751e8b465ee728b)  -> (artifact id: 'b66200b721babff4a3ab2928633c2770') in 0.003914 seconds
  Import took 0.007465 seconds .

========================================================================
Received Import Request.
  Time since last request: 13.712203 seconds.
  path: Assets/Asteroids/Bullet.prefab
  artifactKey: Guid(ffe835146a575824a81733b10533a1f1) Importer(815301076,1909f56bfc062723c751e8b465ee728b)
Start importing Assets/Asteroids/Bullet.prefab using Guid(ffe835146a575824a81733b10533a1f1) Importer(815301076,1909f56bfc062723c751e8b465ee728b)  -> (artifact id: '357eb97c69a7b73ea8b7a008a8a7bf3b') in 0.011189 seconds
  Import took 0.018720 seconds .

========================================================================
Received Prepare
Registering precompiled user dll's ...
Registered in 0.000944 seconds.
Begin MonoManager ReloadAssembly
Native extension for WindowsStandalone target not found
Native extension for WebGL target not found
Refreshing native plugins compatible for Editor in 0.59 ms, found 1 plugins.
Preloading 0 native plugins for Editor in 0.00 ms.
Invoked RoslynAnalysisRunner static constructor.
RoslynAnalysisRunner will not be running.
RoslynAnalysisRunner has terminated.
Mono: successfully reloaded assembly
- Completed reload, in  0.792 seconds
Platform modules already initialized, skipping
Refreshing native plugins compatible for Editor in 0.34 ms, found 1 plugins.
Preloading 0 native plugins for Editor in 0.00 ms.
Unloading 1800 Unused Serialized files (Serialized files now loaded: 0)
System memory in use before: 88.5 MB.
System memory in use after: 88.5 MB.

Unloading 14 unused Assets to reduce memory usage. Loaded Objects now: 2315.
Total: 1.753200 ms (FindLiveObjects: 0.209000 ms CreateObjectMapping: 0.042000 ms MarkObjects: 1.409100 ms  DeleteObjects: 0.092000 ms)

========================================================================
Received Import Request.
  Time since last request: 378.966642 seconds.
  path: Assets/Asteroids/Asteroid.prefab
  artifactKey: Guid(9f602d67d28c6304697e7b0236d2fa49) Importer(815301076,1909f56bfc062723c751e8b465ee728b)
Start importing Assets/Asteroids/Asteroid.prefab using Guid(9f602d67d28c6304697e7b0236d2fa49) Importer(815301076,1909f56bfc062723c751e8b465ee728b)  -> (artifact id: '0edbb82fb81c59e7989d0f0b73c99c89') in 0.057135 seconds
  Import took 0.060636 seconds .

========================================================================
Received Import Request.
  Time since last request: 2.037632 seconds.
  path: Assets/Asteroids/Asteroid.prefab
  artifactKey: Guid(9f602d67d28c6304697e7b0236d2fa49) Importer(815301076,1909f56bfc062723c751e8b465ee728b)
Start importing Assets/Asteroids/Asteroid.prefab using Guid(9f602d67d28c6304697e7b0236d2fa49) Importer(815301076,1909f56bfc062723c751e8b465ee728b)  -> (artifact id: '718493d135ef612ca107201edb64a6f0') in 0.014342 seconds
  Import took 0.018365 seconds .

========================================================================
Received Import Request.
  Time since last request: 5.626825 seconds.
  path: Assets/Asteroids/Asteroid.prefab
  artifactKey: Guid(9f602d67d28c6304697e7b0236d2fa49) Importer(815301076,1909f56bfc062723c751e8b465ee728b)
Start importing Assets/Asteroids/Asteroid.prefab using Guid(9f602d67d28c6304697e7b0236d2fa49) Importer(815301076,1909f56bfc062723c751e8b465ee728b)  -> (artifact id: '4867bae61d974852cc1ee89f4bb0bd10') in 0.016493 seconds
  Import took 0.033136 seconds .

========================================================================
Received Import Request.
  Time since last request: 10.091228 seconds.
  path: Assets/Asteroids/Asteroid.prefab
  artifactKey: Guid(9f602d67d28c6304697e7b0236d2fa49) Importer(815301076,1909f56bfc062723c751e8b465ee728b)
Start importing Assets/Asteroids/Asteroid.prefab using Guid(9f602d67d28c6304697e7b0236d2fa49) Importer(815301076,1909f56bfc062723c751e8b465ee728b)  -> (artifact id: 'da3c9a62fa352b28a220c356f6db132b') in 0.009826 seconds
  Import took 0.028334 seconds .

========================================================================
Received Import Request.
  Time since last request: 2.590650 seconds.
  path: Assets/Asteroids/Asteroid.prefab
  artifactKey: Guid(9f602d67d28c6304697e7b0236d2fa49) Importer(815301076,1909f56bfc062723c751e8b465ee728b)
Start importing Assets/Asteroids/Asteroid.prefab using Guid(9f602d67d28c6304697e7b0236d2fa49) Importer(815301076,1909f56bfc062723c751e8b465ee728b)  -> (artifact id: 'de2d56e265bb309bc93435fabf4d31ca') in 0.008339 seconds
  Import took 0.028523 seconds .

========================================================================
Received Import Request.
  Time since last request: 3.199067 seconds.
  path: Assets/Asteroids/Asteroid.prefab
  artifactKey: Guid(9f602d67d28c6304697e7b0236d2fa49) Importer(815301076,1909f56bfc062723c751e8b465ee728b)
Start importing Assets/Asteroids/Asteroid.prefab using Guid(9f602d67d28c6304697e7b0236d2fa49) Importer(815301076,1909f56bfc062723c751e8b465ee728b)  -> (artifact id: '47ac54a68b7ef33325c7fa92080b1676') in 0.011355 seconds
  Import took 0.014591 seconds .

========================================================================
Received Prepare
Registering precompiled user dll's ...
Registered in 0.000746 seconds.
Begin MonoManager ReloadAssembly
Native extension for WindowsStandalone target not found
Native extension for WebGL target not found
Refreshing native plugins compatible for Editor in 0.40 ms, found 1 plugins.
Preloading 0 native plugins for Editor in 0.00 ms.
Invoked RoslynAnalysisRunner static constructor.
RoslynAnalysisRunner will not be running.
RoslynAnalysisRunner has terminated.
Mono: successfully reloaded assembly
- Completed reload, in  0.743 seconds
Platform modules already initialized, skipping
Refreshing native plugins compatible for Editor in 0.35 ms, found 1 plugins.
Preloading 0 native plugins for Editor in 0.00 ms.
Unloading 1800 Unused Serialized files (Serialized files now loaded: 0)
System memory in use before: 88.5 MB.
System memory in use after: 88.5 MB.

Unloading 12 unused Assets to reduce memory usage. Loaded Objects now: 2319.
Total: 1.979600 ms (FindLiveObjects: 0.261300 ms CreateObjectMapping: 0.046800 ms MarkObjects: 1.574700 ms  DeleteObjects: 0.095300 ms)

========================================================================
Received Import Request.
  Time since last request: 165.945983 seconds.
  path: Assets/FlappyBird.cs
  artifactKey: Guid(b54c5e5cd5364e94393af474474174c8) Importer(815301076,1909f56bfc062723c751e8b465ee728b)
Start importing Assets/FlappyBird.cs using Guid(b54c5e5cd5364e94393af474474174c8) Importer(815301076,1909f56bfc062723c751e8b465ee728b)  -> (artifact id: '84b46626a3c941295a07bba9f9e6378c') in 0.008602 seconds
  Import took 0.012327 seconds .

========================================================================
Received Import Request.
  Time since last request: 0.652821 seconds.
  path: Assets/ScoreKeeper.cs
  artifactKey: Guid(1ea37faaeb104fa46af1b407646e3913) Importer(815301076,1909f56bfc062723c751e8b465ee728b)
Start importing Assets/ScoreKeeper.cs using Guid(1ea37faaeb104fa46af1b407646e3913) Importer(815301076,1909f56bfc062723c751e8b465ee728b)  -> (artifact id: 'bf139382493b3dcc3e23204d92cba5ce') in 0.005386 seconds
  Import took 0.008239 seconds .

========================================================================
Received Import Request.
  Time since last request: 24.796303 seconds.
  path: Assets/Asteroids/AsteroidsHUD.cs
  artifactKey: Guid(c3669ca071482b04b9692c83c78de4dd) Importer(815301076,1909f56bfc062723c751e8b465ee728b)
Start importing Assets/Asteroids/AsteroidsHUD.cs using Guid(c3669ca071482b04b9692c83c78de4dd) Importer(815301076,1909f56bfc062723c751e8b465ee728b)  -> (artifact id: '9db10d44ba20dd3cf445f218725c4a51') in 0.005955 seconds
  Import took 0.009088 seconds .

========================================================================
Received Prepare
Registering precompiled user dll's ...
Registered in 0.000714 seconds.
Begin MonoManager ReloadAssembly
Native extension for WindowsStandalone target not found
Native extension for WebGL target not found
Refreshing native plugins compatible for Editor in 0.92 ms, found 1 plugins.
Preloading 0 native plugins for Editor in 0.00 ms.
Invoked RoslynAnalysisRunner static constructor.
RoslynAnalysisRunner will not be running.
RoslynAnalysisRunner has terminated.
Mono: successfully reloaded assembly
- Completed reload, in  0.815 seconds
Platform modules already initialized, skipping
Refreshing native plugins compatible for Editor in 0.75 ms, found 1 plugins.
Preloading 0 native plugins for Editor in 0.00 ms.
Unloading 1801 Unused Serialized files (Serialized files now loaded: 0)
System memory in use before: 88.6 MB.
System memory in use after: 88.5 MB.

Unloading 12 unused Assets to reduce memory usage. Loaded Objects now: 2323.
Total: 1.938000 ms (FindLiveObjects: 0.231000 ms CreateObjectMapping: 0.044100 ms MarkObjects: 1.565300 ms  DeleteObjects: 0.096400 ms)

========================================================================
Received Prepare
Registering precompiled user dll's ...
Registered in 0.001973 seconds.
Begin MonoManager ReloadAssembly
Native extension for WindowsStandalone target not found
Native extension for WebGL target not found
Refreshing native plugins compatible for Editor in 0.43 ms, found 1 plugins.
Preloading 0 native plugins for Editor in 0.00 ms.
Invoked RoslynAnalysisRunner static constructor.
RoslynAnalysisRunner will not be running.
RoslynAnalysisRunner has terminated.
Mono: successfully reloaded assembly
- Completed reload, in  0.754 seconds
Platform modules already initialized, skipping
Refreshing native plugins compatible for Editor in 0.34 ms, found 1 plugins.
Preloading 0 native plugins for Editor in 0.00 ms.
Unloading 1801 Unused Serialized files (Serialized files now loaded: 0)
System memory in use before: 88.6 MB.
System memory in use after: 88.6 MB.

Unloading 12 unused Assets to reduce memory usage. Loaded Objects now: 2326.
Total: 1.738700 ms (FindLiveObjects: 0.182400 ms CreateObjectMapping: 0.041300 ms MarkObjects: 1.424400 ms  DeleteObjects: 0.089600 ms)

========================================================================
Received Import Request.
  Time since last request: 194.089544 seconds.
  path: Assets/Asteroids/AsteroidsHUD.cs
  artifactKey: Guid(c3669ca071482b04b9692c83c78de4dd) Importer(815301076,1909f56bfc062723c751e8b465ee728b)
Start importing Assets/Asteroids/AsteroidsHUD.cs using Guid(c3669ca071482b04b9692c83c78de4dd) Importer(815301076,1909f56bfc062723c751e8b465ee728b)  -> (artifact id: 'd70a367b769a1208924b3d1a4d125cd0') in 0.004546 seconds
  Import took 0.007537 seconds .

========================================================================
Received Prepare
Registering precompiled user dll's ...
Registered in 0.000812 seconds.
Begin MonoManager ReloadAssembly
Native extension for WindowsStandalone target not found
Native extension for WebGL target not found
Refreshing native plugins compatible for Editor in 1.27 ms, found 1 plugins.
Preloading 0 native plugins for Editor in 0.00 ms.
Invoked RoslynAnalysisRunner static constructor.
RoslynAnalysisRunner will not be running.
RoslynAnalysisRunner has terminated.
Mono: successfully reloaded assembly
- Completed reload, in  0.829 seconds
Platform modules already initialized, skipping
Refreshing native plugins compatible for Editor in 0.35 ms, found 1 plugins.
Preloading 0 native plugins for Editor in 0.00 ms.
Unloading 1801 Unused Serialized files (Serialized files now loaded: 0)
System memory in use before: 88.6 MB.
System memory in use after: 88.6 MB.

Unloading 12 unused Assets to reduce memory usage. Loaded Objects now: 2329.
Total: 1.953300 ms (FindLiveObjects: 0.209400 ms CreateObjectMapping: 0.050100 ms MarkObjects: 1.505600 ms  DeleteObjects: 0.186700 ms)

========================================================================
Received Prepare
Registering precompiled user dll's ...
Registered in 0.002190 seconds.
Begin MonoManager ReloadAssembly
Native extension for WindowsStandalone target not found
Native extension for WebGL target not found
Refreshing native plugins compatible for Editor in 0.38 ms, found 1 plugins.
Preloading 0 native plugins for Editor in 0.00 ms.
Invoked RoslynAnalysisRunner static constructor.
RoslynAnalysisRunner will not be running.
RoslynAnalysisRunner has terminated.
Mono: successfully reloaded assembly
- Completed reload, in  0.764 seconds
Platform modules already initialized, skipping
Refreshing native plugins compatible for Editor in 0.35 ms, found 1 plugins.
Preloading 0 native plugins for Editor in 0.00 ms.
Unloading 1801 Unused Serialized files (Serialized files now loaded: 0)
System memory in use before: 88.6 MB.
System memory in use after: 88.6 MB.

Unloading 12 unused Assets to reduce memory usage. Loaded Objects now: 2332.
Total: 1.770400 ms (FindLiveObjects: 0.198300 ms CreateObjectMapping: 0.043500 ms MarkObjects: 1.435800 ms  DeleteObjects: 0.091200 ms)

========================================================================
Received Import Request.
  Time since last request: 154.014517 seconds.
  path: Assets/Asteroids/Asteroid.prefab
  artifactKey: Guid(9f602d67d28c6304697e7b0236d2fa49) Importer(815301076,1909f56bfc062723c751e8b465ee728b)
Start importing Assets/Asteroids/Asteroid.prefab using Guid(9f602d67d28c6304697e7b0236d2fa49) Importer(815301076,1909f56bfc062723c751e8b465ee728b)  -> (artifact id: '99c4fe9ee8de188bb7d25d82a4389f44') in 0.043093 seconds
  Import took 0.046555 seconds .

========================================================================
Received Prepare
Registering precompiled user dll's ...
Registered in 0.001420 seconds.
Begin MonoManager ReloadAssembly
Native extension for WindowsStandalone target not found
Native extension for WebGL target not found
Refreshing native plugins compatible for Editor in 0.50 ms, found 1 plugins.
Preloading 0 native plugins for Editor in 0.00 ms.
Invoked RoslynAnalysisRunner static constructor.
RoslynAnalysisRunner will not be running.
RoslynAnalysisRunner has terminated.
Mono: successfully reloaded assembly
- Completed reload, in  0.798 seconds
Platform modules already initialized, skipping
Refreshing native plugins compatible for Editor in 0.34 ms, found 1 plugins.
Preloading 0 native plugins for Editor in 0.00 ms.
Unloading 1801 Unused Serialized files (Serialized files now loaded: 0)
System memory in use before: 88.6 MB.
System memory in use after: 88.6 MB.

Unloading 12 unused Assets to reduce memory usage. Loaded Objects now: 2336.
Total: 2.068500 ms (FindLiveObjects: 0.206800 ms CreateObjectMapping: 0.049500 ms MarkObjects: 1.564500 ms  DeleteObjects: 0.246500 ms)

========================================================================
Received Import Request.
  Time since last request: 77.883642 seconds.
  path: Assets/Asteroids/SpawnNewAsteroids.cs
  artifactKey: Guid(c52c4b47505b19040a9da24231b21107) Importer(815301076,1909f56bfc062723c751e8b465ee728b)
Start importing Assets/Asteroids/SpawnNewAsteroids.cs using Guid(c52c4b47505b19040a9da24231b21107) Importer(815301076,1909f56bfc062723c751e8b465ee728b)  -> (artifact id: '950fa3c1b334dfe894f63467d3aa8292') in 0.009710 seconds
  Import took 0.012898 seconds .

========================================================================
Received Import Request.
  Time since last request: 0.001913 seconds.
  path: Assets/Asteroids/SpawnNewAsteroids.cs
  artifactKey: Guid(c52c4b47505b19040a9da24231b21107) Importer(815301076,1909f56bfc062723c751e8b465ee728b)
Start importing Assets/Asteroids/SpawnNewAsteroids.cs using Guid(c52c4b47505b19040a9da24231b21107) Importer(815301076,1909f56bfc062723c751e8b465ee728b)  -> (artifact id: '950fa3c1b334dfe894f63467d3aa8292') in 0.001873 seconds
  Import took 0.004222 seconds .

========================================================================
Received Prepare
Registering precompiled user dll's ...
Registered in 0.001098 seconds.
Begin MonoManager ReloadAssembly
Native extension for WindowsStandalone target not found
Native extension for WebGL target not found
Refreshing native plugins compatible for Editor in 0.58 ms, found 1 plugins.
Preloading 0 native plugins for Editor in 0.00 ms.
Invoked RoslynAnalysisRunner static constructor.
RoslynAnalysisRunner will not be running.
RoslynAnalysisRunner has terminated.
Mono: successfully reloaded assembly
- Completed reload, in  0.813 seconds
Platform modules already initialized, skipping
Refreshing native plugins compatible for Editor in 0.35 ms, found 1 plugins.
Preloading 0 native plugins for Editor in 0.00 ms.
Unloading 1802 Unused Serialized files (Serialized files now loaded: 0)
System memory in use before: 88.6 MB.
System memory in use after: 88.6 MB.

Unloading 12 unused Assets to reduce memory usage. Loaded Objects now: 2340.
Total: 3.411700 ms (FindLiveObjects: 0.270700 ms CreateObjectMapping: 0.048100 ms MarkObjects: 2.833600 ms  DeleteObjects: 0.257800 ms)

========================================================================
Received Prepare
Registering precompiled user dll's ...
Registered in 0.000842 seconds.
Begin MonoManager ReloadAssembly
Native extension for WindowsStandalone target not found
Native extension for WebGL target not found
Refreshing native plugins compatible for Editor in 0.65 ms, found 1 plugins.
Preloading 0 native plugins for Editor in 0.00 ms.
Invoked RoslynAnalysisRunner static constructor.
RoslynAnalysisRunner will not be running.
RoslynAnalysisRunner has terminated.
Mono: successfully reloaded assembly
- Completed reload, in  0.810 seconds
Platform modules already initialized, skipping
Refreshing native plugins compatible for Editor in 0.82 ms, found 1 plugins.
Preloading 0 native plugins for Editor in 0.00 ms.
Unloading 1802 Unused Serialized files (Serialized files now loaded: 0)
System memory in use before: 88.6 MB.
System memory in use after: 88.6 MB.

Unloading 12 unused Assets to reduce memory usage. Loaded Objects now: 2343.
Total: 2.543600 ms (FindLiveObjects: 0.194000 ms CreateObjectMapping: 0.045200 ms MarkObjects: 2.122300 ms  DeleteObjects: 0.180700 ms)

========================================================================
Received Import Request.
  Time since last request: 265.687064 seconds.
  path: Assets/Asteroids/SpawnNewAsteroids.cs
  artifactKey: Guid(c52c4b47505b19040a9da24231b21107) Importer(815301076,1909f56bfc062723c751e8b465ee728b)
Start importing Assets/Asteroids/SpawnNewAsteroids.cs using Guid(c52c4b47505b19040a9da24231b21107) Importer(815301076,1909f56bfc062723c751e8b465ee728b)  -> (artifact id: '4e31241169cd851cbd8a45da8bfde8ae') in 0.007931 seconds
  Import took 0.011840 seconds .

========================================================================
Received Prepare
Registering precompiled user dll's ...
Registered in 0.000941 seconds.
Begin MonoManager ReloadAssembly
Native extension for WindowsStandalone target not found
Native extension for WebGL target not found
Refreshing native plugins compatible for Editor in 0.86 ms, found 1 plugins.
Preloading 0 native plugins for Editor in 0.00 ms.
Invoked RoslynAnalysisRunner static constructor.
RoslynAnalysisRunner will not be running.
RoslynAnalysisRunner has terminated.
Mono: successfully reloaded assembly
- Completed reload, in  0.800 seconds
Platform modules already initialized, skipping
Refreshing native plugins compatible for Editor in 0.34 ms, found 1 plugins.
Preloading 0 native plugins for Editor in 0.00 ms.
Unloading 1802 Unused Serialized files (Serialized files now loaded: 0)
System memory in use before: 88.6 MB.
System memory in use after: 88.6 MB.

Unloading 12 unused Assets to reduce memory usage. Loaded Objects now: 2346.
Total: 2.480100 ms (FindLiveObjects: 0.516400 ms CreateObjectMapping: 0.065000 ms MarkObjects: 1.787300 ms  DeleteObjects: 0.109600 ms)

========================================================================
Received Prepare
Registering precompiled user dll's ...
Registered in 0.001250 seconds.
Begin MonoManager ReloadAssembly
Native extension for WindowsStandalone target not found
Native extension for WebGL target not found
Refreshing native plugins compatible for Editor in 0.35 ms, found 1 plugins.
Preloading 0 native plugins for Editor in 0.00 ms.
Invoked RoslynAnalysisRunner static constructor.
RoslynAnalysisRunner will not be running.
RoslynAnalysisRunner has terminated.
Mono: successfully reloaded assembly
- Completed reload, in  0.752 seconds
Platform modules already initialized, skipping
Refreshing native plugins compatible for Editor in 0.54 ms, found 1 plugins.
Preloading 0 native plugins for Editor in 0.00 ms.
Unloading 1802 Unused Serialized files (Serialized files now loaded: 0)
System memory in use before: 88.6 MB.
System memory in use after: 88.6 MB.

Unloading 12 unused Assets to reduce memory usage. Loaded Objects now: 2349.
Total: 1.785800 ms (FindLiveObjects: 0.209900 ms CreateObjectMapping: 0.049500 ms MarkObjects: 1.433000 ms  DeleteObjects: 0.092600 ms)

========================================================================
Received Import Request.
  Time since last request: 305.126503 seconds.
  path: Assets/Asteroids/AsteroidBehaviour.cs
  artifactKey: Guid(cc45806a28cce3649a983868d68a8a22) Importer(815301076,1909f56bfc062723c751e8b465ee728b)
Start importing Assets/Asteroids/AsteroidBehaviour.cs using Guid(cc45806a28cce3649a983868d68a8a22) Importer(815301076,1909f56bfc062723c751e8b465ee728b)  -> (artifact id: 'd8a6e6b303cf6e8bf4747e5473e2a2b0') in 0.005979 seconds
  Import took 0.022883 seconds .

========================================================================
Received Prepare
Registering precompiled user dll's ...
Registered in 0.000944 seconds.
Begin MonoManager ReloadAssembly
Native extension for WindowsStandalone target not found
Native extension for WebGL target not found
Refreshing native plugins compatible for Editor in 0.37 ms, found 1 plugins.
Preloading 0 native plugins for Editor in 0.00 ms.
Invoked RoslynAnalysisRunner static constructor.
RoslynAnalysisRunner will not be running.
RoslynAnalysisRunner has terminated.
Mono: successfully reloaded assembly
- Completed reload, in  0.831 seconds
Platform modules already initialized, skipping
Refreshing native plugins compatible for Editor in 0.42 ms, found 1 plugins.
Preloading 0 native plugins for Editor in 0.00 ms.
Unloading 1802 Unused Serialized files (Serialized files now loaded: 0)
System memory in use before: 88.6 MB.
System memory in use after: 88.6 MB.

Unloading 12 unused Assets to reduce memory usage. Loaded Objects now: 2352.
Total: 2.030000 ms (FindLiveObjects: 0.252200 ms CreateObjectMapping: 0.049400 ms MarkObjects: 1.623500 ms  DeleteObjects: 0.103800 ms)

========================================================================
Received Import Request.
  Time since last request: 105.782638 seconds.
  path: Assets/Asteroids/AsteroidsHUD.cs
  artifactKey: Guid(c3669ca071482b04b9692c83c78de4dd) Importer(815301076,1909f56bfc062723c751e8b465ee728b)
Start importing Assets/Asteroids/AsteroidsHUD.cs using Guid(c3669ca071482b04b9692c83c78de4dd) Importer(815301076,1909f56bfc062723c751e8b465ee728b)  -> (artifact id: 'b2f7276ebd31199791340c3df7939ee8') in 0.007573 seconds
  Import took 0.016208 seconds .

========================================================================
Received Prepare
Registering precompiled user dll's ...
Registered in 0.000921 seconds.
Begin MonoManager ReloadAssembly
Native extension for WindowsStandalone target not found
Native extension for WebGL target not found
Refreshing native plugins compatible for Editor in 0.37 ms, found 1 plugins.
Preloading 0 native plugins for Editor in 0.00 ms.
Invoked RoslynAnalysisRunner static constructor.
RoslynAnalysisRunner will not be running.
RoslynAnalysisRunner has terminated.
Mono: successfully reloaded assembly
- Completed reload, in  0.776 seconds
Platform modules already initialized, skipping
Refreshing native plugins compatible for Editor in 0.39 ms, found 1 plugins.
Preloading 0 native plugins for Editor in 0.00 ms.
Unloading 1802 Unused Serialized files (Serialized files now loaded: 0)
System memory in use before: 88.7 MB.
System memory in use after: 88.7 MB.

Unloading 12 unused Assets to reduce memory usage. Loaded Objects now: 2355.
Total: 2.928300 ms (FindLiveObjects: 0.517200 ms CreateObjectMapping: 0.075000 ms MarkObjects: 2.194600 ms  DeleteObjects: 0.140000 ms)

========================================================================
Received Import Request.
  Time since last request: 44.328429 seconds.
  path: ProjectSettings/TagManager.asset
  artifactKey: Guid(00000000000000003000000000000000) Importer(815301076,1909f56bfc062723c751e8b465ee728b)
Start importing ProjectSettings/TagManager.asset using Guid(00000000000000003000000000000000) Importer(815301076,1909f56bfc062723c751e8b465ee728b)  -> (artifact id: '49911435040d8da91ca6f29787b91a89') in 0.012235 seconds
  Import took 0.015354 seconds .

========================================================================
Received Import Request.
  Time since last request: 10.521430 seconds.
  path: Assets/Asteroids/Asteroid.prefab
  artifactKey: Guid(9f602d67d28c6304697e7b0236d2fa49) Importer(815301076,1909f56bfc062723c751e8b465ee728b)
Start importing Assets/Asteroids/Asteroid.prefab using Guid(9f602d67d28c6304697e7b0236d2fa49) Importer(815301076,1909f56bfc062723c751e8b465ee728b)  -> (artifact id: '29147b7523d15b1f6d4e8955ad8c0a1c') in 0.039552 seconds
  Import took 0.042819 seconds .

========================================================================
Received Prepare
Registering precompiled user dll's ...
Registered in 0.001614 seconds.
Begin MonoManager ReloadAssembly
Native extension for WindowsStandalone target not found
Native extension for WebGL target not found
Refreshing native plugins compatible for Editor in 0.38 ms, found 1 plugins.
Preloading 0 native plugins for Editor in 0.00 ms.
Invoked RoslynAnalysisRunner static constructor.
RoslynAnalysisRunner will not be running.
RoslynAnalysisRunner has terminated.
Mono: successfully reloaded assembly
- Completed reload, in  0.766 seconds
Platform modules already initialized, skipping
Refreshing native plugins compatible for Editor in 0.46 ms, found 1 plugins.
Preloading 0 native plugins for Editor in 0.00 ms.
Unloading 1802 Unused Serialized files (Serialized files now loaded: 0)
System memory in use before: 88.7 MB.
System memory in use after: 88.7 MB.

Unloading 13 unused Assets to reduce memory usage. Loaded Objects now: 2359.
Total: 2.784000 ms (FindLiveObjects: 0.386500 ms CreateObjectMapping: 0.050200 ms MarkObjects: 2.196100 ms  DeleteObjects: 0.149700 ms)

========================================================================
Received Prepare
Registering precompiled user dll's ...
Registered in 0.000963 seconds.
Begin MonoManager ReloadAssembly
Native extension for WindowsStandalone target not found
Native extension for WebGL target not found
Refreshing native plugins compatible for Editor in 0.51 ms, found 1 plugins.
Preloading 0 native plugins for Editor in 0.00 ms.
Invoked RoslynAnalysisRunner static constructor.
RoslynAnalysisRunner will not be running.
RoslynAnalysisRunner has terminated.
Mono: successfully reloaded assembly
- Completed reload, in  0.795 seconds
Platform modules already initialized, skipping
Refreshing native plugins compatible for Editor in 1.03 ms, found 1 plugins.
Preloading 0 native plugins for Editor in 0.00 ms.
Unloading 1802 Unused Serialized files (Serialized files now loaded: 0)
System memory in use before: 88.7 MB.
System memory in use after: 88.7 MB.

Unloading 12 unused Assets to reduce memory usage. Loaded Objects now: 2362.
Total: 1.824900 ms (FindLiveObjects: 0.233000 ms CreateObjectMapping: 0.042500 ms MarkObjects: 1.448400 ms  DeleteObjects: 0.099400 ms)

========================================================================
Received Prepare
Registering precompiled user dll's ...
Registered in 0.000912 seconds.
Begin MonoManager ReloadAssembly
Native extension for WindowsStandalone target not found
Native extension for WebGL target not found
Refreshing native plugins compatible for Editor in 0.52 ms, found 1 plugins.
Preloading 0 native plugins for Editor in 0.00 ms.
Invoked RoslynAnalysisRunner static constructor.
RoslynAnalysisRunner will not be running.
RoslynAnalysisRunner has terminated.
Mono: successfully reloaded assembly
- Completed reload, in  0.737 seconds
Platform modules already initialized, skipping
Refreshing native plugins compatible for Editor in 0.54 ms, found 1 plugins.
Preloading 0 native plugins for Editor in 0.00 ms.
Unloading 1802 Unused Serialized files (Serialized files now loaded: 0)
System memory in use before: 88.7 MB.
System memory in use after: 88.7 MB.

Unloading 12 unused Assets to reduce memory usage. Loaded Objects now: 2365.
Total: 1.910800 ms (FindLiveObjects: 0.199300 ms CreateObjectMapping: 0.043700 ms MarkObjects: 1.571400 ms  DeleteObjects: 0.095200 ms)

========================================================================
Received Prepare
Registering precompiled user dll's ...
Registered in 0.001029 seconds.
Begin MonoManager ReloadAssembly
Native extension for WindowsStandalone target not found
Native extension for WebGL target not found
Refreshing native plugins compatible for Editor in 0.58 ms, found 1 plugins.
Preloading 0 native plugins for Editor in 0.00 ms.
Invoked RoslynAnalysisRunner static constructor.
RoslynAnalysisRunner will not be running.
RoslynAnalysisRunner has terminated.
Mono: successfully reloaded assembly
- Completed reload, in  0.821 seconds
Platform modules already initialized, skipping
Refreshing native plugins compatible for Editor in 0.39 ms, found 1 plugins.
Preloading 0 native plugins for Editor in 0.00 ms.
Unloading 1802 Unused Serialized files (Serialized files now loaded: 0)
System memory in use before: 88.7 MB.
System memory in use after: 88.7 MB.

Unloading 12 unused Assets to reduce memory usage. Loaded Objects now: 2368.
Total: 2.198900 ms (FindLiveObjects: 0.322200 ms CreateObjectMapping: 0.041800 ms MarkObjects: 1.709400 ms  DeleteObjects: 0.122900 ms)

