Using pre-set license
Built from '2020.2/release' branch; Version is '2020.2.4f1 (becced5a802b) revision 12504301'; Using compiler version '192528614'; Build Type 'Release'
OS: 'Windows 10 Home; OS build 19043.1348; Version 2009; 64bit' Language: 'en' Physical Memory: 16317 MB
BatchMode: 1, IsHumanControllingUs: 0, StartBugReporterOnCrash: 0, Is64bit: 1, IsPro: 0

 COMMAND LINE ARGUMENTS:
C:\Program Files\Unity\Hub\Editor\2020.2.4f1\Editor\Unity.exe
-adb2
-batchMode
-noUpm
-name
AssetImportWorker0
-projectPath
D:/Unity Projects/TeachingProjects/EricLGeekEduProject/EricLuGeekEduProject
-logFile
Logs/AssetImportWorker0.log
-srvPort
60703
Successfully changed project path to: D:/Unity Projects/TeachingProjects/EricLGeekEduProject/EricLuGeekEduProject
D:/Unity Projects/TeachingProjects/EricLGeekEduProject/EricLuGeekEduProject
Using Asset Import Pipeline V2.
Refreshing native plugins compatible for Editor in 34.16 ms, found 1 plugins.
Preloading 0 native plugins for Editor in 0.00 ms.
Initialize engine version: 2020.2.4f1 (becced5a802b)
[Subsystems] Discovering subsystems at path C:/Program Files/Unity/Hub/Editor/2020.2.4f1/Editor/Data/Resources/UnitySubsystems
[Subsystems] Discovering subsystems at path D:/Unity Projects/TeachingProjects/EricLGeekEduProject/EricLuGeekEduProject/Assets
GfxDevice: creating device client; threaded=0
Direct3D:
    Version:  Direct3D 11.0 [level 11.1]
    Renderer: NVIDIA GeForce RTX 2060 SUPER (ID=0x1f06)
    Vendor:   
    VRAM:     8031 MB
    Driver:   30.0.14.7196
Initialize mono
Mono path[0] = 'C:/Program Files/Unity/Hub/Editor/2020.2.4f1/Editor/Data/Managed'
Mono path[1] = 'C:/Program Files/Unity/Hub/Editor/2020.2.4f1/Editor/Data/MonoBleedingEdge/lib/mono/unityjit'
Mono config path = 'C:/Program Files/Unity/Hub/Editor/2020.2.4f1/Editor/Data/MonoBleedingEdge/etc'
Using monoOptions --debugger-agent=transport=dt_socket,embedding=1,server=y,suspend=n,address=127.0.0.1:56980
Begin MonoManager ReloadAssembly
Registering precompiled unity dll's ...
Register platform support module: C:/Program Files/Unity/Hub/Editor/2020.2.4f1/Editor/Data/PlaybackEngines/WebGLSupport/UnityEditor.WebGL.Extensions.dll
Register platform support module: C:/Program Files/Unity/Hub/Editor/2020.2.4f1/Editor/Data/PlaybackEngines/WindowsStandaloneSupport/UnityEditor.WindowsStandalone.Extensions.dll
Registered in 0.002967 seconds.
Native extension for WindowsStandalone target not found
Native extension for WebGL target not found
Refreshing native plugins compatible for Editor in 36.13 ms, found 1 plugins.
Preloading 0 native plugins for Editor in 0.00 ms.
Invoked RoslynAnalysisRunner static constructor.
RoslynAnalysisRunner will not be running.
RoslynAnalysisRunner has terminated.
Mono: successfully reloaded assembly
- Completed reload, in  1.925 seconds
Platform modules already initialized, skipping
Registering precompiled user dll's ...
Registered in 0.000795 seconds.
Begin MonoManager ReloadAssembly
Native extension for WindowsStandalone target not found
Native extension for WebGL target not found
Refreshing native plugins compatible for Editor in 35.81 ms, found 1 plugins.
Preloading 0 native plugins for Editor in 0.00 ms.
Invoked RoslynAnalysisRunner static constructor.
RoslynAnalysisRunner will not be running.
RoslynAnalysisRunner has terminated.
Mono: successfully reloaded assembly
- Completed reload, in  0.971 seconds
Platform modules already initialized, skipping
========================================================================
Worker process is ready to serve import requests
Launched and connected shader compiler UnityShaderCompiler.exe after 0.04 seconds
Refreshing native plugins compatible for Editor in 0.45 ms, found 1 plugins.
Preloading 0 native plugins for Editor in 0.00 ms.
Unloading 1807 Unused Serialized files (Serialized files now loaded: 0)
System memory in use before: 85.2 MB.
System memory in use after: 85.2 MB.

Unloading 24 unused Assets to reduce memory usage. Loaded Objects now: 2250.
Total: 2.073800 ms (FindLiveObjects: 0.190900 ms CreateObjectMapping: 0.041000 ms MarkObjects: 1.729400 ms  DeleteObjects: 0.111300 ms)

========================================================================
Received Import Request.
  path: Assets/Scenes/CrossyRoad.unity
  artifactKey: Guid(ae21c2c070fe1954a815874fb9e6bdc8) Importer(815301076,1909f56bfc062723c751e8b465ee728b)
Start importing Assets/Scenes/CrossyRoad.unity using Guid(ae21c2c070fe1954a815874fb9e6bdc8) Importer(815301076,1909f56bfc062723c751e8b465ee728b)  -> (artifact id: '4317616875282c516149ef7b957430a2') in 0.018673 seconds
  Import took 0.022162 seconds .

========================================================================
Received Import Request.
  Time since last request: 14.778566 seconds.
  path: Assets/CrossyRoad
  artifactKey: Guid(f782b75654310e447ba0777569dbee0b) Importer(815301076,1909f56bfc062723c751e8b465ee728b)
Start importing Assets/CrossyRoad using Guid(f782b75654310e447ba0777569dbee0b) Importer(815301076,1909f56bfc062723c751e8b465ee728b)  -> (artifact id: 'ec89832e85c3635cbec0c3d6f47f1243') in 0.007994 seconds
  Import took 0.010877 seconds .

========================================================================
Received Import Request.
  Time since last request: 111.877146 seconds.
  path: Assets/CrossyRoad/PlayerScript.cs
  artifactKey: Guid(2aaf34d16e4646c40aa0f46574a9473b) Importer(815301076,1909f56bfc062723c751e8b465ee728b)
Start importing Assets/CrossyRoad/PlayerScript.cs using Guid(2aaf34d16e4646c40aa0f46574a9473b) Importer(815301076,1909f56bfc062723c751e8b465ee728b)  -> (artifact id: '2e3cd45b8c981f2197e4ce4e583e0334') in 0.024250 seconds
  Import took 0.028389 seconds .

========================================================================
Received Prepare
Registering precompiled user dll's ...
Registered in 0.002160 seconds.
Begin MonoManager ReloadAssembly
Native extension for WindowsStandalone target not found
Native extension for WebGL target not found
Refreshing native plugins compatible for Editor in 0.53 ms, found 1 plugins.
Preloading 0 native plugins for Editor in 0.00 ms.
Invoked RoslynAnalysisRunner static constructor.
RoslynAnalysisRunner will not be running.
RoslynAnalysisRunner has terminated.
Mono: successfully reloaded assembly
- Completed reload, in  0.772 seconds
Platform modules already initialized, skipping
Refreshing native plugins compatible for Editor in 0.35 ms, found 1 plugins.
Preloading 0 native plugins for Editor in 0.00 ms.
Unloading 1803 Unused Serialized files (Serialized files now loaded: 0)
System memory in use before: 85.2 MB.
System memory in use after: 85.2 MB.

Unloading 12 unused Assets to reduce memory usage. Loaded Objects now: 2254.
Total: 2.247700 ms (FindLiveObjects: 0.218300 ms CreateObjectMapping: 0.042500 ms MarkObjects: 1.832200 ms  DeleteObjects: 0.152900 ms)

========================================================================
Received Prepare
Registering precompiled user dll's ...
Registered in 0.001956 seconds.
Begin MonoManager ReloadAssembly
Native extension for WindowsStandalone target not found
Native extension for WebGL target not found
Refreshing native plugins compatible for Editor in 0.40 ms, found 1 plugins.
Preloading 0 native plugins for Editor in 0.00 ms.
Invoked RoslynAnalysisRunner static constructor.
RoslynAnalysisRunner will not be running.
RoslynAnalysisRunner has terminated.
Mono: successfully reloaded assembly
- Completed reload, in  0.752 seconds
Platform modules already initialized, skipping
Refreshing native plugins compatible for Editor in 0.34 ms, found 1 plugins.
Preloading 0 native plugins for Editor in 0.00 ms.
Unloading 1803 Unused Serialized files (Serialized files now loaded: 0)
System memory in use before: 85.3 MB.
System memory in use after: 85.3 MB.

Unloading 12 unused Assets to reduce memory usage. Loaded Objects now: 2257.
Total: 1.958900 ms (FindLiveObjects: 0.293200 ms CreateObjectMapping: 0.045400 ms MarkObjects: 1.487100 ms  DeleteObjects: 0.131900 ms)

========================================================================
Received Import Request.
  Time since last request: 306.086262 seconds.
  path: Assets/CrossyRoad/PlayerScript.cs
  artifactKey: Guid(2aaf34d16e4646c40aa0f46574a9473b) Importer(815301076,1909f56bfc062723c751e8b465ee728b)
Start importing Assets/CrossyRoad/PlayerScript.cs using Guid(2aaf34d16e4646c40aa0f46574a9473b) Importer(815301076,1909f56bfc062723c751e8b465ee728b)  -> (artifact id: '502db8d110517e26270d6afffd8975ac') in 0.012552 seconds
  Import took 0.027276 seconds .

========================================================================
Received Prepare
Registering precompiled user dll's ...
Registered in 0.000828 seconds.
Begin MonoManager ReloadAssembly
Native extension for WindowsStandalone target not found
Native extension for WebGL target not found
Refreshing native plugins compatible for Editor in 1.32 ms, found 1 plugins.
Preloading 0 native plugins for Editor in 0.00 ms.
Invoked RoslynAnalysisRunner static constructor.
RoslynAnalysisRunner will not be running.
RoslynAnalysisRunner has terminated.
Mono: successfully reloaded assembly
- Completed reload, in  0.768 seconds
Platform modules already initialized, skipping
Refreshing native plugins compatible for Editor in 0.34 ms, found 1 plugins.
Preloading 0 native plugins for Editor in 0.00 ms.
Unloading 1803 Unused Serialized files (Serialized files now loaded: 0)
System memory in use before: 85.3 MB.
System memory in use after: 85.3 MB.

Unloading 12 unused Assets to reduce memory usage. Loaded Objects now: 2260.
Total: 3.840100 ms (FindLiveObjects: 0.437300 ms CreateObjectMapping: 0.055100 ms MarkObjects: 3.236200 ms  DeleteObjects: 0.109600 ms)

========================================================================
Received Import Request.
  Time since last request: 176.485741 seconds.
  path: Assets/CrossyRoad/PlayerMaterial.mat
  artifactKey: Guid(d338f997650fe2d4ea99193c1174f5d1) Importer(815301076,1909f56bfc062723c751e8b465ee728b)
Start importing Assets/CrossyRoad/PlayerMaterial.mat using Guid(d338f997650fe2d4ea99193c1174f5d1) Importer(815301076,1909f56bfc062723c751e8b465ee728b)  -> (artifact id: 'c99f279760b72e9a4632cd1ed6336f2b') in 0.091709 seconds
  Import took 0.095216 seconds .

========================================================================
Received Import Request.
  Time since last request: 97.778092 seconds.
  path: Assets/CrossyRoad/GrassMaterial.mat
  artifactKey: Guid(639fd38873949df4ea82d61ca24fc58e) Importer(815301076,1909f56bfc062723c751e8b465ee728b)
Start importing Assets/CrossyRoad/GrassMaterial.mat using Guid(639fd38873949df4ea82d61ca24fc58e) Importer(815301076,1909f56bfc062723c751e8b465ee728b)  -> (artifact id: '09c7c1abcea76d6c304de640dadcca8e') in 0.018529 seconds
  Import took 0.022589 seconds .

========================================================================
Received Import Request.
  Time since last request: 58.233165 seconds.
  path: Assets/CrossyRoad/RoadMaterial.mat
  artifactKey: Guid(7b71894ebea6f4746ae371ec9ec9aeaf) Importer(815301076,1909f56bfc062723c751e8b465ee728b)
Start importing Assets/CrossyRoad/RoadMaterial.mat using Guid(7b71894ebea6f4746ae371ec9ec9aeaf) Importer(815301076,1909f56bfc062723c751e8b465ee728b)  -> (artifact id: 'f7f33ba45ce3c90d74b19368c71afd21') in 0.017323 seconds
  Import took 0.021270 seconds .

========================================================================
Received Import Request.
  Time since last request: 361.782323 seconds.
  path: ProjectSettings/TagManager.asset
  artifactKey: Guid(00000000000000003000000000000000) Importer(815301076,1909f56bfc062723c751e8b465ee728b)
Start importing ProjectSettings/TagManager.asset using Guid(00000000000000003000000000000000) Importer(815301076,1909f56bfc062723c751e8b465ee728b)  -> (artifact id: '310cd6c1eae9bb745ea8a7c456218a24') in 0.010388 seconds
  Import took 0.027368 seconds .

========================================================================
Received Import Request.
  Time since last request: 127.635410 seconds.
  path: Assets/CrossyRoad/RoadManager.cs
  artifactKey: Guid(fce4b340e3960c24b810f721ac5ce035) Importer(815301076,1909f56bfc062723c751e8b465ee728b)
Start importing Assets/CrossyRoad/RoadManager.cs using Guid(fce4b340e3960c24b810f721ac5ce035) Importer(815301076,1909f56bfc062723c751e8b465ee728b)  -> (artifact id: '01fc38c28c657726cfa7745b6d8e298b') in 0.009429 seconds
  Import took 0.015023 seconds .

========================================================================
Received Prepare
Registering precompiled user dll's ...
Registered in 0.001035 seconds.
Begin MonoManager ReloadAssembly
Native extension for WindowsStandalone target not found
Native extension for WebGL target not found
Refreshing native plugins compatible for Editor in 0.65 ms, found 1 plugins.
Preloading 0 native plugins for Editor in 0.00 ms.
Invoked RoslynAnalysisRunner static constructor.
RoslynAnalysisRunner will not be running.
RoslynAnalysisRunner has terminated.
Mono: successfully reloaded assembly
- Completed reload, in  0.828 seconds
Platform modules already initialized, skipping
Refreshing native plugins compatible for Editor in 0.38 ms, found 1 plugins.
Preloading 0 native plugins for Editor in 0.00 ms.
Unloading 1804 Unused Serialized files (Serialized files now loaded: 0)
System memory in use before: 88.7 MB.
System memory in use after: 88.7 MB.

Unloading 13 unused Assets to reduce memory usage. Loaded Objects now: 2304.
Total: 3.964300 ms (FindLiveObjects: 0.418200 ms CreateObjectMapping: 0.058800 ms MarkObjects: 3.325200 ms  DeleteObjects: 0.160100 ms)

========================================================================
Received Import Request.
  Time since last request: 16.057092 seconds.
  path: Assets/CrossyRoad/GrassRoad.prefab
  artifactKey: Guid(415bb33c9b97b844cb49cf846d5b836c) Importer(815301076,1909f56bfc062723c751e8b465ee728b)
Start importing Assets/CrossyRoad/GrassRoad.prefab using Guid(415bb33c9b97b844cb49cf846d5b836c) Importer(815301076,1909f56bfc062723c751e8b465ee728b)  -> (artifact id: '345f31e518af18d428e7642d7967cefd') in 0.064777 seconds
  Import took 0.072793 seconds .

========================================================================
Received Import Request.
  Time since last request: 0.000844 seconds.
  path: Assets/CrossyRoad/GrassRoad.prefab
  artifactKey: Guid(415bb33c9b97b844cb49cf846d5b836c) Importer(815301076,1909f56bfc062723c751e8b465ee728b)
Start importing Assets/CrossyRoad/GrassRoad.prefab using Guid(415bb33c9b97b844cb49cf846d5b836c) Importer(815301076,1909f56bfc062723c751e8b465ee728b)  -> (artifact id: '345f31e518af18d428e7642d7967cefd') in 0.011439 seconds
  Import took 0.014148 seconds .

========================================================================
Received Import Request.
  Time since last request: 2.867715 seconds.
  path: Assets/CrossyRoad/RightSideTraffic.prefab
  artifactKey: Guid(42a790bc80370254086f8195f85e3f86) Importer(815301076,1909f56bfc062723c751e8b465ee728b)
Start importing Assets/CrossyRoad/RightSideTraffic.prefab using Guid(42a790bc80370254086f8195f85e3f86) Importer(815301076,1909f56bfc062723c751e8b465ee728b)  -> (artifact id: 'dca84f28ac3cac097f33ea17b165eca6') in 0.017760 seconds
  Import took 0.021622 seconds .

========================================================================
Received Import Request.
  Time since last request: 2.228356 seconds.
  path: Assets/CrossyRoad/LeftSideTraffic.prefab
  artifactKey: Guid(4ea2767abcd7e2e48ad603422d112fef) Importer(815301076,1909f56bfc062723c751e8b465ee728b)
Start importing Assets/CrossyRoad/LeftSideTraffic.prefab using Guid(4ea2767abcd7e2e48ad603422d112fef) Importer(815301076,1909f56bfc062723c751e8b465ee728b)  -> (artifact id: 'eb391029104cae782159920a26c82e68') in 0.015355 seconds
  Import took 0.018607 seconds .

========================================================================
Received Prepare
Registering precompiled user dll's ...
Registered in 0.002097 seconds.
Begin MonoManager ReloadAssembly
Native extension for WindowsStandalone target not found
Native extension for WebGL target not found
Refreshing native plugins compatible for Editor in 0.39 ms, found 1 plugins.
Preloading 0 native plugins for Editor in 0.00 ms.
Invoked RoslynAnalysisRunner static constructor.
RoslynAnalysisRunner will not be running.
RoslynAnalysisRunner has terminated.
Mono: successfully reloaded assembly
- Completed reload, in  0.830 seconds
Platform modules already initialized, skipping
Refreshing native plugins compatible for Editor in 0.43 ms, found 1 plugins.
Preloading 0 native plugins for Editor in 0.00 ms.
Unloading 1804 Unused Serialized files (Serialized files now loaded: 0)
System memory in use before: 88.7 MB.
System memory in use after: 88.7 MB.

Unloading 12 unused Assets to reduce memory usage. Loaded Objects now: 2309.
Total: 1.715000 ms (FindLiveObjects: 0.169200 ms CreateObjectMapping: 0.041800 ms MarkObjects: 1.419500 ms  DeleteObjects: 0.083800 ms)

========================================================================
Received Import Request.
  Time since last request: 411.743151 seconds.
  path: Assets/CrossyRoad/RoadManager.cs
  artifactKey: Guid(fce4b340e3960c24b810f721ac5ce035) Importer(815301076,1909f56bfc062723c751e8b465ee728b)
Start importing Assets/CrossyRoad/RoadManager.cs using Guid(fce4b340e3960c24b810f721ac5ce035) Importer(815301076,1909f56bfc062723c751e8b465ee728b)  -> (artifact id: '5c28e4906451412479868fe11164b351') in 0.004702 seconds
  Import took 0.007441 seconds .

========================================================================
Received Prepare
Registering precompiled user dll's ...
Registered in 0.001301 seconds.
Begin MonoManager ReloadAssembly
Native extension for WindowsStandalone target not found
Native extension for WebGL target not found
Refreshing native plugins compatible for Editor in 0.54 ms, found 1 plugins.
Preloading 0 native plugins for Editor in 0.00 ms.
Invoked RoslynAnalysisRunner static constructor.
RoslynAnalysisRunner will not be running.
RoslynAnalysisRunner has terminated.
Mono: successfully reloaded assembly
- Completed reload, in  0.775 seconds
Platform modules already initialized, skipping
Refreshing native plugins compatible for Editor in 1.01 ms, found 1 plugins.
Preloading 0 native plugins for Editor in 0.00 ms.
Unloading 1804 Unused Serialized files (Serialized files now loaded: 0)
System memory in use before: 88.7 MB.
System memory in use after: 88.7 MB.

Unloading 12 unused Assets to reduce memory usage. Loaded Objects now: 2312.
Total: 1.840800 ms (FindLiveObjects: 0.215500 ms CreateObjectMapping: 0.040000 ms MarkObjects: 1.492000 ms  DeleteObjects: 0.092100 ms)

========================================================================
Received Prepare
Registering precompiled user dll's ...
Registered in 0.001242 seconds.
Begin MonoManager ReloadAssembly
Native extension for WindowsStandalone target not found
Native extension for WebGL target not found
Refreshing native plugins compatible for Editor in 0.49 ms, found 1 plugins.
Preloading 0 native plugins for Editor in 0.00 ms.
Invoked RoslynAnalysisRunner static constructor.
RoslynAnalysisRunner will not be running.
RoslynAnalysisRunner has terminated.
Mono: successfully reloaded assembly
- Completed reload, in  0.821 seconds
Platform modules already initialized, skipping
Refreshing native plugins compatible for Editor in 0.34 ms, found 1 plugins.
Preloading 0 native plugins for Editor in 0.00 ms.
Unloading 1804 Unused Serialized files (Serialized files now loaded: 0)
System memory in use before: 88.7 MB.
System memory in use after: 88.7 MB.

Unloading 12 unused Assets to reduce memory usage. Loaded Objects now: 2315.
Total: 2.016100 ms (FindLiveObjects: 0.189300 ms CreateObjectMapping: 0.045600 ms MarkObjects: 1.657100 ms  DeleteObjects: 0.122800 ms)

========================================================================
Received Prepare
Registering precompiled user dll's ...
Registered in 0.000884 seconds.
Begin MonoManager ReloadAssembly
Native extension for WindowsStandalone target not found
Native extension for WebGL target not found
Refreshing native plugins compatible for Editor in 0.51 ms, found 1 plugins.
Preloading 0 native plugins for Editor in 0.00 ms.
Invoked RoslynAnalysisRunner static constructor.
RoslynAnalysisRunner will not be running.
RoslynAnalysisRunner has terminated.
Mono: successfully reloaded assembly
- Completed reload, in  0.828 seconds
Platform modules already initialized, skipping
Refreshing native plugins compatible for Editor in 0.46 ms, found 1 plugins.
Preloading 0 native plugins for Editor in 0.00 ms.
Unloading 1804 Unused Serialized files (Serialized files now loaded: 0)
System memory in use before: 88.7 MB.
System memory in use after: 88.7 MB.

Unloading 12 unused Assets to reduce memory usage. Loaded Objects now: 2318.
Total: 2.984300 ms (FindLiveObjects: 0.302100 ms CreateObjectMapping: 0.051600 ms MarkObjects: 2.513200 ms  DeleteObjects: 0.116400 ms)

========================================================================
Received Prepare
Registering precompiled user dll's ...
Registered in 0.001373 seconds.
Begin MonoManager ReloadAssembly
Native extension for WindowsStandalone target not found
Native extension for WebGL target not found
Refreshing native plugins compatible for Editor in 0.69 ms, found 1 plugins.
Preloading 0 native plugins for Editor in 0.00 ms.
Invoked RoslynAnalysisRunner static constructor.
RoslynAnalysisRunner will not be running.
RoslynAnalysisRunner has terminated.
Mono: successfully reloaded assembly
- Completed reload, in  0.774 seconds
Platform modules already initialized, skipping
Refreshing native plugins compatible for Editor in 0.36 ms, found 1 plugins.
Preloading 0 native plugins for Editor in 0.00 ms.
Unloading 1804 Unused Serialized files (Serialized files now loaded: 0)
System memory in use before: 88.7 MB.
System memory in use after: 88.7 MB.

Unloading 12 unused Assets to reduce memory usage. Loaded Objects now: 2321.
Total: 2.560100 ms (FindLiveObjects: 0.302200 ms CreateObjectMapping: 0.053200 ms MarkObjects: 2.071000 ms  DeleteObjects: 0.132500 ms)

========================================================================
Received Prepare
Registering precompiled user dll's ...
Registered in 0.001376 seconds.
Begin MonoManager ReloadAssembly
Native extension for WindowsStandalone target not found
Native extension for WebGL target not found
Refreshing native plugins compatible for Editor in 0.43 ms, found 1 plugins.
Preloading 0 native plugins for Editor in 0.00 ms.
Invoked RoslynAnalysisRunner static constructor.
RoslynAnalysisRunner will not be running.
RoslynAnalysisRunner has terminated.
Mono: successfully reloaded assembly
- Completed reload, in  0.847 seconds
Platform modules already initialized, skipping
Refreshing native plugins compatible for Editor in 0.35 ms, found 1 plugins.
Preloading 0 native plugins for Editor in 0.00 ms.
Unloading 1804 Unused Serialized files (Serialized files now loaded: 0)
System memory in use before: 88.8 MB.
System memory in use after: 88.7 MB.

Unloading 12 unused Assets to reduce memory usage. Loaded Objects now: 2324.
Total: 2.538300 ms (FindLiveObjects: 0.344800 ms CreateObjectMapping: 0.056100 ms MarkObjects: 2.038400 ms  DeleteObjects: 0.097400 ms)

========================================================================
Received Prepare
Registering precompiled user dll's ...
Registered in 0.000843 seconds.
Begin MonoManager ReloadAssembly
Native extension for WindowsStandalone target not found
Native extension for WebGL target not found
Refreshing native plugins compatible for Editor in 0.40 ms, found 1 plugins.
Preloading 0 native plugins for Editor in 0.00 ms.
Invoked RoslynAnalysisRunner static constructor.
RoslynAnalysisRunner will not be running.
RoslynAnalysisRunner has terminated.
Mono: successfully reloaded assembly
- Completed reload, in  0.786 seconds
Platform modules already initialized, skipping
Refreshing native plugins compatible for Editor in 0.41 ms, found 1 plugins.
Preloading 0 native plugins for Editor in 0.00 ms.
Unloading 1804 Unused Serialized files (Serialized files now loaded: 0)
System memory in use before: 88.8 MB.
System memory in use after: 88.8 MB.

Unloading 12 unused Assets to reduce memory usage. Loaded Objects now: 2327.
Total: 1.866400 ms (FindLiveObjects: 0.219300 ms CreateObjectMapping: 0.042800 ms MarkObjects: 1.491500 ms  DeleteObjects: 0.111700 ms)

========================================================================
Received Prepare
Registering precompiled user dll's ...
Registered in 0.000964 seconds.
Begin MonoManager ReloadAssembly
Native extension for WindowsStandalone target not found
Native extension for WebGL target not found
Refreshing native plugins compatible for Editor in 0.42 ms, found 1 plugins.
Preloading 0 native plugins for Editor in 0.00 ms.
Invoked RoslynAnalysisRunner static constructor.
RoslynAnalysisRunner will not be running.
RoslynAnalysisRunner has terminated.
Mono: successfully reloaded assembly
- Completed reload, in  0.841 seconds
Platform modules already initialized, skipping
Refreshing native plugins compatible for Editor in 0.76 ms, found 1 plugins.
Preloading 0 native plugins for Editor in 0.00 ms.
Unloading 1804 Unused Serialized files (Serialized files now loaded: 0)
System memory in use before: 88.8 MB.
System memory in use after: 88.8 MB.

Unloading 12 unused Assets to reduce memory usage. Loaded Objects now: 2330.
Total: 1.957800 ms (FindLiveObjects: 0.177200 ms CreateObjectMapping: 0.042100 ms MarkObjects: 1.565900 ms  DeleteObjects: 0.171600 ms)

========================================================================
Received Prepare
Registering precompiled user dll's ...
Registered in 0.001141 seconds.
Begin MonoManager ReloadAssembly
Native extension for WindowsStandalone target not found
Native extension for WebGL target not found
Refreshing native plugins compatible for Editor in 0.54 ms, found 1 plugins.
Preloading 0 native plugins for Editor in 0.00 ms.
Invoked RoslynAnalysisRunner static constructor.
RoslynAnalysisRunner will not be running.
RoslynAnalysisRunner has terminated.
Mono: successfully reloaded assembly
- Completed reload, in  0.702 seconds
Platform modules already initialized, skipping
Refreshing native plugins compatible for Editor in 0.59 ms, found 1 plugins.
Preloading 0 native plugins for Editor in 0.00 ms.
Unloading 1804 Unused Serialized files (Serialized files now loaded: 0)
System memory in use before: 88.8 MB.
System memory in use after: 88.8 MB.

Unloading 12 unused Assets to reduce memory usage. Loaded Objects now: 2333.
Total: 2.140400 ms (FindLiveObjects: 0.193100 ms CreateObjectMapping: 0.043000 ms MarkObjects: 1.798100 ms  DeleteObjects: 0.105300 ms)

========================================================================
Received Import Request.
  Time since last request: 633.423929 seconds.
  path: Assets/CrossyRoad/Car1Color.mat
  artifactKey: Guid(ea9303a8a4d9ea24f9c78d76b6faef72) Importer(815301076,1909f56bfc062723c751e8b465ee728b)
Start importing Assets/CrossyRoad/Car1Color.mat using Guid(ea9303a8a4d9ea24f9c78d76b6faef72) Importer(815301076,1909f56bfc062723c751e8b465ee728b)  -> (artifact id: '0745e62ce173aba1f116e210120c461e') in 0.049147 seconds
  Import took 0.061713 seconds .

========================================================================
Received Import Request.
  Time since last request: 52.225972 seconds.
  path: Assets/CrossyRoad/Car.prefab
  artifactKey: Guid(fe9b0cef441d0ae46b7ea6f10566d7e1) Importer(815301076,1909f56bfc062723c751e8b465ee728b)
Start importing Assets/CrossyRoad/Car.prefab using Guid(fe9b0cef441d0ae46b7ea6f10566d7e1) Importer(815301076,1909f56bfc062723c751e8b465ee728b)  -> (artifact id: 'f546ffe3c2a5bfdfd584caa6af3d3590') in 0.025019 seconds
  Import took 0.039474 seconds .

========================================================================
Received Import Request.
  Time since last request: 0.002641 seconds.
  path: Assets/CrossyRoad/Car.prefab
  artifactKey: Guid(fe9b0cef441d0ae46b7ea6f10566d7e1) Importer(815301076,1909f56bfc062723c751e8b465ee728b)
Start importing Assets/CrossyRoad/Car.prefab using Guid(fe9b0cef441d0ae46b7ea6f10566d7e1) Importer(815301076,1909f56bfc062723c751e8b465ee728b)  -> (artifact id: 'f546ffe3c2a5bfdfd584caa6af3d3590') in 0.012261 seconds
  Import took 0.017694 seconds .

========================================================================
Received Import Request.
  Time since last request: 17.293652 seconds.
  path: Assets/CrossyRoad/CarBehaviour.cs
  artifactKey: Guid(7a2828648e43f1d4c93214ca26780c9a) Importer(815301076,1909f56bfc062723c751e8b465ee728b)
Start importing Assets/CrossyRoad/CarBehaviour.cs using Guid(7a2828648e43f1d4c93214ca26780c9a) Importer(815301076,1909f56bfc062723c751e8b465ee728b)  -> (artifact id: '5c275227710b817b32332162ec3991c4') in 0.007145 seconds
  Import took 0.010790 seconds .

========================================================================
Received Prepare
Registering precompiled user dll's ...
Registered in 0.000919 seconds.
Begin MonoManager ReloadAssembly
Native extension for WindowsStandalone target not found
Native extension for WebGL target not found
Refreshing native plugins compatible for Editor in 0.41 ms, found 1 plugins.
Preloading 0 native plugins for Editor in 0.00 ms.
Invoked RoslynAnalysisRunner static constructor.
RoslynAnalysisRunner will not be running.
RoslynAnalysisRunner has terminated.
Mono: successfully reloaded assembly
- Completed reload, in  0.870 seconds
Platform modules already initialized, skipping
Refreshing native plugins compatible for Editor in 0.39 ms, found 1 plugins.
Preloading 0 native plugins for Editor in 0.00 ms.
Unloading 1805 Unused Serialized files (Serialized files now loaded: 0)
System memory in use before: 88.8 MB.
System memory in use after: 88.8 MB.

Unloading 12 unused Assets to reduce memory usage. Loaded Objects now: 2338.
Total: 2.070100 ms (FindLiveObjects: 0.260300 ms CreateObjectMapping: 0.048800 ms MarkObjects: 1.629100 ms  DeleteObjects: 0.130500 ms)

========================================================================
Received Prepare
Registering precompiled user dll's ...
Registered in 0.001131 seconds.
Begin MonoManager ReloadAssembly
Native extension for WindowsStandalone target not found
Native extension for WebGL target not found
Refreshing native plugins compatible for Editor in 0.36 ms, found 1 plugins.
Preloading 0 native plugins for Editor in 0.00 ms.
Invoked RoslynAnalysisRunner static constructor.
RoslynAnalysisRunner will not be running.
RoslynAnalysisRunner has terminated.
Mono: successfully reloaded assembly
- Completed reload, in  0.840 seconds
Platform modules already initialized, skipping
Refreshing native plugins compatible for Editor in 0.36 ms, found 1 plugins.
Preloading 0 native plugins for Editor in 0.00 ms.
Unloading 1805 Unused Serialized files (Serialized files now loaded: 0)
System memory in use before: 88.8 MB.
System memory in use after: 88.8 MB.

Unloading 12 unused Assets to reduce memory usage. Loaded Objects now: 2341.
Total: 2.185200 ms (FindLiveObjects: 0.228900 ms CreateObjectMapping: 0.043100 ms MarkObjects: 1.811000 ms  DeleteObjects: 0.101200 ms)

========================================================================
Received Import Request.
  Time since last request: 690.557389 seconds.
  path: Assets/CrossyRoad/Car.prefab
  artifactKey: Guid(fe9b0cef441d0ae46b7ea6f10566d7e1) Importer(815301076,1909f56bfc062723c751e8b465ee728b)
Start importing Assets/CrossyRoad/Car.prefab using Guid(fe9b0cef441d0ae46b7ea6f10566d7e1) Importer(815301076,1909f56bfc062723c751e8b465ee728b)  -> (artifact id: '51c9c452e9f496e0d3d7d3b1f140bfd0') in 0.052785 seconds
  Import took 0.064925 seconds .

========================================================================
Received Prepare
Registering precompiled user dll's ...
Registered in 0.000846 seconds.
Begin MonoManager ReloadAssembly
Native extension for WindowsStandalone target not found
Native extension for WebGL target not found
Refreshing native plugins compatible for Editor in 0.40 ms, found 1 plugins.
Preloading 0 native plugins for Editor in 0.00 ms.
Invoked RoslynAnalysisRunner static constructor.
RoslynAnalysisRunner will not be running.
RoslynAnalysisRunner has terminated.
Mono: successfully reloaded assembly
- Completed reload, in  0.788 seconds
Platform modules already initialized, skipping
Refreshing native plugins compatible for Editor in 0.37 ms, found 1 plugins.
Preloading 0 native plugins for Editor in 0.00 ms.
Unloading 1805 Unused Serialized files (Serialized files now loaded: 0)
System memory in use before: 88.8 MB.
System memory in use after: 88.8 MB.

Unloading 12 unused Assets to reduce memory usage. Loaded Objects now: 2345.
Total: 2.617400 ms (FindLiveObjects: 0.254600 ms CreateObjectMapping: 0.047700 ms MarkObjects: 2.216400 ms  DeleteObjects: 0.097700 ms)

========================================================================
Received Import Request.
  Time since last request: 63.131530 seconds.
  path: Assets/CrossyRoad/Car.prefab
  artifactKey: Guid(fe9b0cef441d0ae46b7ea6f10566d7e1) Importer(815301076,1909f56bfc062723c751e8b465ee728b)
Start importing Assets/CrossyRoad/Car.prefab using Guid(fe9b0cef441d0ae46b7ea6f10566d7e1) Importer(815301076,1909f56bfc062723c751e8b465ee728b)  -> (artifact id: 'a657e7bae56e1ad2895daff272e4ddf3') in 0.040797 seconds
  Import took 0.043672 seconds .

========================================================================
Received Import Request.
  Time since last request: 34.712969 seconds.
  path: Assets/CrossyRoad/Car.prefab
  artifactKey: Guid(fe9b0cef441d0ae46b7ea6f10566d7e1) Importer(815301076,1909f56bfc062723c751e8b465ee728b)
Start importing Assets/CrossyRoad/Car.prefab using Guid(fe9b0cef441d0ae46b7ea6f10566d7e1) Importer(815301076,1909f56bfc062723c751e8b465ee728b)  -> (artifact id: 'ed8fe034b0c2f1a3eeaa3218bf1676b0') in 0.014030 seconds
  Import took 0.018030 seconds .

========================================================================
Received Import Request.
  Time since last request: 35.656056 seconds.
  path: Assets/CrossyRoad/TrafficRoad.cs
  artifactKey: Guid(396e4b73e2a6ed84c8279a13a5ee41d4) Importer(815301076,1909f56bfc062723c751e8b465ee728b)
Start importing Assets/CrossyRoad/TrafficRoad.cs using Guid(396e4b73e2a6ed84c8279a13a5ee41d4) Importer(815301076,1909f56bfc062723c751e8b465ee728b)  -> (artifact id: '41fdd0e34aa9347e6aa55e65bd871cb0') in 0.006718 seconds
  Import took 0.009862 seconds .

========================================================================
Received Prepare
Registering precompiled user dll's ...
Registered in 0.000872 seconds.
Begin MonoManager ReloadAssembly
Native extension for WindowsStandalone target not found
Native extension for WebGL target not found
Refreshing native plugins compatible for Editor in 0.36 ms, found 1 plugins.
Preloading 0 native plugins for Editor in 0.00 ms.
Invoked RoslynAnalysisRunner static constructor.
RoslynAnalysisRunner will not be running.
RoslynAnalysisRunner has terminated.
Mono: successfully reloaded assembly
- Completed reload, in  0.822 seconds
Platform modules already initialized, skipping
Refreshing native plugins compatible for Editor in 0.87 ms, found 1 plugins.
Preloading 0 native plugins for Editor in 0.00 ms.
Unloading 1806 Unused Serialized files (Serialized files now loaded: 0)
System memory in use before: 88.9 MB.
System memory in use after: 88.9 MB.

Unloading 12 unused Assets to reduce memory usage. Loaded Objects now: 2350.
Total: 2.146700 ms (FindLiveObjects: 0.264900 ms CreateObjectMapping: 0.042900 ms MarkObjects: 1.712500 ms  DeleteObjects: 0.125500 ms)

========================================================================
Received Prepare
Registering precompiled user dll's ...
Registered in 0.001166 seconds.
Begin MonoManager ReloadAssembly
Native extension for WindowsStandalone target not found
Native extension for WebGL target not found
Refreshing native plugins compatible for Editor in 0.36 ms, found 1 plugins.
Preloading 0 native plugins for Editor in 0.00 ms.
Invoked RoslynAnalysisRunner static constructor.
RoslynAnalysisRunner will not be running.
RoslynAnalysisRunner has terminated.
Mono: successfully reloaded assembly
- Completed reload, in  0.779 seconds
Platform modules already initialized, skipping
Refreshing native plugins compatible for Editor in 0.51 ms, found 1 plugins.
Preloading 0 native plugins for Editor in 0.00 ms.
Unloading 1806 Unused Serialized files (Serialized files now loaded: 0)
System memory in use before: 88.9 MB.
System memory in use after: 88.9 MB.

Unloading 12 unused Assets to reduce memory usage. Loaded Objects now: 2353.
Total: 1.840100 ms (FindLiveObjects: 0.202800 ms CreateObjectMapping: 0.043400 ms MarkObjects: 1.498500 ms  DeleteObjects: 0.094200 ms)

========================================================================
Received Import Request.
  Time since last request: 458.683976 seconds.
  path: Assets/CrossyRoad/TrafficRoad.cs
  artifactKey: Guid(396e4b73e2a6ed84c8279a13a5ee41d4) Importer(815301076,1909f56bfc062723c751e8b465ee728b)
Start importing Assets/CrossyRoad/TrafficRoad.cs using Guid(396e4b73e2a6ed84c8279a13a5ee41d4) Importer(815301076,1909f56bfc062723c751e8b465ee728b)  -> (artifact id: '37d7fa665802a9de0bc18b6c7e213ac8') in 0.010002 seconds
  Import took 0.015317 seconds .

========================================================================
Received Import Request.
  Time since last request: 52.663952 seconds.
  path: Assets/CrossyRoad/RightSideTraffic.prefab
  artifactKey: Guid(42a790bc80370254086f8195f85e3f86) Importer(815301076,1909f56bfc062723c751e8b465ee728b)
Start importing Assets/CrossyRoad/RightSideTraffic.prefab using Guid(42a790bc80370254086f8195f85e3f86) Importer(815301076,1909f56bfc062723c751e8b465ee728b)  -> (artifact id: '5412691b73d446869b09495f7363ebae') in 0.049239 seconds
  Import took 0.052560 seconds .

========================================================================
Received Import Request.
  Time since last request: 28.716334 seconds.
  path: Assets/CrossyRoad/LeftSideTraffic.prefab
  artifactKey: Guid(4ea2767abcd7e2e48ad603422d112fef) Importer(815301076,1909f56bfc062723c751e8b465ee728b)
Start importing Assets/CrossyRoad/LeftSideTraffic.prefab using Guid(4ea2767abcd7e2e48ad603422d112fef) Importer(815301076,1909f56bfc062723c751e8b465ee728b)  -> (artifact id: '33a16172f80e452ba74361d19065b05d') in 0.022001 seconds
  Import took 0.025581 seconds .

========================================================================
Received Prepare
Registering precompiled user dll's ...
Registered in 0.001168 seconds.
Begin MonoManager ReloadAssembly
Native extension for WindowsStandalone target not found
Native extension for WebGL target not found
Refreshing native plugins compatible for Editor in 0.39 ms, found 1 plugins.
Preloading 0 native plugins for Editor in 0.00 ms.
Invoked RoslynAnalysisRunner static constructor.
RoslynAnalysisRunner will not be running.
RoslynAnalysisRunner has terminated.
Mono: successfully reloaded assembly
- Completed reload, in  0.758 seconds
Platform modules already initialized, skipping
Refreshing native plugins compatible for Editor in 0.52 ms, found 1 plugins.
Preloading 0 native plugins for Editor in 0.00 ms.
Unloading 1806 Unused Serialized files (Serialized files now loaded: 0)
System memory in use before: 88.9 MB.
System memory in use after: 88.9 MB.

Unloading 12 unused Assets to reduce memory usage. Loaded Objects now: 2357.
Total: 3.169400 ms (FindLiveObjects: 0.532100 ms CreateObjectMapping: 0.057000 ms MarkObjects: 2.400300 ms  DeleteObjects: 0.178200 ms)

========================================================================
Received Prepare
Registering precompiled user dll's ...
Registered in 0.001037 seconds.
Begin MonoManager ReloadAssembly
Native extension for WindowsStandalone target not found
Native extension for WebGL target not found
Refreshing native plugins compatible for Editor in 0.34 ms, found 1 plugins.
Preloading 0 native plugins for Editor in 0.00 ms.
Invoked RoslynAnalysisRunner static constructor.
RoslynAnalysisRunner will not be running.
RoslynAnalysisRunner has terminated.
Mono: successfully reloaded assembly
- Completed reload, in  0.783 seconds
Platform modules already initialized, skipping
Refreshing native plugins compatible for Editor in 0.34 ms, found 1 plugins.
Preloading 0 native plugins for Editor in 0.00 ms.
Unloading 1806 Unused Serialized files (Serialized files now loaded: 0)
System memory in use before: 88.9 MB.
System memory in use after: 88.9 MB.

Unloading 12 unused Assets to reduce memory usage. Loaded Objects now: 2360.
Total: 2.669400 ms (FindLiveObjects: 0.192000 ms CreateObjectMapping: 0.046900 ms MarkObjects: 2.290100 ms  DeleteObjects: 0.138400 ms)

========================================================================
Received Prepare
Registering precompiled user dll's ...
Registered in 0.001342 seconds.
Begin MonoManager ReloadAssembly
Native extension for WindowsStandalone target not found
Native extension for WebGL target not found
Refreshing native plugins compatible for Editor in 0.34 ms, found 1 plugins.
Preloading 0 native plugins for Editor in 0.00 ms.
Invoked RoslynAnalysisRunner static constructor.
RoslynAnalysisRunner will not be running.
RoslynAnalysisRunner has terminated.
Mono: successfully reloaded assembly
- Completed reload, in  0.735 seconds
Platform modules already initialized, skipping
Refreshing native plugins compatible for Editor in 0.63 ms, found 1 plugins.
Preloading 0 native plugins for Editor in 0.00 ms.
Unloading 1806 Unused Serialized files (Serialized files now loaded: 0)
System memory in use before: 88.9 MB.
System memory in use after: 88.9 MB.

Unloading 12 unused Assets to reduce memory usage. Loaded Objects now: 2363.
Total: 2.976200 ms (FindLiveObjects: 0.477100 ms CreateObjectMapping: 0.059800 ms MarkObjects: 2.319000 ms  DeleteObjects: 0.117400 ms)

========================================================================
Received Prepare
Registering precompiled user dll's ...
Registered in 0.001321 seconds.
Begin MonoManager ReloadAssembly
Native extension for WindowsStandalone target not found
Native extension for WebGL target not found
Refreshing native plugins compatible for Editor in 0.58 ms, found 1 plugins.
Preloading 0 native plugins for Editor in 0.00 ms.
Invoked RoslynAnalysisRunner static constructor.
RoslynAnalysisRunner will not be running.
RoslynAnalysisRunner has terminated.
Mono: successfully reloaded assembly
- Completed reload, in  0.888 seconds
Platform modules already initialized, skipping
Refreshing native plugins compatible for Editor in 0.55 ms, found 1 plugins.
Preloading 0 native plugins for Editor in 0.00 ms.
Unloading 1806 Unused Serialized files (Serialized files now loaded: 0)
System memory in use before: 88.9 MB.
System memory in use after: 88.9 MB.

Unloading 12 unused Assets to reduce memory usage. Loaded Objects now: 2366.
Total: 2.122700 ms (FindLiveObjects: 0.366200 ms CreateObjectMapping: 0.043800 ms MarkObjects: 1.606300 ms  DeleteObjects: 0.104300 ms)

========================================================================
Received Import Request.
  Time since last request: 177.629798 seconds.
  path: Assets/CrossyRoad/Car.prefab
  artifactKey: Guid(fe9b0cef441d0ae46b7ea6f10566d7e1) Importer(815301076,1909f56bfc062723c751e8b465ee728b)
Start importing Assets/CrossyRoad/Car.prefab using Guid(fe9b0cef441d0ae46b7ea6f10566d7e1) Importer(815301076,1909f56bfc062723c751e8b465ee728b)  -> (artifact id: 'edcc03d4963cf6b9d0e787c0222b4425') in 0.061936 seconds
  Import took 0.065306 seconds .

========================================================================
Received Prepare
Registering precompiled user dll's ...
Registered in 0.001077 seconds.
Begin MonoManager ReloadAssembly
Native extension for WindowsStandalone target not found
Native extension for WebGL target not found
Refreshing native plugins compatible for Editor in 0.48 ms, found 1 plugins.
Preloading 0 native plugins for Editor in 0.00 ms.
Invoked RoslynAnalysisRunner static constructor.
RoslynAnalysisRunner will not be running.
RoslynAnalysisRunner has terminated.
Mono: successfully reloaded assembly
- Completed reload, in  0.772 seconds
Platform modules already initialized, skipping
Refreshing native plugins compatible for Editor in 0.34 ms, found 1 plugins.
Preloading 0 native plugins for Editor in 0.00 ms.
Unloading 1806 Unused Serialized files (Serialized files now loaded: 0)
System memory in use before: 88.9 MB.
System memory in use after: 88.9 MB.

Unloading 12 unused Assets to reduce memory usage. Loaded Objects now: 2370.
Total: 1.722800 ms (FindLiveObjects: 0.171100 ms CreateObjectMapping: 0.042700 ms MarkObjects: 1.419400 ms  DeleteObjects: 0.088800 ms)

========================================================================
Received Prepare
Registering precompiled user dll's ...
Registered in 0.000879 seconds.
Begin MonoManager ReloadAssembly
Native extension for WindowsStandalone target not found
Native extension for WebGL target not found
Refreshing native plugins compatible for Editor in 1.17 ms, found 1 plugins.
Preloading 0 native plugins for Editor in 0.00 ms.
Invoked RoslynAnalysisRunner static constructor.
RoslynAnalysisRunner will not be running.
RoslynAnalysisRunner has terminated.
Mono: successfully reloaded assembly
- Completed reload, in  0.830 seconds
Platform modules already initialized, skipping
Refreshing native plugins compatible for Editor in 0.50 ms, found 1 plugins.
Preloading 0 native plugins for Editor in 0.00 ms.
Unloading 1806 Unused Serialized files (Serialized files now loaded: 0)
System memory in use before: 88.9 MB.
System memory in use after: 88.9 MB.

Unloading 12 unused Assets to reduce memory usage. Loaded Objects now: 2373.
Total: 2.157300 ms (FindLiveObjects: 0.271900 ms CreateObjectMapping: 0.135200 ms MarkObjects: 1.626500 ms  DeleteObjects: 0.122400 ms)

========================================================================
Received Prepare
Registering precompiled user dll's ...
Registered in 0.001148 seconds.
Begin MonoManager ReloadAssembly
Native extension for WindowsStandalone target not found
Native extension for WebGL target not found
Refreshing native plugins compatible for Editor in 0.34 ms, found 1 plugins.
Preloading 0 native plugins for Editor in 0.00 ms.
Invoked RoslynAnalysisRunner static constructor.
RoslynAnalysisRunner will not be running.
RoslynAnalysisRunner has terminated.
Mono: successfully reloaded assembly
- Completed reload, in  0.714 seconds
Platform modules already initialized, skipping
Refreshing native plugins compatible for Editor in 0.35 ms, found 1 plugins.
Preloading 0 native plugins for Editor in 0.00 ms.
Unloading 1806 Unused Serialized files (Serialized files now loaded: 0)
System memory in use before: 89.0 MB.
System memory in use after: 88.9 MB.

Unloading 12 unused Assets to reduce memory usage. Loaded Objects now: 2376.
Total: 2.001300 ms (FindLiveObjects: 0.169500 ms CreateObjectMapping: 0.043000 ms MarkObjects: 1.640700 ms  DeleteObjects: 0.147200 ms)

========================================================================
Received Prepare
Registering precompiled user dll's ...
Registered in 0.000905 seconds.
Begin MonoManager ReloadAssembly
Native extension for WindowsStandalone target not found
Native extension for WebGL target not found
Refreshing native plugins compatible for Editor in 0.42 ms, found 1 plugins.
Preloading 0 native plugins for Editor in 0.00 ms.
Invoked RoslynAnalysisRunner static constructor.
RoslynAnalysisRunner will not be running.
RoslynAnalysisRunner has terminated.
Mono: successfully reloaded assembly
- Completed reload, in  0.924 seconds
Platform modules already initialized, skipping
Refreshing native plugins compatible for Editor in 0.38 ms, found 1 plugins.
Preloading 0 native plugins for Editor in 0.00 ms.
Unloading 1806 Unused Serialized files (Serialized files now loaded: 0)
System memory in use before: 89.0 MB.
System memory in use after: 89.0 MB.

Unloading 12 unused Assets to reduce memory usage. Loaded Objects now: 2379.
Total: 2.286800 ms (FindLiveObjects: 0.326200 ms CreateObjectMapping: 0.044800 ms MarkObjects: 1.800800 ms  DeleteObjects: 0.113700 ms)

========================================================================
Received Prepare
Registering precompiled user dll's ...
Registered in 0.000816 seconds.
Begin MonoManager ReloadAssembly
Native extension for WindowsStandalone target not found
Native extension for WebGL target not found
Refreshing native plugins compatible for Editor in 0.34 ms, found 1 plugins.
Preloading 0 native plugins for Editor in 0.00 ms.
Invoked RoslynAnalysisRunner static constructor.
RoslynAnalysisRunner will not be running.
RoslynAnalysisRunner has terminated.
Mono: successfully reloaded assembly
- Completed reload, in  0.765 seconds
Platform modules already initialized, skipping
Refreshing native plugins compatible for Editor in 0.35 ms, found 1 plugins.
Preloading 0 native plugins for Editor in 0.00 ms.
Unloading 1806 Unused Serialized files (Serialized files now loaded: 0)
System memory in use before: 89.0 MB.
System memory in use after: 89.0 MB.

Unloading 12 unused Assets to reduce memory usage. Loaded Objects now: 2382.
Total: 4.738000 ms (FindLiveObjects: 1.001100 ms CreateObjectMapping: 0.083400 ms MarkObjects: 3.514000 ms  DeleteObjects: 0.138500 ms)

========================================================================
Received Prepare
Registering precompiled user dll's ...
Registered in 0.000973 seconds.
Begin MonoManager ReloadAssembly
Native extension for WindowsStandalone target not found
Native extension for WebGL target not found
Refreshing native plugins compatible for Editor in 0.39 ms, found 1 plugins.
Preloading 0 native plugins for Editor in 0.00 ms.
Invoked RoslynAnalysisRunner static constructor.
RoslynAnalysisRunner will not be running.
RoslynAnalysisRunner has terminated.
Mono: successfully reloaded assembly
- Completed reload, in  0.764 seconds
Platform modules already initialized, skipping
Refreshing native plugins compatible for Editor in 0.35 ms, found 1 plugins.
Preloading 0 native plugins for Editor in 0.00 ms.
Unloading 1806 Unused Serialized files (Serialized files now loaded: 0)
System memory in use before: 89.0 MB.
System memory in use after: 89.0 MB.

Unloading 12 unused Assets to reduce memory usage. Loaded Objects now: 2385.
Total: 2.004100 ms (FindLiveObjects: 0.255200 ms CreateObjectMapping: 0.043300 ms MarkObjects: 1.480500 ms  DeleteObjects: 0.223900 ms)

========================================================================
Received Prepare
Registering precompiled user dll's ...
Registered in 0.000968 seconds.
Begin MonoManager ReloadAssembly
Native extension for WindowsStandalone target not found
Native extension for WebGL target not found
Refreshing native plugins compatible for Editor in 0.34 ms, found 1 plugins.
Preloading 0 native plugins for Editor in 0.00 ms.
Invoked RoslynAnalysisRunner static constructor.
RoslynAnalysisRunner will not be running.
RoslynAnalysisRunner has terminated.
Mono: successfully reloaded assembly
- Completed reload, in  0.776 seconds
Platform modules already initialized, skipping
Refreshing native plugins compatible for Editor in 0.37 ms, found 1 plugins.
Preloading 0 native plugins for Editor in 0.00 ms.
Unloading 1806 Unused Serialized files (Serialized files now loaded: 0)
System memory in use before: 89.0 MB.
System memory in use after: 89.0 MB.

Unloading 12 unused Assets to reduce memory usage. Loaded Objects now: 2388.
Total: 2.148800 ms (FindLiveObjects: 0.228600 ms CreateObjectMapping: 0.051800 ms MarkObjects: 1.732900 ms  DeleteObjects: 0.134400 ms)

========================================================================
Received Prepare
Registering precompiled user dll's ...
Registered in 0.001337 seconds.
Begin MonoManager ReloadAssembly
Native extension for WindowsStandalone target not found
Native extension for WebGL target not found
Refreshing native plugins compatible for Editor in 0.39 ms, found 1 plugins.
Preloading 0 native plugins for Editor in 0.00 ms.
Invoked RoslynAnalysisRunner static constructor.
RoslynAnalysisRunner will not be running.
RoslynAnalysisRunner has terminated.
Mono: successfully reloaded assembly
- Completed reload, in  0.731 seconds
Platform modules already initialized, skipping
Refreshing native plugins compatible for Editor in 0.35 ms, found 1 plugins.
Preloading 0 native plugins for Editor in 0.00 ms.
Unloading 1806 Unused Serialized files (Serialized files now loaded: 0)
System memory in use before: 89.0 MB.
System memory in use after: 89.0 MB.

Unloading 12 unused Assets to reduce memory usage. Loaded Objects now: 2391.
Total: 1.977400 ms (FindLiveObjects: 0.262700 ms CreateObjectMapping: 0.045000 ms MarkObjects: 1.536400 ms  DeleteObjects: 0.132300 ms)

========================================================================
Received Prepare
Registering precompiled user dll's ...
Registered in 0.000852 seconds.
Begin MonoManager ReloadAssembly
Native extension for WindowsStandalone target not found
Native extension for WebGL target not found
Refreshing native plugins compatible for Editor in 0.34 ms, found 1 plugins.
Preloading 0 native plugins for Editor in 0.00 ms.
Invoked RoslynAnalysisRunner static constructor.
RoslynAnalysisRunner will not be running.
RoslynAnalysisRunner has terminated.
Mono: successfully reloaded assembly
- Completed reload, in  0.697 seconds
Platform modules already initialized, skipping
Refreshing native plugins compatible for Editor in 0.51 ms, found 1 plugins.
Preloading 0 native plugins for Editor in 0.00 ms.
Unloading 1806 Unused Serialized files (Serialized files now loaded: 0)
System memory in use before: 89.0 MB.
System memory in use after: 89.0 MB.

Unloading 12 unused Assets to reduce memory usage. Loaded Objects now: 2394.
Total: 2.437200 ms (FindLiveObjects: 0.292500 ms CreateObjectMapping: 0.046500 ms MarkObjects: 1.986600 ms  DeleteObjects: 0.110000 ms)

========================================================================
Received Import Request.
  Time since last request: 683.894329 seconds.
  path: Assets/CrossyRoad/Car2Material.mat
  artifactKey: Guid(2882f31cddb6af5499c800967ee1c700) Importer(815301076,1909f56bfc062723c751e8b465ee728b)
Start importing Assets/CrossyRoad/Car2Material.mat using Guid(2882f31cddb6af5499c800967ee1c700) Importer(815301076,1909f56bfc062723c751e8b465ee728b)  -> (artifact id: '7b31246f582cdfceb3df4908d8e108a2') in 0.066546 seconds
  Import took 0.078072 seconds .

========================================================================
Received Import Request.
  Time since last request: 48.482676 seconds.
  path: Assets/CrossyRoad/Car2.prefab
  artifactKey: Guid(8304ec8ba1488b643aa345e5cb7cad9b) Importer(815301076,1909f56bfc062723c751e8b465ee728b)
Start importing Assets/CrossyRoad/Car2.prefab using Guid(8304ec8ba1488b643aa345e5cb7cad9b) Importer(815301076,1909f56bfc062723c751e8b465ee728b)  -> (artifact id: '1cc6b472b2b6530d7bbbd7e68b91b04f') in 0.022657 seconds
  Import took 0.026603 seconds .

========================================================================
Received Import Request.
  Time since last request: 0.001479 seconds.
  path: Assets/CrossyRoad/Car2.prefab
  artifactKey: Guid(8304ec8ba1488b643aa345e5cb7cad9b) Importer(815301076,1909f56bfc062723c751e8b465ee728b)
Start importing Assets/CrossyRoad/Car2.prefab using Guid(8304ec8ba1488b643aa345e5cb7cad9b) Importer(815301076,1909f56bfc062723c751e8b465ee728b)  -> (artifact id: '1cc6b472b2b6530d7bbbd7e68b91b04f') in 0.009243 seconds
  Import took 0.012289 seconds .

========================================================================
Received Import Request.
  Time since last request: 12.926795 seconds.
  path: Assets/CrossyRoad/LeftSideTraffic.prefab
  artifactKey: Guid(4ea2767abcd7e2e48ad603422d112fef) Importer(815301076,1909f56bfc062723c751e8b465ee728b)
Start importing Assets/CrossyRoad/LeftSideTraffic.prefab using Guid(4ea2767abcd7e2e48ad603422d112fef) Importer(815301076,1909f56bfc062723c751e8b465ee728b)  -> (artifact id: '8bbf0e56171a49326df1520b80f9defc') in 0.013764 seconds
  Import took 0.017335 seconds .

========================================================================
Received Import Request.
  Time since last request: 3.952867 seconds.
  path: Assets/CrossyRoad/RightSideTraffic.prefab
  artifactKey: Guid(42a790bc80370254086f8195f85e3f86) Importer(815301076,1909f56bfc062723c751e8b465ee728b)
Start importing Assets/CrossyRoad/RightSideTraffic.prefab using Guid(42a790bc80370254086f8195f85e3f86) Importer(815301076,1909f56bfc062723c751e8b465ee728b)  -> (artifact id: '333296730d978d67e4d00c3274b61a17') in 0.010855 seconds
  Import took 0.016362 seconds .

========================================================================
Received Import Request.
  Time since last request: 0.004861 seconds.
  path: Assets/CrossyRoad/RightSideTraffic.prefab
  artifactKey: Guid(42a790bc80370254086f8195f85e3f86) Importer(815301076,1909f56bfc062723c751e8b465ee728b)
Start importing Assets/CrossyRoad/RightSideTraffic.prefab using Guid(42a790bc80370254086f8195f85e3f86) Importer(815301076,1909f56bfc062723c751e8b465ee728b)  -> (artifact id: '333296730d978d67e4d00c3274b61a17') in 0.007579 seconds
  Import took 0.010842 seconds .

========================================================================
Received Prepare
Registering precompiled user dll's ...
Registered in 0.001055 seconds.
Begin MonoManager ReloadAssembly
Native extension for WindowsStandalone target not found
Native extension for WebGL target not found
Refreshing native plugins compatible for Editor in 0.53 ms, found 1 plugins.
Preloading 0 native plugins for Editor in 0.00 ms.
Invoked RoslynAnalysisRunner static constructor.
RoslynAnalysisRunner will not be running.
RoslynAnalysisRunner has terminated.
Mono: successfully reloaded assembly
- Completed reload, in  0.820 seconds
Platform modules already initialized, skipping
Refreshing native plugins compatible for Editor in 0.46 ms, found 1 plugins.
Preloading 0 native plugins for Editor in 0.00 ms.
Unloading 1806 Unused Serialized files (Serialized files now loaded: 0)
System memory in use before: 89.0 MB.
System memory in use after: 89.0 MB.

Unloading 12 unused Assets to reduce memory usage. Loaded Objects now: 2398.
Total: 2.042100 ms (FindLiveObjects: 0.247800 ms CreateObjectMapping: 0.055300 ms MarkObjects: 1.633900 ms  DeleteObjects: 0.104000 ms)

========================================================================
Received Prepare
Registering precompiled user dll's ...
Registered in 0.000832 seconds.
Begin MonoManager ReloadAssembly
Native extension for WindowsStandalone target not found
Native extension for WebGL target not found
Refreshing native plugins compatible for Editor in 0.72 ms, found 1 plugins.
Preloading 0 native plugins for Editor in 0.00 ms.
Invoked RoslynAnalysisRunner static constructor.
RoslynAnalysisRunner will not be running.
RoslynAnalysisRunner has terminated.
Mono: successfully reloaded assembly
- Completed reload, in  0.782 seconds
Platform modules already initialized, skipping
Refreshing native plugins compatible for Editor in 0.35 ms, found 1 plugins.
Preloading 0 native plugins for Editor in 0.00 ms.
Unloading 1806 Unused Serialized files (Serialized files now loaded: 0)
System memory in use before: 89.0 MB.
System memory in use after: 89.0 MB.

Unloading 12 unused Assets to reduce memory usage. Loaded Objects now: 2401.
Total: 2.076100 ms (FindLiveObjects: 0.391700 ms CreateObjectMapping: 0.057900 ms MarkObjects: 1.533400 ms  DeleteObjects: 0.091900 ms)

========================================================================
Received Prepare
Registering precompiled user dll's ...
Registered in 0.000958 seconds.
Begin MonoManager ReloadAssembly
Native extension for WindowsStandalone target not found
Native extension for WebGL target not found
Refreshing native plugins compatible for Editor in 0.45 ms, found 1 plugins.
Preloading 0 native plugins for Editor in 0.00 ms.
Invoked RoslynAnalysisRunner static constructor.
RoslynAnalysisRunner will not be running.
RoslynAnalysisRunner has terminated.
Mono: successfully reloaded assembly
- Completed reload, in  0.725 seconds
Platform modules already initialized, skipping
Refreshing native plugins compatible for Editor in 0.35 ms, found 1 plugins.
Preloading 0 native plugins for Editor in 0.00 ms.
Unloading 1806 Unused Serialized files (Serialized files now loaded: 0)
System memory in use before: 89.0 MB.
System memory in use after: 89.0 MB.

Unloading 12 unused Assets to reduce memory usage. Loaded Objects now: 2404.
Total: 2.084100 ms (FindLiveObjects: 0.364500 ms CreateObjectMapping: 0.047000 ms MarkObjects: 1.573700 ms  DeleteObjects: 0.097800 ms)

========================================================================
Received Prepare
Registering precompiled user dll's ...
Registered in 0.001185 seconds.
Begin MonoManager ReloadAssembly
Native extension for WindowsStandalone target not found
Native extension for WebGL target not found
Refreshing native plugins compatible for Editor in 0.79 ms, found 1 plugins.
Preloading 0 native plugins for Editor in 0.00 ms.
Invoked RoslynAnalysisRunner static constructor.
RoslynAnalysisRunner will not be running.
RoslynAnalysisRunner has terminated.
Mono: successfully reloaded assembly
- Completed reload, in  0.890 seconds
Platform modules already initialized, skipping
Refreshing native plugins compatible for Editor in 0.43 ms, found 1 plugins.
Preloading 0 native plugins for Editor in 0.00 ms.
Unloading 1806 Unused Serialized files (Serialized files now loaded: 0)
System memory in use before: 89.1 MB.
System memory in use after: 89.0 MB.

Unloading 12 unused Assets to reduce memory usage. Loaded Objects now: 2407.
Total: 2.446600 ms (FindLiveObjects: 0.225900 ms CreateObjectMapping: 0.043900 ms MarkObjects: 1.727100 ms  DeleteObjects: 0.448300 ms)

========================================================================
Received Import Request.
  Time since last request: 255.375790 seconds.
  path: Assets/CrossyRoad/Car2.prefab
  artifactKey: Guid(8304ec8ba1488b643aa345e5cb7cad9b) Importer(815301076,1909f56bfc062723c751e8b465ee728b)
Start importing Assets/CrossyRoad/Car2.prefab using Guid(8304ec8ba1488b643aa345e5cb7cad9b) Importer(815301076,1909f56bfc062723c751e8b465ee728b)  -> (artifact id: '23c42e529dd0a9440e88921f2b4849d7') in 0.057992 seconds
  Import took 0.061871 seconds .

========================================================================
Received Import Request.
  Time since last request: 67.189664 seconds.
  path: Assets/CrossyRoad/Car1Color.mat
  artifactKey: Guid(ea9303a8a4d9ea24f9c78d76b6faef72) Importer(815301076,1909f56bfc062723c751e8b465ee728b)
Start importing Assets/CrossyRoad/Car1Color.mat using Guid(ea9303a8a4d9ea24f9c78d76b6faef72) Importer(815301076,1909f56bfc062723c751e8b465ee728b)  -> (artifact id: '01b346c9e0caa479cee8625e782ff934') in 0.026315 seconds
  Import took 0.030263 seconds .

========================================================================
Received Import Request.
  Time since last request: 0.000238 seconds.
  path: Assets/CrossyRoad/PlayerMaterial.mat
  artifactKey: Guid(d338f997650fe2d4ea99193c1174f5d1) Importer(815301076,1909f56bfc062723c751e8b465ee728b)
Start importing Assets/CrossyRoad/PlayerMaterial.mat using Guid(d338f997650fe2d4ea99193c1174f5d1) Importer(815301076,1909f56bfc062723c751e8b465ee728b)  -> (artifact id: '2ecf607660773f1bdd4650e93e2d94cd') in 0.011018 seconds
  Import took 0.013799 seconds .

========================================================================
Received Import Request.
  Time since last request: 0.000215 seconds.
  path: Assets/CrossyRoad/Car2Material.mat
  artifactKey: Guid(2882f31cddb6af5499c800967ee1c700) Importer(815301076,1909f56bfc062723c751e8b465ee728b)
Start importing Assets/CrossyRoad/Car2Material.mat using Guid(2882f31cddb6af5499c800967ee1c700) Importer(815301076,1909f56bfc062723c751e8b465ee728b)  -> (artifact id: '9b04be892dcbe52c08f8caa6ed865c8d') in 0.013125 seconds
  Import took 0.017913 seconds .

========================================================================
Received Import Request.
  Time since last request: 0.000286 seconds.
  path: Assets/CrossyRoad/GrassMaterial.mat
  artifactKey: Guid(639fd38873949df4ea82d61ca24fc58e) Importer(815301076,1909f56bfc062723c751e8b465ee728b)
Start importing Assets/CrossyRoad/GrassMaterial.mat using Guid(639fd38873949df4ea82d61ca24fc58e) Importer(815301076,1909f56bfc062723c751e8b465ee728b)  -> (artifact id: '4c95f934ab2e4a5f92c5c1785b5ab65e') in 0.012033 seconds
  Import took 0.016311 seconds .

========================================================================
Received Import Request.
  Time since last request: 0.000206 seconds.
  path: Assets/CrossyRoad/RoadMaterial.mat
  artifactKey: Guid(7b71894ebea6f4746ae371ec9ec9aeaf) Importer(815301076,1909f56bfc062723c751e8b465ee728b)
Start importing Assets/CrossyRoad/RoadMaterial.mat using Guid(7b71894ebea6f4746ae371ec9ec9aeaf) Importer(815301076,1909f56bfc062723c751e8b465ee728b)  -> (artifact id: 'be3f8a55dd993f83d98659d0e2574667') in 0.013928 seconds
  Import took 0.017921 seconds .

AssetImportWorkerClient::OnTransportError - code=2 error=End of file
