Using pre-set license
Built from '2020.2/release' branch; Version is '2020.2.4f1 (becced5a802b) revision 12504301'; Using compiler version '192528614'; Build Type 'Release'
OS: 'Windows 10 Home; OS build 19043.1415; Version 2009; 64bit' Language: 'en' Physical Memory: 16317 MB
BatchMode: 1, IsHumanControllingUs: 0, StartBugReporterOnCrash: 0, Is64bit: 1, IsPro: 0

 COMMAND LINE ARGUMENTS:
C:\Program Files\Unity\Hub\Editor\2020.2.4f1\Editor\Unity.exe
-adb2
-batchMode
-noUpm
-name
AssetImportWorker0
-projectPath
D:/Unity Projects/TeachingProjects/EricLGeekEduProject/EricLGeometryDash
-logFile
Logs/AssetImportWorker0.log
-srvPort
49531
Successfully changed project path to: D:/Unity Projects/TeachingProjects/EricLGeekEduProject/EricLGeometryDash
D:/Unity Projects/TeachingProjects/EricLGeekEduProject/EricLGeometryDash
Using Asset Import Pipeline V2.
Refreshing native plugins compatible for Editor in 34.61 ms, found 1 plugins.
Preloading 0 native plugins for Editor in 0.00 ms.
Initialize engine version: 2020.2.4f1 (becced5a802b)
[Subsystems] Discovering subsystems at path C:/Program Files/Unity/Hub/Editor/2020.2.4f1/Editor/Data/Resources/UnitySubsystems
[Subsystems] Discovering subsystems at path D:/Unity Projects/TeachingProjects/EricLGeekEduProject/EricLGeometryDash/Assets
GfxDevice: creating device client; threaded=0
Direct3D:
    Version:  Direct3D 11.0 [level 11.1]
    Renderer: NVIDIA GeForce RTX 2060 SUPER (ID=0x1f06)
    Vendor:   
    VRAM:     8031 MB
    Driver:   30.0.14.7196
Initialize mono
Mono path[0] = 'C:/Program Files/Unity/Hub/Editor/2020.2.4f1/Editor/Data/Managed'
Mono path[1] = 'C:/Program Files/Unity/Hub/Editor/2020.2.4f1/Editor/Data/MonoBleedingEdge/lib/mono/unityjit'
Mono config path = 'C:/Program Files/Unity/Hub/Editor/2020.2.4f1/Editor/Data/MonoBleedingEdge/etc'
Using monoOptions --debugger-agent=transport=dt_socket,embedding=1,server=y,suspend=n,address=127.0.0.1:56244
Begin MonoManager ReloadAssembly
Registering precompiled unity dll's ...
Register platform support module: C:/Program Files/Unity/Hub/Editor/2020.2.4f1/Editor/Data/PlaybackEngines/WebGLSupport/UnityEditor.WebGL.Extensions.dll
Register platform support module: C:/Program Files/Unity/Hub/Editor/2020.2.4f1/Editor/Data/PlaybackEngines/WindowsStandaloneSupport/UnityEditor.WindowsStandalone.Extensions.dll
Registered in 0.003086 seconds.
Native extension for WindowsStandalone target not found
Native extension for WebGL target not found
Refreshing native plugins compatible for Editor in 35.94 ms, found 1 plugins.
Preloading 0 native plugins for Editor in 0.00 ms.
Invoked RoslynAnalysisRunner static constructor.
RoslynAnalysisRunner will not be running.
RoslynAnalysisRunner has terminated.
Mono: successfully reloaded assembly
- Completed reload, in  2.092 seconds
Platform modules already initialized, skipping
Registering precompiled user dll's ...
Registered in 0.000730 seconds.
Begin MonoManager ReloadAssembly
Native extension for WindowsStandalone target not found
Native extension for WebGL target not found
Refreshing native plugins compatible for Editor in 34.88 ms, found 1 plugins.
Preloading 0 native plugins for Editor in 0.00 ms.
Invoked RoslynAnalysisRunner static constructor.
RoslynAnalysisRunner will not be running.
RoslynAnalysisRunner has terminated.
Mono: successfully reloaded assembly
- Completed reload, in  0.986 seconds
Platform modules already initialized, skipping
========================================================================
Worker process is ready to serve import requests
Launched and connected shader compiler UnityShaderCompiler.exe after 0.05 seconds
Refreshing native plugins compatible for Editor in 0.66 ms, found 1 plugins.
Preloading 0 native plugins for Editor in 0.00 ms.
Unloading 1800 Unused Serialized files (Serialized files now loaded: 0)
System memory in use before: 84.5 MB.
System memory in use after: 84.4 MB.

Unloading 24 unused Assets to reduce memory usage. Loaded Objects now: 2242.
Total: 2.215000 ms (FindLiveObjects: 0.287100 ms CreateObjectMapping: 0.045700 ms MarkObjects: 1.754600 ms  DeleteObjects: 0.126200 ms)

========================================================================
Received Import Request.
  path: Assets/Scripts/ScoreTracker.cs
  artifactKey: Guid(89bd913f366fe164185e4eaa4fba223b) Importer(815301076,1909f56bfc062723c751e8b465ee728b)
Start importing Assets/Scripts/ScoreTracker.cs using Guid(89bd913f366fe164185e4eaa4fba223b) Importer(815301076,1909f56bfc062723c751e8b465ee728b)  -> (artifact id: 'f6323144966ec6da107ed3a935926a8f') in 0.032853 seconds
  Import took 0.058355 seconds .

========================================================================
Received Prepare
Registering precompiled user dll's ...
Registered in 0.000989 seconds.
Begin MonoManager ReloadAssembly
Native extension for WindowsStandalone target not found
Native extension for WebGL target not found
Refreshing native plugins compatible for Editor in 0.39 ms, found 1 plugins.
Preloading 0 native plugins for Editor in 0.00 ms.
Invoked RoslynAnalysisRunner static constructor.
RoslynAnalysisRunner will not be running.
RoslynAnalysisRunner has terminated.
Mono: successfully reloaded assembly
- Completed reload, in  0.789 seconds
Platform modules already initialized, skipping
Refreshing native plugins compatible for Editor in 0.34 ms, found 1 plugins.
Preloading 0 native plugins for Editor in 0.00 ms.
Unloading 1795 Unused Serialized files (Serialized files now loaded: 0)
System memory in use before: 84.4 MB.
System memory in use after: 84.4 MB.

Unloading 12 unused Assets to reduce memory usage. Loaded Objects now: 2245.
Total: 3.030500 ms (FindLiveObjects: 0.373100 ms CreateObjectMapping: 0.059800 ms MarkObjects: 2.420400 ms  DeleteObjects: 0.175700 ms)

========================================================================
Received Import Request.
  Time since last request: 136.948996 seconds.
  path: Assets/Scripts/PlayerScript.cs
  artifactKey: Guid(4ca6f5f9a45598041b1dc3cb3c6ee9ed) Importer(815301076,1909f56bfc062723c751e8b465ee728b)
Start importing Assets/Scripts/PlayerScript.cs using Guid(4ca6f5f9a45598041b1dc3cb3c6ee9ed) Importer(815301076,1909f56bfc062723c751e8b465ee728b)  -> (artifact id: '6d58e51a6218c491b6f6deb71d002407') in 0.009488 seconds
  Import took 0.032083 seconds .

========================================================================
Received Prepare
Registering precompiled user dll's ...
Registered in 0.000950 seconds.
Begin MonoManager ReloadAssembly
Native extension for WindowsStandalone target not found
Native extension for WebGL target not found
Refreshing native plugins compatible for Editor in 0.68 ms, found 1 plugins.
Preloading 0 native plugins for Editor in 0.00 ms.
Invoked RoslynAnalysisRunner static constructor.
RoslynAnalysisRunner will not be running.
RoslynAnalysisRunner has terminated.
Mono: successfully reloaded assembly
- Completed reload, in  0.870 seconds
Platform modules already initialized, skipping
Refreshing native plugins compatible for Editor in 0.67 ms, found 1 plugins.
Preloading 0 native plugins for Editor in 0.00 ms.
Unloading 1795 Unused Serialized files (Serialized files now loaded: 0)
System memory in use before: 84.5 MB.
System memory in use after: 84.5 MB.

Unloading 12 unused Assets to reduce memory usage. Loaded Objects now: 2248.
Total: 2.140800 ms (FindLiveObjects: 0.289700 ms CreateObjectMapping: 0.051500 ms MarkObjects: 1.666900 ms  DeleteObjects: 0.131600 ms)

========================================================================
Received Import Request.
  Time since last request: 16.811749 seconds.
  path: ProjectSettings/TagManager.asset
  artifactKey: Guid(00000000000000003000000000000000) Importer(815301076,1909f56bfc062723c751e8b465ee728b)
Start importing ProjectSettings/TagManager.asset using Guid(00000000000000003000000000000000) Importer(815301076,1909f56bfc062723c751e8b465ee728b)  -> (artifact id: '9cb2ecd02a95645bdd1e9a446586a77b') in 0.023217 seconds
  Import took 0.027182 seconds .

========================================================================
Received Import Request.
  Time since last request: 39.648038 seconds.
  path: Assets/Scripts/ExitPortal.cs
  artifactKey: Guid(5f426b41060f0084982c796d14ef1d25) Importer(815301076,1909f56bfc062723c751e8b465ee728b)
Start importing Assets/Scripts/ExitPortal.cs using Guid(5f426b41060f0084982c796d14ef1d25) Importer(815301076,1909f56bfc062723c751e8b465ee728b)  -> (artifact id: '0b0b9ed75ec44a6352fffa16754517fb') in 0.010939 seconds
  Import took 0.014685 seconds .

========================================================================
Received Prepare
Registering precompiled user dll's ...
Registered in 0.002208 seconds.
Begin MonoManager ReloadAssembly
Native extension for WindowsStandalone target not found
Native extension for WebGL target not found
Refreshing native plugins compatible for Editor in 0.35 ms, found 1 plugins.
Preloading 0 native plugins for Editor in 0.00 ms.
Invoked RoslynAnalysisRunner static constructor.
RoslynAnalysisRunner will not be running.
RoslynAnalysisRunner has terminated.
Mono: successfully reloaded assembly
- Completed reload, in  0.875 seconds
Platform modules already initialized, skipping
Refreshing native plugins compatible for Editor in 0.37 ms, found 1 plugins.
Preloading 0 native plugins for Editor in 0.00 ms.
Unloading 1796 Unused Serialized files (Serialized files now loaded: 0)
System memory in use before: 84.5 MB.
System memory in use after: 84.5 MB.

Unloading 13 unused Assets to reduce memory usage. Loaded Objects now: 2252.
Total: 1.907900 ms (FindLiveObjects: 0.210200 ms CreateObjectMapping: 0.042300 ms MarkObjects: 1.550800 ms  DeleteObjects: 0.103700 ms)

========================================================================
Received Prepare
Registering precompiled user dll's ...
Registered in 0.001281 seconds.
Begin MonoManager ReloadAssembly
Native extension for WindowsStandalone target not found
Native extension for WebGL target not found
Refreshing native plugins compatible for Editor in 0.35 ms, found 1 plugins.
Preloading 0 native plugins for Editor in 0.00 ms.
Invoked RoslynAnalysisRunner static constructor.
RoslynAnalysisRunner will not be running.
RoslynAnalysisRunner has terminated.
Mono: successfully reloaded assembly
- Completed reload, in  0.764 seconds
Platform modules already initialized, skipping
Refreshing native plugins compatible for Editor in 0.47 ms, found 1 plugins.
Preloading 0 native plugins for Editor in 0.00 ms.
Unloading 1796 Unused Serialized files (Serialized files now loaded: 0)
System memory in use before: 84.5 MB.
System memory in use after: 84.5 MB.

Unloading 12 unused Assets to reduce memory usage. Loaded Objects now: 2255.
Total: 6.509600 ms (FindLiveObjects: 1.751800 ms CreateObjectMapping: 0.121800 ms MarkObjects: 4.476800 ms  DeleteObjects: 0.153800 ms)

========================================================================
Received Import Request.
  Time since last request: 133.578196 seconds.
  path: Assets/Scripts/ExitPortal.cs
  artifactKey: Guid(5f426b41060f0084982c796d14ef1d25) Importer(815301076,1909f56bfc062723c751e8b465ee728b)
Start importing Assets/Scripts/ExitPortal.cs using Guid(5f426b41060f0084982c796d14ef1d25) Importer(815301076,1909f56bfc062723c751e8b465ee728b)  -> (artifact id: '8c5295616d3b3cdb016150ae29018c78') in 0.005339 seconds
  Import took 0.009163 seconds .

========================================================================
Received Import Request.
  Time since last request: 11.709456 seconds.
  path: Assets/Scenes
  artifactKey: Guid(c6520829016c5b544935aa3805d1ad1c) Importer(815301076,1909f56bfc062723c751e8b465ee728b)
Start importing Assets/Scenes using Guid(c6520829016c5b544935aa3805d1ad1c) Importer(815301076,1909f56bfc062723c751e8b465ee728b)  -> (artifact id: 'e719578b4de18adc3f98fe159ea065fb') in 0.009443 seconds
  Import took 0.027195 seconds .

========================================================================
Received Import Request.
  Time since last request: 8.779735 seconds.
  path: Assets/Scenes/LevelSelect.unity
  artifactKey: Guid(b2540f6e52bcfb04ab6ed8076030343d) Importer(815301076,1909f56bfc062723c751e8b465ee728b)
Start importing Assets/Scenes/LevelSelect.unity using Guid(b2540f6e52bcfb04ab6ed8076030343d) Importer(815301076,1909f56bfc062723c751e8b465ee728b)  -> (artifact id: 'c432ff52351267e5745f15a4d75fda80') in 0.016451 seconds
  Import took 0.032264 seconds .

========================================================================
Received Import Request.
  Time since last request: 37.077953 seconds.
  path: Assets/Scripts/GameManager.cs
  artifactKey: Guid(ef20d9af6c619414a91de605402eaeee) Importer(815301076,1909f56bfc062723c751e8b465ee728b)
Start importing Assets/Scripts/GameManager.cs using Guid(ef20d9af6c619414a91de605402eaeee) Importer(815301076,1909f56bfc062723c751e8b465ee728b)  -> (artifact id: 'e034b4eb47232481eb604e1b4e21bd13') in 0.008833 seconds
  Import took 0.027653 seconds .

========================================================================
Received Prepare
Registering precompiled user dll's ...
Registered in 0.000990 seconds.
Begin MonoManager ReloadAssembly
Native extension for WindowsStandalone target not found
Native extension for WebGL target not found
Refreshing native plugins compatible for Editor in 0.91 ms, found 1 plugins.
Preloading 0 native plugins for Editor in 0.00 ms.
Invoked RoslynAnalysisRunner static constructor.
RoslynAnalysisRunner will not be running.
RoslynAnalysisRunner has terminated.
Mono: successfully reloaded assembly
- Completed reload, in  0.870 seconds
Platform modules already initialized, skipping
Refreshing native plugins compatible for Editor in 0.35 ms, found 1 plugins.
Preloading 0 native plugins for Editor in 0.00 ms.
Unloading 1797 Unused Serialized files (Serialized files now loaded: 0)
System memory in use before: 84.6 MB.
System memory in use after: 84.6 MB.

Unloading 12 unused Assets to reduce memory usage. Loaded Objects now: 2259.
Total: 2.620400 ms (FindLiveObjects: 0.326400 ms CreateObjectMapping: 0.049400 ms MarkObjects: 2.107600 ms  DeleteObjects: 0.135100 ms)

========================================================================
Received Prepare
Registering precompiled user dll's ...
Registered in 0.000996 seconds.
Begin MonoManager ReloadAssembly
Native extension for WindowsStandalone target not found
Native extension for WebGL target not found
Refreshing native plugins compatible for Editor in 0.77 ms, found 1 plugins.
Preloading 0 native plugins for Editor in 0.00 ms.
Invoked RoslynAnalysisRunner static constructor.
RoslynAnalysisRunner will not be running.
RoslynAnalysisRunner has terminated.
Mono: successfully reloaded assembly
- Completed reload, in  0.803 seconds
Platform modules already initialized, skipping
Refreshing native plugins compatible for Editor in 0.40 ms, found 1 plugins.
Preloading 0 native plugins for Editor in 0.00 ms.
Unloading 1797 Unused Serialized files (Serialized files now loaded: 0)
System memory in use before: 84.6 MB.
System memory in use after: 84.6 MB.

Unloading 12 unused Assets to reduce memory usage. Loaded Objects now: 2262.
Total: 4.341800 ms (FindLiveObjects: 0.922300 ms CreateObjectMapping: 0.104300 ms MarkObjects: 3.107800 ms  DeleteObjects: 0.203500 ms)

========================================================================
Received Import Request.
  Time since last request: 131.803994 seconds.
  path: Assets/Scripts/GameManager.cs
  artifactKey: Guid(ef20d9af6c619414a91de605402eaeee) Importer(815301076,1909f56bfc062723c751e8b465ee728b)
Start importing Assets/Scripts/GameManager.cs using Guid(ef20d9af6c619414a91de605402eaeee) Importer(815301076,1909f56bfc062723c751e8b465ee728b)  -> (artifact id: '51226be5222d175443afcd19301a7c9a') in 0.006070 seconds
  Import took 0.009831 seconds .

========================================================================
Received Prepare
Registering precompiled user dll's ...
Registered in 0.000779 seconds.
Begin MonoManager ReloadAssembly
Native extension for WindowsStandalone target not found
Native extension for WebGL target not found
Refreshing native plugins compatible for Editor in 1.04 ms, found 1 plugins.
Preloading 0 native plugins for Editor in 0.00 ms.
Invoked RoslynAnalysisRunner static constructor.
RoslynAnalysisRunner will not be running.
RoslynAnalysisRunner has terminated.
Mono: successfully reloaded assembly
- Completed reload, in  0.821 seconds
Platform modules already initialized, skipping
Refreshing native plugins compatible for Editor in 0.36 ms, found 1 plugins.
Preloading 0 native plugins for Editor in 0.00 ms.
Unloading 1797 Unused Serialized files (Serialized files now loaded: 0)
System memory in use before: 84.6 MB.
System memory in use after: 84.6 MB.

Unloading 12 unused Assets to reduce memory usage. Loaded Objects now: 2265.
Total: 3.942500 ms (FindLiveObjects: 0.860000 ms CreateObjectMapping: 0.106000 ms MarkObjects: 2.855700 ms  DeleteObjects: 0.117600 ms)

========================================================================
Received Prepare
Registering precompiled user dll's ...
Registered in 0.000950 seconds.
Begin MonoManager ReloadAssembly
Native extension for WindowsStandalone target not found
Native extension for WebGL target not found
Refreshing native plugins compatible for Editor in 0.54 ms, found 1 plugins.
Preloading 0 native plugins for Editor in 0.00 ms.
Invoked RoslynAnalysisRunner static constructor.
RoslynAnalysisRunner will not be running.
RoslynAnalysisRunner has terminated.
Mono: successfully reloaded assembly
- Completed reload, in  0.842 seconds
Platform modules already initialized, skipping
Refreshing native plugins compatible for Editor in 0.43 ms, found 1 plugins.
Preloading 0 native plugins for Editor in 0.00 ms.
Unloading 1797 Unused Serialized files (Serialized files now loaded: 0)
System memory in use before: 84.6 MB.
System memory in use after: 84.6 MB.

Unloading 12 unused Assets to reduce memory usage. Loaded Objects now: 2268.
Total: 5.489900 ms (FindLiveObjects: 1.086700 ms CreateObjectMapping: 0.261900 ms MarkObjects: 3.994800 ms  DeleteObjects: 0.142600 ms)

========================================================================
Received Prepare
Registering precompiled user dll's ...
Registered in 0.002107 seconds.
Begin MonoManager ReloadAssembly
Native extension for WindowsStandalone target not found
Native extension for WebGL target not found
Refreshing native plugins compatible for Editor in 0.64 ms, found 1 plugins.
Preloading 0 native plugins for Editor in 0.00 ms.
Invoked RoslynAnalysisRunner static constructor.
RoslynAnalysisRunner will not be running.
RoslynAnalysisRunner has terminated.
Mono: successfully reloaded assembly
- Completed reload, in  0.800 seconds
Platform modules already initialized, skipping
Refreshing native plugins compatible for Editor in 0.37 ms, found 1 plugins.
Preloading 0 native plugins for Editor in 0.00 ms.
Unloading 1797 Unused Serialized files (Serialized files now loaded: 0)
System memory in use before: 84.6 MB.
System memory in use after: 84.6 MB.

Unloading 12 unused Assets to reduce memory usage. Loaded Objects now: 2271.
Total: 2.032100 ms (FindLiveObjects: 0.278300 ms CreateObjectMapping: 0.044700 ms MarkObjects: 1.579800 ms  DeleteObjects: 0.127800 ms)

========================================================================
Received Prepare
Registering precompiled user dll's ...
Registered in 0.000870 seconds.
Begin MonoManager ReloadAssembly
Native extension for WindowsStandalone target not found
Native extension for WebGL target not found
Refreshing native plugins compatible for Editor in 0.38 ms, found 1 plugins.
Preloading 0 native plugins for Editor in 0.00 ms.
Invoked RoslynAnalysisRunner static constructor.
RoslynAnalysisRunner will not be running.
RoslynAnalysisRunner has terminated.
Mono: successfully reloaded assembly
- Completed reload, in  0.749 seconds
Platform modules already initialized, skipping
Refreshing native plugins compatible for Editor in 0.44 ms, found 1 plugins.
Preloading 0 native plugins for Editor in 0.00 ms.
Unloading 1797 Unused Serialized files (Serialized files now loaded: 0)
System memory in use before: 84.6 MB.
System memory in use after: 84.6 MB.

Unloading 12 unused Assets to reduce memory usage. Loaded Objects now: 2274.
Total: 4.679500 ms (FindLiveObjects: 1.068200 ms CreateObjectMapping: 0.348200 ms MarkObjects: 3.120700 ms  DeleteObjects: 0.137000 ms)

========================================================================
Received Prepare
Registering precompiled user dll's ...
Registered in 0.000799 seconds.
Begin MonoManager ReloadAssembly
Native extension for WindowsStandalone target not found
Native extension for WebGL target not found
Refreshing native plugins compatible for Editor in 0.98 ms, found 1 plugins.
Preloading 0 native plugins for Editor in 0.00 ms.
Invoked RoslynAnalysisRunner static constructor.
RoslynAnalysisRunner will not be running.
RoslynAnalysisRunner has terminated.
Mono: successfully reloaded assembly
- Completed reload, in  0.818 seconds
Platform modules already initialized, skipping
Refreshing native plugins compatible for Editor in 0.35 ms, found 1 plugins.
Preloading 0 native plugins for Editor in 0.00 ms.
Unloading 1797 Unused Serialized files (Serialized files now loaded: 0)
System memory in use before: 84.6 MB.
System memory in use after: 84.6 MB.

Unloading 12 unused Assets to reduce memory usage. Loaded Objects now: 2277.
Total: 4.188500 ms (FindLiveObjects: 0.848700 ms CreateObjectMapping: 0.097600 ms MarkObjects: 3.072300 ms  DeleteObjects: 0.165400 ms)

========================================================================
Received Import Request.
  Time since last request: 437.716404 seconds.
  path: Assets/Prefabs/ExitPortal.prefab
  artifactKey: Guid(2ec6fbbb82fb6db4e847e07292ed809d) Importer(815301076,1909f56bfc062723c751e8b465ee728b)
Start importing Assets/Prefabs/ExitPortal.prefab using Guid(2ec6fbbb82fb6db4e847e07292ed809d) Importer(815301076,1909f56bfc062723c751e8b465ee728b)  -> (artifact id: '3e629d580a81d1884da7fa0462d34882') in 0.074517 seconds
  Import took 0.140798 seconds .

========================================================================
Received Import Request.
  Time since last request: 112.795221 seconds.
  path: Assets/Scripts/LevelSelector.cs
  artifactKey: Guid(34fe99bed03025541b61424612506324) Importer(815301076,1909f56bfc062723c751e8b465ee728b)
Start importing Assets/Scripts/LevelSelector.cs using Guid(34fe99bed03025541b61424612506324) Importer(815301076,1909f56bfc062723c751e8b465ee728b)  -> (artifact id: 'acbc0351b26f0b551f9239ee4890fe2a') in 0.014040 seconds
  Import took 0.017703 seconds .

========================================================================
Received Prepare
Registering precompiled user dll's ...
Registered in 0.000912 seconds.
Begin MonoManager ReloadAssembly
Native extension for WindowsStandalone target not found
Native extension for WebGL target not found
Refreshing native plugins compatible for Editor in 0.50 ms, found 1 plugins.
Preloading 0 native plugins for Editor in 0.00 ms.
Invoked RoslynAnalysisRunner static constructor.
RoslynAnalysisRunner will not be running.
RoslynAnalysisRunner has terminated.
Mono: successfully reloaded assembly
- Completed reload, in  0.810 seconds
Platform modules already initialized, skipping
Refreshing native plugins compatible for Editor in 0.40 ms, found 1 plugins.
Preloading 0 native plugins for Editor in 0.00 ms.
Unloading 1798 Unused Serialized files (Serialized files now loaded: 0)
System memory in use before: 87.8 MB.
System memory in use after: 87.7 MB.

Unloading 12 unused Assets to reduce memory usage. Loaded Objects now: 2288.
Total: 2.307000 ms (FindLiveObjects: 0.277700 ms CreateObjectMapping: 0.042900 ms MarkObjects: 1.800800 ms  DeleteObjects: 0.182900 ms)

========================================================================
Received Prepare
Registering precompiled user dll's ...
Registered in 0.001027 seconds.
Begin MonoManager ReloadAssembly
Native extension for WindowsStandalone target not found
Native extension for WebGL target not found
Refreshing native plugins compatible for Editor in 0.48 ms, found 1 plugins.
Preloading 0 native plugins for Editor in 0.00 ms.
Invoked RoslynAnalysisRunner static constructor.
RoslynAnalysisRunner will not be running.
RoslynAnalysisRunner has terminated.
Mono: successfully reloaded assembly
- Completed reload, in  0.821 seconds
Platform modules already initialized, skipping
Refreshing native plugins compatible for Editor in 0.53 ms, found 1 plugins.
Preloading 0 native plugins for Editor in 0.00 ms.
Unloading 1798 Unused Serialized files (Serialized files now loaded: 0)
System memory in use before: 87.8 MB.
System memory in use after: 87.8 MB.

Unloading 12 unused Assets to reduce memory usage. Loaded Objects now: 2291.
Total: 1.927400 ms (FindLiveObjects: 0.270600 ms CreateObjectMapping: 0.045700 ms MarkObjects: 1.517800 ms  DeleteObjects: 0.092200 ms)

========================================================================
Received Import Request.
  Time since last request: 150.461450 seconds.
  path: Assets/Scripts/LevelSelector.cs
  artifactKey: Guid(34fe99bed03025541b61424612506324) Importer(815301076,1909f56bfc062723c751e8b465ee728b)
Start importing Assets/Scripts/LevelSelector.cs using Guid(34fe99bed03025541b61424612506324) Importer(815301076,1909f56bfc062723c751e8b465ee728b)  -> (artifact id: 'eb5422498bfcbefdf8a1d4cfc18a48cc') in 0.006428 seconds
  Import took 0.025682 seconds .

========================================================================
Received Prepare
Registering precompiled user dll's ...
Registered in 0.001034 seconds.
Begin MonoManager ReloadAssembly
Native extension for WindowsStandalone target not found
Native extension for WebGL target not found
Refreshing native plugins compatible for Editor in 0.37 ms, found 1 plugins.
Preloading 0 native plugins for Editor in 0.00 ms.
Invoked RoslynAnalysisRunner static constructor.
RoslynAnalysisRunner will not be running.
RoslynAnalysisRunner has terminated.
Mono: successfully reloaded assembly
- Completed reload, in  0.715 seconds
Platform modules already initialized, skipping
Refreshing native plugins compatible for Editor in 0.35 ms, found 1 plugins.
Preloading 0 native plugins for Editor in 0.00 ms.
Unloading 1798 Unused Serialized files (Serialized files now loaded: 0)
System memory in use before: 87.8 MB.
System memory in use after: 87.8 MB.

Unloading 12 unused Assets to reduce memory usage. Loaded Objects now: 2294.
Total: 2.036900 ms (FindLiveObjects: 0.291800 ms CreateObjectMapping: 0.051400 ms MarkObjects: 1.585500 ms  DeleteObjects: 0.106600 ms)

========================================================================
Received Import Request.
  Time since last request: 149.900083 seconds.
  path: Assets/Scenes/EndlessRunner.unity
  artifactKey: Guid(19462e5fad4b80d4ebcc9575b5fb1058) Importer(815301076,1909f56bfc062723c751e8b465ee728b)
Start importing Assets/Scenes/EndlessRunner.unity using Guid(19462e5fad4b80d4ebcc9575b5fb1058) Importer(815301076,1909f56bfc062723c751e8b465ee728b)  -> (artifact id: 'e6606470f7d236aba38cf3eba073f111') in 0.016504 seconds
  Import took 0.019499 seconds .

========================================================================
Received Import Request.
  Time since last request: 181.934463 seconds.
  path: ProjectSettings/TagManager.asset
  artifactKey: Guid(00000000000000003000000000000000) Importer(815301076,1909f56bfc062723c751e8b465ee728b)
Start importing ProjectSettings/TagManager.asset using Guid(00000000000000003000000000000000) Importer(815301076,1909f56bfc062723c751e8b465ee728b)  -> (artifact id: 'abdbe7e731c4d27755d3f3313dcbe2a9') in 0.005316 seconds
  Import took 0.009241 seconds .

========================================================================
Received Import Request.
  Time since last request: 41.456088 seconds.
  path: Assets/Prefabs/Sections
  artifactKey: Guid(4b2fcb307befa4a4c898a65a067235ee) Importer(815301076,1909f56bfc062723c751e8b465ee728b)
Start importing Assets/Prefabs/Sections using Guid(4b2fcb307befa4a4c898a65a067235ee) Importer(815301076,1909f56bfc062723c751e8b465ee728b)  -> (artifact id: '77653e94d1c916309cbf1a3fe810ab25') in 0.014518 seconds
  Import took 0.039596 seconds .

========================================================================
Received Import Request.
  Time since last request: 7.941465 seconds.
  path: Assets/Prefabs/Sections/Ground.prefab
  artifactKey: Guid(c97d1e33df0e46c43a2083636b5d542c) Importer(815301076,1909f56bfc062723c751e8b465ee728b)
Start importing Assets/Prefabs/Sections/Ground.prefab using Guid(c97d1e33df0e46c43a2083636b5d542c) Importer(815301076,1909f56bfc062723c751e8b465ee728b)  -> (artifact id: '5197b8d4005e2e8b5652d360852b0e6c') in 0.057647 seconds
  Import took 0.062143 seconds .

========================================================================
Received Import Request.
  Time since last request: 32.703691 seconds.
  path: Assets/Scripts/EndlessCheckpoint.cs
  artifactKey: Guid(00b69ca236726164c990b68fea13c8bc) Importer(815301076,1909f56bfc062723c751e8b465ee728b)
Start importing Assets/Scripts/EndlessCheckpoint.cs using Guid(00b69ca236726164c990b68fea13c8bc) Importer(815301076,1909f56bfc062723c751e8b465ee728b)  -> (artifact id: '15d0315a37b9e8781f52a5b800a53f62') in 0.008123 seconds
  Import took 0.011352 seconds .

========================================================================
Received Prepare
Registering precompiled user dll's ...
Registered in 0.000782 seconds.
Begin MonoManager ReloadAssembly
Native extension for WindowsStandalone target not found
Native extension for WebGL target not found
Refreshing native plugins compatible for Editor in 0.37 ms, found 1 plugins.
Preloading 0 native plugins for Editor in 0.00 ms.
Invoked RoslynAnalysisRunner static constructor.
RoslynAnalysisRunner will not be running.
RoslynAnalysisRunner has terminated.
Mono: successfully reloaded assembly
- Completed reload, in  0.904 seconds
Platform modules already initialized, skipping
Refreshing native plugins compatible for Editor in 0.47 ms, found 1 plugins.
Preloading 0 native plugins for Editor in 0.00 ms.
Unloading 1799 Unused Serialized files (Serialized files now loaded: 0)
System memory in use before: 87.9 MB.
System memory in use after: 87.8 MB.

Unloading 13 unused Assets to reduce memory usage. Loaded Objects now: 2299.
Total: 4.131300 ms (FindLiveObjects: 1.052400 ms CreateObjectMapping: 0.146800 ms MarkObjects: 2.817500 ms  DeleteObjects: 0.110700 ms)

========================================================================
Received Import Request.
  Time since last request: 370.740247 seconds.
  path: Assets/Prefabs/Sections/Section2.prefab
  artifactKey: Guid(55ce9d8c831cf70478201bcc190922fc) Importer(815301076,1909f56bfc062723c751e8b465ee728b)
Start importing Assets/Prefabs/Sections/Section2.prefab using Guid(55ce9d8c831cf70478201bcc190922fc) Importer(815301076,1909f56bfc062723c751e8b465ee728b)  -> (artifact id: 'baae9a255c153ed66fb205bff7fc60d0') in 0.062787 seconds
  Import took 0.075128 seconds .

========================================================================
Received Import Request.
  Time since last request: 62.004917 seconds.
  path: Assets/Prefabs/Sections/Section3.prefab
  artifactKey: Guid(c03f4461a3c2c2342a3f89eeab295789) Importer(815301076,1909f56bfc062723c751e8b465ee728b)
Start importing Assets/Prefabs/Sections/Section3.prefab using Guid(c03f4461a3c2c2342a3f89eeab295789) Importer(815301076,1909f56bfc062723c751e8b465ee728b)  -> (artifact id: 'fbaea35de87b6be66083be4698be3cfc') in 0.017349 seconds
  Import took 0.026518 seconds .

========================================================================
Received Prepare
Registering precompiled user dll's ...
Registered in 0.001138 seconds.
Begin MonoManager ReloadAssembly
Native extension for WindowsStandalone target not found
Native extension for WebGL target not found
Refreshing native plugins compatible for Editor in 0.36 ms, found 1 plugins.
Preloading 0 native plugins for Editor in 0.00 ms.
Invoked RoslynAnalysisRunner static constructor.
RoslynAnalysisRunner will not be running.
RoslynAnalysisRunner has terminated.
Mono: successfully reloaded assembly
- Completed reload, in  0.766 seconds
Platform modules already initialized, skipping
Refreshing native plugins compatible for Editor in 0.53 ms, found 1 plugins.
Preloading 0 native plugins for Editor in 0.00 ms.
Unloading 1799 Unused Serialized files (Serialized files now loaded: 0)
System memory in use before: 87.9 MB.
System memory in use after: 87.9 MB.

Unloading 12 unused Assets to reduce memory usage. Loaded Objects now: 2303.
Total: 1.810400 ms (FindLiveObjects: 0.219700 ms CreateObjectMapping: 0.045000 ms MarkObjects: 1.452000 ms  DeleteObjects: 0.092900 ms)

========================================================================
Received Prepare
Registering precompiled user dll's ...
Registered in 0.001801 seconds.
Begin MonoManager ReloadAssembly
Native extension for WindowsStandalone target not found
Native extension for WebGL target not found
Refreshing native plugins compatible for Editor in 0.38 ms, found 1 plugins.
Preloading 0 native plugins for Editor in 0.00 ms.
Invoked RoslynAnalysisRunner static constructor.
RoslynAnalysisRunner will not be running.
RoslynAnalysisRunner has terminated.
Mono: successfully reloaded assembly
- Completed reload, in  0.756 seconds
Platform modules already initialized, skipping
Refreshing native plugins compatible for Editor in 0.58 ms, found 1 plugins.
Preloading 0 native plugins for Editor in 0.00 ms.
Unloading 1799 Unused Serialized files (Serialized files now loaded: 0)
System memory in use before: 87.9 MB.
System memory in use after: 87.9 MB.

Unloading 12 unused Assets to reduce memory usage. Loaded Objects now: 2306.
Total: 4.435200 ms (FindLiveObjects: 1.144400 ms CreateObjectMapping: 0.156000 ms MarkObjects: 3.015500 ms  DeleteObjects: 0.115500 ms)

========================================================================
Received Prepare
Registering precompiled user dll's ...
Registered in 0.000876 seconds.
Begin MonoManager ReloadAssembly
Native extension for WindowsStandalone target not found
Native extension for WebGL target not found
Refreshing native plugins compatible for Editor in 0.54 ms, found 1 plugins.
Preloading 0 native plugins for Editor in 0.00 ms.
Invoked RoslynAnalysisRunner static constructor.
RoslynAnalysisRunner will not be running.
RoslynAnalysisRunner has terminated.
Mono: successfully reloaded assembly
- Completed reload, in  0.802 seconds
Platform modules already initialized, skipping
Refreshing native plugins compatible for Editor in 0.44 ms, found 1 plugins.
Preloading 0 native plugins for Editor in 0.00 ms.
Unloading 1799 Unused Serialized files (Serialized files now loaded: 0)
System memory in use before: 87.9 MB.
System memory in use after: 87.9 MB.

Unloading 12 unused Assets to reduce memory usage. Loaded Objects now: 2309.
Total: 2.045300 ms (FindLiveObjects: 0.241900 ms CreateObjectMapping: 0.043700 ms MarkObjects: 1.653000 ms  DeleteObjects: 0.104700 ms)

========================================================================
Received Import Request.
  Time since last request: 243.580678 seconds.
  path: Assets/Prefabs/Sections/Ground.prefab
  artifactKey: Guid(c97d1e33df0e46c43a2083636b5d542c) Importer(815301076,1909f56bfc062723c751e8b465ee728b)
Start importing Assets/Prefabs/Sections/Ground.prefab using Guid(c97d1e33df0e46c43a2083636b5d542c) Importer(815301076,1909f56bfc062723c751e8b465ee728b)  -> (artifact id: '05b65aba77fc1e94552a4e4ac69d701b') in 0.057358 seconds
  Import took 0.062094 seconds .

========================================================================
Received Import Request.
  Time since last request: 3.186061 seconds.
  path: Assets/Prefabs/Sections/Section2.prefab
  artifactKey: Guid(55ce9d8c831cf70478201bcc190922fc) Importer(815301076,1909f56bfc062723c751e8b465ee728b)
Start importing Assets/Prefabs/Sections/Section2.prefab using Guid(55ce9d8c831cf70478201bcc190922fc) Importer(815301076,1909f56bfc062723c751e8b465ee728b)  -> (artifact id: '9634492180bddd26b9b93a056803f5e4') in 0.011387 seconds
  Import took 0.015235 seconds .

========================================================================
Received Import Request.
  Time since last request: 4.454743 seconds.
  path: Assets/Prefabs/Sections/Section3.prefab
  artifactKey: Guid(c03f4461a3c2c2342a3f89eeab295789) Importer(815301076,1909f56bfc062723c751e8b465ee728b)
Start importing Assets/Prefabs/Sections/Section3.prefab using Guid(c03f4461a3c2c2342a3f89eeab295789) Importer(815301076,1909f56bfc062723c751e8b465ee728b)  -> (artifact id: '8bcc7fbd8a4958e110edadb05ba1880b') in 0.015732 seconds
  Import took 0.018991 seconds .

========================================================================
Received Import Request.
  Time since last request: 12.478455 seconds.
  path: Assets/Prefabs/Sections/Section2.prefab
  artifactKey: Guid(55ce9d8c831cf70478201bcc190922fc) Importer(815301076,1909f56bfc062723c751e8b465ee728b)
Start importing Assets/Prefabs/Sections/Section2.prefab using Guid(55ce9d8c831cf70478201bcc190922fc) Importer(815301076,1909f56bfc062723c751e8b465ee728b)  -> (artifact id: 'befd2264bdc5a44b27d05d8bc03c0ef7') in 0.009731 seconds
  Import took 0.013266 seconds .

========================================================================
Received Import Request.
  Time since last request: 3.987426 seconds.
  path: Assets/Prefabs/Sections/Section2.prefab
  artifactKey: Guid(55ce9d8c831cf70478201bcc190922fc) Importer(815301076,1909f56bfc062723c751e8b465ee728b)
Start importing Assets/Prefabs/Sections/Section2.prefab using Guid(55ce9d8c831cf70478201bcc190922fc) Importer(815301076,1909f56bfc062723c751e8b465ee728b)  -> (artifact id: '88f275a8f7828ef6523e94e126b4b0b0') in 0.011062 seconds
  Import took 0.023773 seconds .

========================================================================
Received Import Request.
  Time since last request: 1.632065 seconds.
  path: Assets/Prefabs/Sections/Section2.prefab
  artifactKey: Guid(55ce9d8c831cf70478201bcc190922fc) Importer(815301076,1909f56bfc062723c751e8b465ee728b)
Start importing Assets/Prefabs/Sections/Section2.prefab using Guid(55ce9d8c831cf70478201bcc190922fc) Importer(815301076,1909f56bfc062723c751e8b465ee728b)  -> (artifact id: 'd06185e617975bd3e4aa90f3d75e94a8') in 0.012804 seconds
  Import took 0.037930 seconds .

========================================================================
Received Import Request.
  Time since last request: 1.609116 seconds.
  path: Assets/Prefabs/Sections/Section2.prefab
  artifactKey: Guid(55ce9d8c831cf70478201bcc190922fc) Importer(815301076,1909f56bfc062723c751e8b465ee728b)
Start importing Assets/Prefabs/Sections/Section2.prefab using Guid(55ce9d8c831cf70478201bcc190922fc) Importer(815301076,1909f56bfc062723c751e8b465ee728b)  -> (artifact id: 'bd8b638ca8afc87687f87a117444eedc') in 0.012639 seconds
  Import took 0.044184 seconds .

========================================================================
Received Import Request.
  Time since last request: 13.637726 seconds.
  path: Assets/Prefabs/Sections/Ground.prefab
  artifactKey: Guid(c97d1e33df0e46c43a2083636b5d542c) Importer(815301076,1909f56bfc062723c751e8b465ee728b)
Start importing Assets/Prefabs/Sections/Ground.prefab using Guid(c97d1e33df0e46c43a2083636b5d542c) Importer(815301076,1909f56bfc062723c751e8b465ee728b)  -> (artifact id: 'ccfb592a15b48675d4f18dcdf6731317') in 0.023093 seconds
  Import took 0.042810 seconds .

========================================================================
Received Import Request.
  Time since last request: 5.503112 seconds.
  path: Assets/Prefabs/Sections/Ground.prefab
  artifactKey: Guid(c97d1e33df0e46c43a2083636b5d542c) Importer(815301076,1909f56bfc062723c751e8b465ee728b)
Start importing Assets/Prefabs/Sections/Ground.prefab using Guid(c97d1e33df0e46c43a2083636b5d542c) Importer(815301076,1909f56bfc062723c751e8b465ee728b)  -> (artifact id: 'd30103c339ff0d83603a251415e404c6') in 0.014661 seconds
  Import took 0.030482 seconds .

========================================================================
Received Import Request.
  Time since last request: 12.765525 seconds.
  path: Assets/Prefabs/Player.prefab
  artifactKey: Guid(e06eb20306ead3049ab48b33f685a2e8) Importer(815301076,1909f56bfc062723c751e8b465ee728b)
Start importing Assets/Prefabs/Player.prefab using Guid(e06eb20306ead3049ab48b33f685a2e8) Importer(815301076,1909f56bfc062723c751e8b465ee728b)  -> (artifact id: 'dbd786d72a11be6a0758dc988df0c359') in 0.014304 seconds
  Import took 0.065123 seconds .

========================================================================
Received Import Request.
  Time since last request: 1.151948 seconds.
  path: Assets/Prefabs/Sections/Section3.prefab
  artifactKey: Guid(c03f4461a3c2c2342a3f89eeab295789) Importer(815301076,1909f56bfc062723c751e8b465ee728b)
Start importing Assets/Prefabs/Sections/Section3.prefab using Guid(c03f4461a3c2c2342a3f89eeab295789) Importer(815301076,1909f56bfc062723c751e8b465ee728b)  -> (artifact id: 'a1616fe85877c9b63668a2176cd2b199') in 0.010950 seconds
  Import took 0.014559 seconds .

========================================================================
Received Import Request.
  Time since last request: 7.873609 seconds.
  path: Assets/Prefabs/Sections/Section3.prefab
  artifactKey: Guid(c03f4461a3c2c2342a3f89eeab295789) Importer(815301076,1909f56bfc062723c751e8b465ee728b)
Start importing Assets/Prefabs/Sections/Section3.prefab using Guid(c03f4461a3c2c2342a3f89eeab295789) Importer(815301076,1909f56bfc062723c751e8b465ee728b)  -> (artifact id: '6dd499623fbdf82b04ea99b0dc393961') in 0.012000 seconds
  Import took 0.016722 seconds .

========================================================================
Received Import Request.
  Time since last request: 27.969371 seconds.
  path: Assets/Prefabs/Sections/Section2.prefab
  artifactKey: Guid(55ce9d8c831cf70478201bcc190922fc) Importer(815301076,1909f56bfc062723c751e8b465ee728b)
Start importing Assets/Prefabs/Sections/Section2.prefab using Guid(55ce9d8c831cf70478201bcc190922fc) Importer(815301076,1909f56bfc062723c751e8b465ee728b)  -> (artifact id: 'a67f53296c6b6e64089bf9b8a19c1f7d') in 0.008673 seconds
  Import took 0.013118 seconds .

========================================================================
Received Import Request.
  Time since last request: 5.512970 seconds.
  path: Assets/Prefabs/Sections/Section2.prefab
  artifactKey: Guid(55ce9d8c831cf70478201bcc190922fc) Importer(815301076,1909f56bfc062723c751e8b465ee728b)
Start importing Assets/Prefabs/Sections/Section2.prefab using Guid(55ce9d8c831cf70478201bcc190922fc) Importer(815301076,1909f56bfc062723c751e8b465ee728b)  -> (artifact id: 'a71b1dbee091f18a47dd25b3438498ed') in 0.010263 seconds
  Import took 0.014128 seconds .

========================================================================
Received Prepare
Registering precompiled user dll's ...
Registered in 0.000900 seconds.
Begin MonoManager ReloadAssembly
Native extension for WindowsStandalone target not found
Native extension for WebGL target not found
Refreshing native plugins compatible for Editor in 0.48 ms, found 1 plugins.
Preloading 0 native plugins for Editor in 0.00 ms.
Invoked RoslynAnalysisRunner static constructor.
RoslynAnalysisRunner will not be running.
RoslynAnalysisRunner has terminated.
Mono: successfully reloaded assembly
- Completed reload, in  0.797 seconds
Platform modules already initialized, skipping
Refreshing native plugins compatible for Editor in 0.51 ms, found 1 plugins.
Preloading 0 native plugins for Editor in 0.00 ms.
Unloading 1799 Unused Serialized files (Serialized files now loaded: 0)
System memory in use before: 87.9 MB.
System memory in use after: 87.9 MB.

Unloading 12 unused Assets to reduce memory usage. Loaded Objects now: 2313.
Total: 1.942400 ms (FindLiveObjects: 0.235400 ms CreateObjectMapping: 0.040500 ms MarkObjects: 1.558900 ms  DeleteObjects: 0.106500 ms)

========================================================================
Received Import Request.
  Time since last request: 137.982490 seconds.
  path: Assets/Scripts/EndlessCheckpoint.cs
  artifactKey: Guid(00b69ca236726164c990b68fea13c8bc) Importer(815301076,1909f56bfc062723c751e8b465ee728b)
Start importing Assets/Scripts/EndlessCheckpoint.cs using Guid(00b69ca236726164c990b68fea13c8bc) Importer(815301076,1909f56bfc062723c751e8b465ee728b)  -> (artifact id: '2014d92d400d232388e7a4339ce1cec2') in 0.008370 seconds
  Import took 0.032361 seconds .

========================================================================
Received Prepare
Registering precompiled user dll's ...
Registered in 0.000877 seconds.
Begin MonoManager ReloadAssembly
Native extension for WindowsStandalone target not found
Native extension for WebGL target not found
Refreshing native plugins compatible for Editor in 0.55 ms, found 1 plugins.
Preloading 0 native plugins for Editor in 0.00 ms.
Invoked RoslynAnalysisRunner static constructor.
RoslynAnalysisRunner will not be running.
RoslynAnalysisRunner has terminated.
Mono: successfully reloaded assembly
- Completed reload, in  0.851 seconds
Platform modules already initialized, skipping
Refreshing native plugins compatible for Editor in 1.06 ms, found 1 plugins.
Preloading 0 native plugins for Editor in 0.00 ms.
Unloading 1799 Unused Serialized files (Serialized files now loaded: 0)
System memory in use before: 88.0 MB.
System memory in use after: 87.9 MB.

Unloading 12 unused Assets to reduce memory usage. Loaded Objects now: 2316.
Total: 2.619300 ms (FindLiveObjects: 0.325800 ms CreateObjectMapping: 0.045000 ms MarkObjects: 2.057300 ms  DeleteObjects: 0.189700 ms)

========================================================================
Received Import Request.
  Time since last request: 18.486458 seconds.
  path: Assets/Scripts/EndlessCheckpoint.cs
  artifactKey: Guid(00b69ca236726164c990b68fea13c8bc) Importer(815301076,1909f56bfc062723c751e8b465ee728b)
Start importing Assets/Scripts/EndlessCheckpoint.cs using Guid(00b69ca236726164c990b68fea13c8bc) Importer(815301076,1909f56bfc062723c751e8b465ee728b)  -> (artifact id: 'bbb689a69f74ca39f385ba2f4279717f') in 0.006033 seconds
  Import took 0.010623 seconds .

========================================================================
Received Prepare
Registering precompiled user dll's ...
Registered in 0.000913 seconds.
Begin MonoManager ReloadAssembly
Native extension for WindowsStandalone target not found
Native extension for WebGL target not found
Refreshing native plugins compatible for Editor in 0.48 ms, found 1 plugins.
Preloading 0 native plugins for Editor in 0.00 ms.
Invoked RoslynAnalysisRunner static constructor.
RoslynAnalysisRunner will not be running.
RoslynAnalysisRunner has terminated.
Mono: successfully reloaded assembly
- Completed reload, in  0.732 seconds
Platform modules already initialized, skipping
Refreshing native plugins compatible for Editor in 0.40 ms, found 1 plugins.
Preloading 0 native plugins for Editor in 0.00 ms.
Unloading 1799 Unused Serialized files (Serialized files now loaded: 0)
System memory in use before: 88.0 MB.
System memory in use after: 87.9 MB.

Unloading 12 unused Assets to reduce memory usage. Loaded Objects now: 2319.
Total: 3.147800 ms (FindLiveObjects: 0.386700 ms CreateObjectMapping: 0.063300 ms MarkObjects: 2.585700 ms  DeleteObjects: 0.110000 ms)

========================================================================
Received Import Request.
  Time since last request: 104.000125 seconds.
  path: Assets/Prefabs/Player.prefab
  artifactKey: Guid(e06eb20306ead3049ab48b33f685a2e8) Importer(815301076,1909f56bfc062723c751e8b465ee728b)
Start importing Assets/Prefabs/Player.prefab using Guid(e06eb20306ead3049ab48b33f685a2e8) Importer(815301076,1909f56bfc062723c751e8b465ee728b)  -> (artifact id: '6dfa8604c1a7d7d0a7b480641b309515') in 0.044833 seconds
  Import took 0.048162 seconds .

========================================================================
Received Import Request.
  Time since last request: 4.273112 seconds.
  path: Assets/Prefabs/Player.prefab
  artifactKey: Guid(e06eb20306ead3049ab48b33f685a2e8) Importer(815301076,1909f56bfc062723c751e8b465ee728b)
Start importing Assets/Prefabs/Player.prefab using Guid(e06eb20306ead3049ab48b33f685a2e8) Importer(815301076,1909f56bfc062723c751e8b465ee728b)  -> (artifact id: '36f50de8e66f8f05cb307e6c76117cdc') in 0.017733 seconds
  Import took 0.037992 seconds .

========================================================================
Received Import Request.
  Time since last request: 15.934955 seconds.
  path: Assets/Prefabs/Player.prefab
  artifactKey: Guid(e06eb20306ead3049ab48b33f685a2e8) Importer(815301076,1909f56bfc062723c751e8b465ee728b)
Start importing Assets/Prefabs/Player.prefab using Guid(e06eb20306ead3049ab48b33f685a2e8) Importer(815301076,1909f56bfc062723c751e8b465ee728b)  -> (artifact id: '3f60620f772819c70c4aaa5d5840766e') in 0.015645 seconds
  Import took 0.036351 seconds .

========================================================================
Received Import Request.
  Time since last request: 12.859286 seconds.
  path: Assets/Prefabs/Player.prefab
  artifactKey: Guid(e06eb20306ead3049ab48b33f685a2e8) Importer(815301076,1909f56bfc062723c751e8b465ee728b)
Start importing Assets/Prefabs/Player.prefab using Guid(e06eb20306ead3049ab48b33f685a2e8) Importer(815301076,1909f56bfc062723c751e8b465ee728b)  -> (artifact id: '186d17cbf2b144af39639fcf63abbeb3') in 0.025958 seconds
  Import took 0.032714 seconds .

========================================================================
Received Import Request.
  Time since last request: 2.213720 seconds.
  path: Assets/Prefabs/Player.prefab
  artifactKey: Guid(e06eb20306ead3049ab48b33f685a2e8) Importer(815301076,1909f56bfc062723c751e8b465ee728b)
Start importing Assets/Prefabs/Player.prefab using Guid(e06eb20306ead3049ab48b33f685a2e8) Importer(815301076,1909f56bfc062723c751e8b465ee728b)  -> (artifact id: 'ee47747fae98fdaaa37c3ed6b0d7176d') in 0.009895 seconds
  Import took 0.016709 seconds .

========================================================================
Received Import Request.
  Time since last request: 3.987610 seconds.
  path: Assets/Prefabs/Player.prefab
  artifactKey: Guid(e06eb20306ead3049ab48b33f685a2e8) Importer(815301076,1909f56bfc062723c751e8b465ee728b)
Start importing Assets/Prefabs/Player.prefab using Guid(e06eb20306ead3049ab48b33f685a2e8) Importer(815301076,1909f56bfc062723c751e8b465ee728b)  -> (artifact id: '548ef1941986eb412d9c548fcce5df02') in 0.011213 seconds
  Import took 0.014949 seconds .

========================================================================
Received Import Request.
  Time since last request: 1.798241 seconds.
  path: Assets/Prefabs/Player.prefab
  artifactKey: Guid(e06eb20306ead3049ab48b33f685a2e8) Importer(815301076,1909f56bfc062723c751e8b465ee728b)
Start importing Assets/Prefabs/Player.prefab using Guid(e06eb20306ead3049ab48b33f685a2e8) Importer(815301076,1909f56bfc062723c751e8b465ee728b)  -> (artifact id: '6ee8e46ed074d0365e29020f2da59b2f') in 0.008739 seconds
  Import took 0.013055 seconds .

========================================================================
Received Import Request.
  Time since last request: 0.584406 seconds.
  path: Assets/Prefabs/Player.prefab
  artifactKey: Guid(e06eb20306ead3049ab48b33f685a2e8) Importer(815301076,1909f56bfc062723c751e8b465ee728b)
Start importing Assets/Prefabs/Player.prefab using Guid(e06eb20306ead3049ab48b33f685a2e8) Importer(815301076,1909f56bfc062723c751e8b465ee728b)  -> (artifact id: '44d3af7263d19f1b0c8424e8f0ae76c1') in 0.013117 seconds
  Import took 0.016472 seconds .

========================================================================
Received Import Request.
  Time since last request: 2.808258 seconds.
  path: Assets/Prefabs/Player.prefab
  artifactKey: Guid(e06eb20306ead3049ab48b33f685a2e8) Importer(815301076,1909f56bfc062723c751e8b465ee728b)
Start importing Assets/Prefabs/Player.prefab using Guid(e06eb20306ead3049ab48b33f685a2e8) Importer(815301076,1909f56bfc062723c751e8b465ee728b)  -> (artifact id: '745ae3e3619556f08b5fd41ab506f836') in 0.010349 seconds
  Import took 0.015012 seconds .

========================================================================
Received Import Request.
  Time since last request: 3.620403 seconds.
  path: Assets/Prefabs/Player.prefab
  artifactKey: Guid(e06eb20306ead3049ab48b33f685a2e8) Importer(815301076,1909f56bfc062723c751e8b465ee728b)
Start importing Assets/Prefabs/Player.prefab using Guid(e06eb20306ead3049ab48b33f685a2e8) Importer(815301076,1909f56bfc062723c751e8b465ee728b)  -> (artifact id: '205ba45389b9a24fc26fca484fecd395') in 0.008745 seconds
  Import took 0.030718 seconds .

========================================================================
Received Import Request.
  Time since last request: 1.374496 seconds.
  path: Assets/Prefabs/Player.prefab
  artifactKey: Guid(e06eb20306ead3049ab48b33f685a2e8) Importer(815301076,1909f56bfc062723c751e8b465ee728b)
Start importing Assets/Prefabs/Player.prefab using Guid(e06eb20306ead3049ab48b33f685a2e8) Importer(815301076,1909f56bfc062723c751e8b465ee728b)  -> (artifact id: '5de23b2df0dfb74269809244bef91145') in 0.008512 seconds
  Import took 0.012242 seconds .

========================================================================
Received Import Request.
  Time since last request: 10.060081 seconds.
  path: Assets/Prefabs/Player.prefab
  artifactKey: Guid(e06eb20306ead3049ab48b33f685a2e8) Importer(815301076,1909f56bfc062723c751e8b465ee728b)
Start importing Assets/Prefabs/Player.prefab using Guid(e06eb20306ead3049ab48b33f685a2e8) Importer(815301076,1909f56bfc062723c751e8b465ee728b)  -> (artifact id: 'e8309c84880b5aae8f95f2b7ad372c9c') in 0.010488 seconds
  Import took 0.015684 seconds .

========================================================================
Received Prepare
Registering precompiled user dll's ...
Registered in 0.000966 seconds.
Begin MonoManager ReloadAssembly
Native extension for WindowsStandalone target not found
Native extension for WebGL target not found
Refreshing native plugins compatible for Editor in 0.62 ms, found 1 plugins.
Preloading 0 native plugins for Editor in 0.00 ms.
Invoked RoslynAnalysisRunner static constructor.
RoslynAnalysisRunner will not be running.
RoslynAnalysisRunner has terminated.
Mono: successfully reloaded assembly
- Completed reload, in  0.785 seconds
Platform modules already initialized, skipping
Refreshing native plugins compatible for Editor in 0.36 ms, found 1 plugins.
Preloading 0 native plugins for Editor in 0.00 ms.
Unloading 1799 Unused Serialized files (Serialized files now loaded: 0)
System memory in use before: 88.1 MB.
System memory in use after: 88.0 MB.

Unloading 12 unused Assets to reduce memory usage. Loaded Objects now: 2325.
Total: 5.972800 ms (FindLiveObjects: 1.607300 ms CreateObjectMapping: 0.193300 ms MarkObjects: 4.017000 ms  DeleteObjects: 0.149900 ms)

========================================================================
Received Import Request.
  Time since last request: 264.412487 seconds.
  path: Assets/Prefabs/Player.prefab
  artifactKey: Guid(e06eb20306ead3049ab48b33f685a2e8) Importer(815301076,1909f56bfc062723c751e8b465ee728b)
Start importing Assets/Prefabs/Player.prefab using Guid(e06eb20306ead3049ab48b33f685a2e8) Importer(815301076,1909f56bfc062723c751e8b465ee728b)  -> (artifact id: 'c58d5c8f80a88c5a93710c87ee7bd6b0') in 0.060450 seconds
  Import took 0.064729 seconds .

========================================================================
Received Import Request.
  Time since last request: 7.700343 seconds.
  path: Assets/Prefabs/Player.prefab
  artifactKey: Guid(e06eb20306ead3049ab48b33f685a2e8) Importer(815301076,1909f56bfc062723c751e8b465ee728b)
Start importing Assets/Prefabs/Player.prefab using Guid(e06eb20306ead3049ab48b33f685a2e8) Importer(815301076,1909f56bfc062723c751e8b465ee728b)  -> (artifact id: 'f09a09c83937857ee6b671e0708adba4') in 0.019024 seconds
  Import took 0.023475 seconds .

========================================================================
Received Prepare
Registering precompiled user dll's ...
Registered in 0.000904 seconds.
Begin MonoManager ReloadAssembly
Native extension for WindowsStandalone target not found
Native extension for WebGL target not found
Refreshing native plugins compatible for Editor in 0.42 ms, found 1 plugins.
Preloading 0 native plugins for Editor in 0.00 ms.
Invoked RoslynAnalysisRunner static constructor.
RoslynAnalysisRunner will not be running.
RoslynAnalysisRunner has terminated.
Mono: successfully reloaded assembly
- Completed reload, in  0.876 seconds
Platform modules already initialized, skipping
Refreshing native plugins compatible for Editor in 1.49 ms, found 1 plugins.
Preloading 0 native plugins for Editor in 0.00 ms.
Unloading 1800 Unused Serialized files (Serialized files now loaded: 0)
System memory in use before: 88.1 MB.
System memory in use after: 88.1 MB.

Unloading 12 unused Assets to reduce memory usage. Loaded Objects now: 2330.
Total: 3.964400 ms (FindLiveObjects: 1.211100 ms CreateObjectMapping: 0.103200 ms MarkObjects: 2.518700 ms  DeleteObjects: 0.128100 ms)

========================================================================
Received Import Request.
  Time since last request: 101.784209 seconds.
  path: Assets/Scripts/SectionManager.cs
  artifactKey: Guid(e01c4aebc2305c544b7d29f8a4e12d80) Importer(815301076,1909f56bfc062723c751e8b465ee728b)
Start importing Assets/Scripts/SectionManager.cs using Guid(e01c4aebc2305c544b7d29f8a4e12d80) Importer(815301076,1909f56bfc062723c751e8b465ee728b)  -> (artifact id: '5a19f597a255da298eeb5539566e61c0') in 0.014254 seconds
  Import took 0.017738 seconds .

========================================================================
Received Prepare
Registering precompiled user dll's ...
Registered in 0.000745 seconds.
Begin MonoManager ReloadAssembly
Native extension for WindowsStandalone target not found
Native extension for WebGL target not found
Refreshing native plugins compatible for Editor in 0.94 ms, found 1 plugins.
Preloading 0 native plugins for Editor in 0.00 ms.
Invoked RoslynAnalysisRunner static constructor.
RoslynAnalysisRunner will not be running.
RoslynAnalysisRunner has terminated.
Mono: successfully reloaded assembly
- Completed reload, in  0.847 seconds
Platform modules already initialized, skipping
Refreshing native plugins compatible for Editor in 0.38 ms, found 1 plugins.
Preloading 0 native plugins for Editor in 0.00 ms.
Unloading 1800 Unused Serialized files (Serialized files now loaded: 0)
System memory in use before: 88.1 MB.
System memory in use after: 88.1 MB.

Unloading 12 unused Assets to reduce memory usage. Loaded Objects now: 2333.
Total: 4.607100 ms (FindLiveObjects: 1.099000 ms CreateObjectMapping: 0.295300 ms MarkObjects: 3.048600 ms  DeleteObjects: 0.161500 ms)

========================================================================
Received Prepare
Registering precompiled user dll's ...
Registered in 0.001693 seconds.
Begin MonoManager ReloadAssembly
Native extension for WindowsStandalone target not found
Native extension for WebGL target not found
Refreshing native plugins compatible for Editor in 0.37 ms, found 1 plugins.
Preloading 0 native plugins for Editor in 0.00 ms.
Invoked RoslynAnalysisRunner static constructor.
RoslynAnalysisRunner will not be running.
RoslynAnalysisRunner has terminated.
Mono: successfully reloaded assembly
- Completed reload, in  0.761 seconds
Platform modules already initialized, skipping
Refreshing native plugins compatible for Editor in 0.40 ms, found 1 plugins.
Preloading 0 native plugins for Editor in 0.00 ms.
Unloading 1800 Unused Serialized files (Serialized files now loaded: 0)
System memory in use before: 88.1 MB.
System memory in use after: 88.1 MB.

Unloading 12 unused Assets to reduce memory usage. Loaded Objects now: 2336.
Total: 2.142300 ms (FindLiveObjects: 0.220200 ms CreateObjectMapping: 0.047800 ms MarkObjects: 1.771700 ms  DeleteObjects: 0.101300 ms)

========================================================================
Received Import Request.
  Time since last request: 236.266369 seconds.
  path: Assets/Scripts/SectionManager.cs
  artifactKey: Guid(e01c4aebc2305c544b7d29f8a4e12d80) Importer(815301076,1909f56bfc062723c751e8b465ee728b)
Start importing Assets/Scripts/SectionManager.cs using Guid(e01c4aebc2305c544b7d29f8a4e12d80) Importer(815301076,1909f56bfc062723c751e8b465ee728b)  -> (artifact id: 'd7807ee61188fefed019a031d177c124') in 0.007622 seconds
  Import took 0.010376 seconds .

========================================================================
Received Prepare
Registering precompiled user dll's ...
Registered in 0.000743 seconds.
Begin MonoManager ReloadAssembly
Native extension for WindowsStandalone target not found
Native extension for WebGL target not found
Refreshing native plugins compatible for Editor in 0.46 ms, found 1 plugins.
Preloading 0 native plugins for Editor in 0.00 ms.
Invoked RoslynAnalysisRunner static constructor.
RoslynAnalysisRunner will not be running.
RoslynAnalysisRunner has terminated.
Mono: successfully reloaded assembly
- Completed reload, in  0.816 seconds
Platform modules already initialized, skipping
Refreshing native plugins compatible for Editor in 0.35 ms, found 1 plugins.
Preloading 0 native plugins for Editor in 0.00 ms.
Unloading 1800 Unused Serialized files (Serialized files now loaded: 0)
System memory in use before: 88.1 MB.
System memory in use after: 88.1 MB.

Unloading 12 unused Assets to reduce memory usage. Loaded Objects now: 2339.
Total: 1.820700 ms (FindLiveObjects: 0.240200 ms CreateObjectMapping: 0.042900 ms MarkObjects: 1.422100 ms  DeleteObjects: 0.114200 ms)

========================================================================
Received Prepare
Registering precompiled user dll's ...
Registered in 0.001119 seconds.
Begin MonoManager ReloadAssembly
Native extension for WindowsStandalone target not found
Native extension for WebGL target not found
Refreshing native plugins compatible for Editor in 0.49 ms, found 1 plugins.
Preloading 0 native plugins for Editor in 0.00 ms.
Invoked RoslynAnalysisRunner static constructor.
RoslynAnalysisRunner will not be running.
RoslynAnalysisRunner has terminated.
Mono: successfully reloaded assembly
- Completed reload, in  0.765 seconds
Platform modules already initialized, skipping
Refreshing native plugins compatible for Editor in 0.35 ms, found 1 plugins.
Preloading 0 native plugins for Editor in 0.00 ms.
Unloading 1800 Unused Serialized files (Serialized files now loaded: 0)
System memory in use before: 88.1 MB.
System memory in use after: 88.1 MB.

Unloading 12 unused Assets to reduce memory usage. Loaded Objects now: 2342.
Total: 2.136400 ms (FindLiveObjects: 0.252700 ms CreateObjectMapping: 0.041700 ms MarkObjects: 1.736100 ms  DeleteObjects: 0.104700 ms)

========================================================================
Received Prepare
Registering precompiled user dll's ...
Registered in 0.000768 seconds.
Begin MonoManager ReloadAssembly
Native extension for WindowsStandalone target not found
Native extension for WebGL target not found
Refreshing native plugins compatible for Editor in 0.36 ms, found 1 plugins.
Preloading 0 native plugins for Editor in 0.00 ms.
Invoked RoslynAnalysisRunner static constructor.
RoslynAnalysisRunner will not be running.
RoslynAnalysisRunner has terminated.
Mono: successfully reloaded assembly
- Completed reload, in  0.727 seconds
Platform modules already initialized, skipping
Refreshing native plugins compatible for Editor in 0.37 ms, found 1 plugins.
Preloading 0 native plugins for Editor in 0.00 ms.
Unloading 1800 Unused Serialized files (Serialized files now loaded: 0)
System memory in use before: 88.1 MB.
System memory in use after: 88.1 MB.

Unloading 12 unused Assets to reduce memory usage. Loaded Objects now: 2345.
Total: 2.467700 ms (FindLiveObjects: 0.293900 ms CreateObjectMapping: 0.043600 ms MarkObjects: 1.969900 ms  DeleteObjects: 0.159100 ms)

========================================================================
Received Import Request.
  Time since last request: 136.316824 seconds.
  path: Assets/Prefabs/Sections/Section3.prefab
  artifactKey: Guid(c03f4461a3c2c2342a3f89eeab295789) Importer(815301076,1909f56bfc062723c751e8b465ee728b)
Start importing Assets/Prefabs/Sections/Section3.prefab using Guid(c03f4461a3c2c2342a3f89eeab295789) Importer(815301076,1909f56bfc062723c751e8b465ee728b)  -> (artifact id: 'aae4721d2dba13d188630aa718a7c885') in 0.058428 seconds
  Import took 0.061722 seconds .

========================================================================
Received Import Request.
  Time since last request: 0.828529 seconds.
  path: Assets/Prefabs/Sections/Section3.prefab
  artifactKey: Guid(c03f4461a3c2c2342a3f89eeab295789) Importer(815301076,1909f56bfc062723c751e8b465ee728b)
Start importing Assets/Prefabs/Sections/Section3.prefab using Guid(c03f4461a3c2c2342a3f89eeab295789) Importer(815301076,1909f56bfc062723c751e8b465ee728b)  -> (artifact id: '2543ec99f7b1f5c06a8978522e239cad') in 0.018520 seconds
  Import took 0.046993 seconds .

========================================================================
Received Import Request.
  Time since last request: 0.753114 seconds.
  path: Assets/Prefabs/Sections/Section3.prefab
  artifactKey: Guid(c03f4461a3c2c2342a3f89eeab295789) Importer(815301076,1909f56bfc062723c751e8b465ee728b)
Start importing Assets/Prefabs/Sections/Section3.prefab using Guid(c03f4461a3c2c2342a3f89eeab295789) Importer(815301076,1909f56bfc062723c751e8b465ee728b)  -> (artifact id: 'fc4f8395b0e162ca0391bf3425831396') in 0.017249 seconds
  Import took 0.022883 seconds .

========================================================================
Received Import Request.
  Time since last request: 3.231238 seconds.
  path: Assets/Prefabs/Sections/Section3.prefab
  artifactKey: Guid(c03f4461a3c2c2342a3f89eeab295789) Importer(815301076,1909f56bfc062723c751e8b465ee728b)
Start importing Assets/Prefabs/Sections/Section3.prefab using Guid(c03f4461a3c2c2342a3f89eeab295789) Importer(815301076,1909f56bfc062723c751e8b465ee728b)  -> (artifact id: '6a09ba379133c9806474adcc390f1b0f') in 0.015268 seconds
  Import took 0.036404 seconds .

========================================================================
Received Prepare
Registering precompiled user dll's ...
Registered in 0.000795 seconds.
Begin MonoManager ReloadAssembly
Native extension for WindowsStandalone target not found
Native extension for WebGL target not found
Refreshing native plugins compatible for Editor in 0.41 ms, found 1 plugins.
Preloading 0 native plugins for Editor in 0.00 ms.
Invoked RoslynAnalysisRunner static constructor.
RoslynAnalysisRunner will not be running.
RoslynAnalysisRunner has terminated.
Mono: successfully reloaded assembly
- Completed reload, in  0.767 seconds
Platform modules already initialized, skipping
Refreshing native plugins compatible for Editor in 0.35 ms, found 1 plugins.
Preloading 0 native plugins for Editor in 0.00 ms.
Unloading 1800 Unused Serialized files (Serialized files now loaded: 0)
System memory in use before: 88.1 MB.
System memory in use after: 88.1 MB.

Unloading 12 unused Assets to reduce memory usage. Loaded Objects now: 2349.
Total: 2.791300 ms (FindLiveObjects: 0.421100 ms CreateObjectMapping: 0.056800 ms MarkObjects: 2.168100 ms  DeleteObjects: 0.144200 ms)

========================================================================
Received Prepare
Registering precompiled user dll's ...
Registered in 0.000894 seconds.
Begin MonoManager ReloadAssembly
Native extension for WindowsStandalone target not found
Native extension for WebGL target not found
Refreshing native plugins compatible for Editor in 0.35 ms, found 1 plugins.
Preloading 0 native plugins for Editor in 0.00 ms.
Invoked RoslynAnalysisRunner static constructor.
RoslynAnalysisRunner will not be running.
RoslynAnalysisRunner has terminated.
Mono: successfully reloaded assembly
- Completed reload, in  0.801 seconds
Platform modules already initialized, skipping
Refreshing native plugins compatible for Editor in 0.38 ms, found 1 plugins.
Preloading 0 native plugins for Editor in 0.00 ms.
Unloading 1800 Unused Serialized files (Serialized files now loaded: 0)
System memory in use before: 88.1 MB.
System memory in use after: 88.1 MB.

Unloading 12 unused Assets to reduce memory usage. Loaded Objects now: 2352.
Total: 4.418700 ms (FindLiveObjects: 1.249000 ms CreateObjectMapping: 0.176800 ms MarkObjects: 2.854400 ms  DeleteObjects: 0.134400 ms)

========================================================================
Received Import Request.
  Time since last request: 246.579818 seconds.
  path: Assets/Animations
  artifactKey: Guid(0ff21a39597eb7d49b424947d7b01ad0) Importer(815301076,1909f56bfc062723c751e8b465ee728b)
Start importing Assets/Animations using Guid(0ff21a39597eb7d49b424947d7b01ad0) Importer(815301076,1909f56bfc062723c751e8b465ee728b)  -> (artifact id: 'c73b00a9b8375131624ef6f386ddcf93') in 0.010053 seconds
  Import took 0.013570 seconds .

========================================================================
Received Import Request.
  Time since last request: 147.942411 seconds.
  path: Assets/Animations/NotPlayer.controller
  artifactKey: Guid(fa9dec81c6ed44b48839617a5fb3cf87) Importer(815301076,1909f56bfc062723c751e8b465ee728b)
Start importing Assets/Animations/NotPlayer.controller using Guid(fa9dec81c6ed44b48839617a5fb3cf87) Importer(815301076,1909f56bfc062723c751e8b465ee728b)  -> (artifact id: '22dc05807168b05d08b46ab1db763be4') in 0.013994 seconds
  Import took 0.018385 seconds .

========================================================================
Received Prepare
Registering precompiled user dll's ...
Registered in 0.000859 seconds.
Begin MonoManager ReloadAssembly
Native extension for WindowsStandalone target not found
Native extension for WebGL target not found
Refreshing native plugins compatible for Editor in 0.36 ms, found 1 plugins.
Preloading 0 native plugins for Editor in 0.00 ms.
Invoked RoslynAnalysisRunner static constructor.
RoslynAnalysisRunner will not be running.
RoslynAnalysisRunner has terminated.
Mono: successfully reloaded assembly
- Completed reload, in  0.795 seconds
Platform modules already initialized, skipping
Refreshing native plugins compatible for Editor in 0.39 ms, found 1 plugins.
Preloading 0 native plugins for Editor in 0.00 ms.
Unloading 1800 Unused Serialized files (Serialized files now loaded: 0)
System memory in use before: 88.2 MB.
System memory in use after: 88.1 MB.

Unloading 12 unused Assets to reduce memory usage. Loaded Objects now: 2355.
Total: 2.669200 ms (FindLiveObjects: 0.276700 ms CreateObjectMapping: 0.048200 ms MarkObjects: 2.161100 ms  DeleteObjects: 0.181500 ms)

========================================================================
Received Prepare
Registering precompiled user dll's ...
Registered in 0.002292 seconds.
Begin MonoManager ReloadAssembly
Native extension for WindowsStandalone target not found
Native extension for WebGL target not found
Refreshing native plugins compatible for Editor in 0.36 ms, found 1 plugins.
Preloading 0 native plugins for Editor in 0.00 ms.
Invoked RoslynAnalysisRunner static constructor.
RoslynAnalysisRunner will not be running.
RoslynAnalysisRunner has terminated.
Mono: successfully reloaded assembly
- Completed reload, in  0.778 seconds
Platform modules already initialized, skipping
Refreshing native plugins compatible for Editor in 0.37 ms, found 1 plugins.
Preloading 0 native plugins for Editor in 0.00 ms.
Unloading 1800 Unused Serialized files (Serialized files now loaded: 0)
System memory in use before: 88.2 MB.
System memory in use after: 88.1 MB.

Unloading 12 unused Assets to reduce memory usage. Loaded Objects now: 2358.
Total: 2.165600 ms (FindLiveObjects: 0.326000 ms CreateObjectMapping: 0.042100 ms MarkObjects: 1.679400 ms  DeleteObjects: 0.116300 ms)

========================================================================
Received Import Request.
  Time since last request: 187.960515 seconds.
  path: Assets/Animations/FlipUpsideDown.anim
  artifactKey: Guid(49613c5f11fbec34eaa40a887dcec2bf) Importer(815301076,1909f56bfc062723c751e8b465ee728b)
Start importing Assets/Animations/FlipUpsideDown.anim using Guid(49613c5f11fbec34eaa40a887dcec2bf) Importer(815301076,1909f56bfc062723c751e8b465ee728b)  -> (artifact id: '662004c9776b3027e96bd71197db51aa') in 0.022193 seconds
  Import took 0.025552 seconds .

========================================================================
Received Import Request.
  Time since last request: 2.324205 seconds.
  path: Assets/Animations/FlipRightSideUp.anim
  artifactKey: Guid(cf66ac68d370d664aae9444d85c20da1) Importer(815301076,1909f56bfc062723c751e8b465ee728b)
Start importing Assets/Animations/FlipRightSideUp.anim using Guid(cf66ac68d370d664aae9444d85c20da1) Importer(815301076,1909f56bfc062723c751e8b465ee728b)  -> (artifact id: '93346af62946df8c4c8dac9154a799d8') in 0.006634 seconds
  Import took 0.009618 seconds .

========================================================================
Received Prepare
Registering precompiled user dll's ...
Registered in 0.000877 seconds.
Begin MonoManager ReloadAssembly
Native extension for WindowsStandalone target not found
Native extension for WebGL target not found
Refreshing native plugins compatible for Editor in 0.36 ms, found 1 plugins.
Preloading 0 native plugins for Editor in 0.00 ms.
Invoked RoslynAnalysisRunner static constructor.
RoslynAnalysisRunner will not be running.
RoslynAnalysisRunner has terminated.
Mono: successfully reloaded assembly
- Completed reload, in  0.794 seconds
Platform modules already initialized, skipping
Refreshing native plugins compatible for Editor in 0.36 ms, found 1 plugins.
Preloading 0 native plugins for Editor in 0.00 ms.
Unloading 1800 Unused Serialized files (Serialized files now loaded: 0)
System memory in use before: 88.2 MB.
System memory in use after: 88.2 MB.

Unloading 12 unused Assets to reduce memory usage. Loaded Objects now: 2361.
Total: 1.977900 ms (FindLiveObjects: 0.260000 ms CreateObjectMapping: 0.041600 ms MarkObjects: 1.574400 ms  DeleteObjects: 0.100800 ms)

========================================================================
Received Prepare
Registering precompiled user dll's ...
Registered in 0.000761 seconds.
Begin MonoManager ReloadAssembly
Native extension for WindowsStandalone target not found
Native extension for WebGL target not found
Refreshing native plugins compatible for Editor in 0.36 ms, found 1 plugins.
Preloading 0 native plugins for Editor in 0.00 ms.
Invoked RoslynAnalysisRunner static constructor.
RoslynAnalysisRunner will not be running.
RoslynAnalysisRunner has terminated.
Mono: successfully reloaded assembly
- Completed reload, in  0.706 seconds
Platform modules already initialized, skipping
Refreshing native plugins compatible for Editor in 0.43 ms, found 1 plugins.
Preloading 0 native plugins for Editor in 0.00 ms.
Unloading 1800 Unused Serialized files (Serialized files now loaded: 0)
System memory in use before: 88.2 MB.
System memory in use after: 88.2 MB.

Unloading 12 unused Assets to reduce memory usage. Loaded Objects now: 2364.
Total: 2.732400 ms (FindLiveObjects: 0.415000 ms CreateObjectMapping: 0.054700 ms MarkObjects: 2.089600 ms  DeleteObjects: 0.171300 ms)

========================================================================
Received Import Request.
  Time since last request: 71.319134 seconds.
  path: Assets/Animations/FlipRightSideUp.anim
  artifactKey: Guid(cf66ac68d370d664aae9444d85c20da1) Importer(815301076,1909f56bfc062723c751e8b465ee728b)
Start importing Assets/Animations/FlipRightSideUp.anim using Guid(cf66ac68d370d664aae9444d85c20da1) Importer(815301076,1909f56bfc062723c751e8b465ee728b)  -> (artifact id: '1af0d66ff94646234ffa7f5f7a76b575') in 0.010861 seconds
  Import took 0.013815 seconds .

AssetImportWorkerClient::OnTransportError - code=2 error=End of file
